2023-07-23_07:56:49 pid:1625795; INFO: [cmd_runner_sub_proc.py:12 -                  <module>() ] Starting cmd_runner_sub_proc: ['cmd_runner_sub_proc.py', '1.json']
2023-07-23_07:56:49 pid:1625795; INFO: [cmd_runner_sub_proc.py:22 -                  <module>() ] Running cmd: {'cmd_id': 'zzz', 'timeout': '7', 'command': 'echo "`date` start" ; sleep 5 ; echo "`date` end"'}
2023-07-23_07:56:54 pid:1625795; INFO: [cmd_runner_sub_proc.py:41 -                  <module>() ] Finished cmd_id: zzz, exit code: 0
2023-07-23_07:58:15 pid:1625848; INFO: [cmd_runner_sub_proc.py:12 -                  <module>() ] Starting cmd_runner_sub_proc: ['cmd_runner_sub_proc.py', '1.json']
2023-07-23_07:58:15 pid:1625848; INFO: [cmd_runner_sub_proc.py:22 -                  <module>() ] Running cmd: {'cmd_id': 'zzz', 'timeout': '7', 'command': 'echo "`date` start" ; sleep 5 ; echo "`date` end"'}
2023-07-23_07:58:20 pid:1625848; INFO: [cmd_runner_sub_proc.py:41 -                  <module>() ] Finished cmd_id: zzz, exit code: 0
2023-07-23_08:06:49 pid:1626108; INFO: [cmd_runner_sub_proc.py:12 -                  <module>() ] Starting cmd_runner_sub_proc: ['cmd_runner_sub_proc.py', '1.json']
2023-07-23_08:06:49 pid:1626108; INFO: [cmd_runner_sub_proc.py:22 -                  <module>() ] Running cmd: {'cmd_id': 'zzz', 'timeout': '7', 'command': 'echo "`date` start" ; sleep 5 ; echo "`date` end"'}
2023-07-23_08:06:54 pid:1626108; INFO: [cmd_runner_sub_proc.py:41 -                  <module>() ] Finished cmd_id: zzz, exit code: 0
2023-07-23_08:42:36 pid:1628531; INFO: [cmd_runner_sub_proc.py:12 -                  <module>() ] Starting cmd_runner_sub_proc: ['cmd_runner_sub_proc.py', '1.json']
2023-07-23_08:42:36 pid:1628531; INFO: [cmd_runner_sub_proc.py:22 -                  <module>() ] Running cmd: {'cmd_id': 'zzz', 'timeout': '7', 'command': 'echo "`date` start" ; sleep 5 ; echo "`date` end"'}
2023-07-23_08:42:41 pid:1628531; INFO: [cmd_runner_sub_proc.py:41 -                  <module>() ] Finished cmd_id: zzz, exit code: 0
2023-07-23_08:43:56 pid:1628711; INFO: [cmd_runner_sub_proc.py:12 -                  <module>() ] Starting cmd_runner_sub_proc: ['cmd_runner_sub_proc.py', '2.json']
2023-07-23_08:43:56 pid:1628711; INFO: [cmd_runner_sub_proc.py:22 -                  <module>() ] Running cmd: {'cmd_id': 'xxx', 'timeout': '7', 'command': 'echo "`date` start" ; sleep 5 ; echo "`date` end"'}
2023-07-23_08:44:01 pid:1628711; INFO: [cmd_runner_sub_proc.py:41 -                  <module>() ] Finished cmd_id: xxx, exit code: 0
2023-07-23_10:29:10 pid:1643010; INFO: [cmd_runner_sub_proc.py:12 -                  <module>() ] Starting cmd_runner_sub_proc: ['cmd_runner_sub_proc.py', '4.json']
2023-07-23_10:29:10 pid:1643010; INFO: [cmd_runner_sub_proc.py:22 -                  <module>() ] Running cmd: {'cmd_id': 'xxx', 'timeout': '3', 'command': 'echo "`date` start" ; sleep 5 ; echo "`date` end"'}
2023-07-23_10:29:13 pid:1643010; INFO: [cmd_runner_sub_proc.py:41 -                  <module>() ] Finished cmd_id: xxx, exit code: 124
2023-07-23_11:58:18.780 pid:1650864; INFO: [cmd_runner_sub_proc.py:12 -                  <module>() ] Starting cmd_runner_sub_proc: ['cmd_runner_sub_proc.py', '2023-07-23_11:58:18.681652.json']
2023-07-23_11:58:18.790 pid:1650864; INFO: [cmd_runner_sub_proc.py:22 -                  <module>() ] Running cmd: {'timeout': '10', 'cmd_id': '2023-07-23_11:58:18.681652', 'cmd': 'echo "lello date da"'}
Traceback (most recent call last):
  File "cmd_runner_sub_proc.py", line 27, in <module>
    bash_file.write(cmd["command"])
KeyError: 'command'
2023-07-23_12:00:02.709 pid:1651045; INFO: [cmd_runner_sub_proc.py:12 -                  <module>() ] Starting cmd_runner_sub_proc: ['cmd_runner_sub_proc.py', '2023-07-23_12:00:02.607754.json']
2023-07-23_12:00:02.732 pid:1651045; INFO: [cmd_runner_sub_proc.py:22 -                  <module>() ] Running cmd: {'timeout': '10', 'cmd_id': '2023-07-23_12:00:02.607754', 'command': 'echo "lello date da"'}
2023-07-23_12:00:02.749 pid:1651045; INFO: [cmd_runner_sub_proc.py:41 -                  <module>() ] Finished cmd_id: 2023-07-23_12:00:02.607754, exit code: 0
2023-07-23_12:00:44.149 pid:1651184; INFO: [cmd_runner_sub_proc.py:12 -                  <module>() ] Starting cmd_runner_sub_proc: ['cmd_runner_sub_proc.py', '2023-07-23_12:00:44.050020.json']
2023-07-23_12:00:44.159 pid:1651184; INFO: [cmd_runner_sub_proc.py:22 -                  <module>() ] Running cmd: {'timeout': '10', 'cmd_id': '2023-07-23_12:00:44.050020', 'command': 'echo "lello date da"'}
2023-07-23_12:00:44.168 pid:1651184; INFO: [cmd_runner_sub_proc.py:41 -                  <module>() ] Finished cmd_id: 2023-07-23_12:00:44.050020, exit code: 0
2023-07-23_12:01:09.803 pid:1651195; INFO: [cmd_runner_sub_proc.py:12 -                  <module>() ] Starting cmd_runner_sub_proc: ['cmd_runner_sub_proc.py', '2023-07-23_12:01:09.703112.json']
2023-07-23_12:01:09.812 pid:1651195; INFO: [cmd_runner_sub_proc.py:22 -                  <module>() ] Running cmd: {'timeout': '10', 'cmd_id': '2023-07-23_12:01:09.703112', 'command': 'echo "lello date da";exit 1'}
2023-07-23_12:01:09.821 pid:1651195; INFO: [cmd_runner_sub_proc.py:41 -                  <module>() ] Finished cmd_id: 2023-07-23_12:01:09.703112, exit code: 1
2023-07-23_12:02:03.423 pid:1651229; INFO: [cmd_runner_sub_proc.py:12 -                  <module>() ] Starting cmd_runner_sub_proc: ['cmd_runner_sub_proc.py', '2023-07-23_12:02:03.320263.json']
2023-07-23_12:02:03.432 pid:1651229; INFO: [cmd_runner_sub_proc.py:22 -                  <module>() ] Running cmd: {'timeout': '10', 'cmd_id': '2023-07-23_12:02:03.320263', 'command': 'ls -lrt'}
2023-07-23_12:02:03.444 pid:1651229; INFO: [cmd_runner_sub_proc.py:41 -                  <module>() ] Finished cmd_id: 2023-07-23_12:02:03.320263, exit code: 0
2023-07-23_12:02:28.532 pid:1651240; INFO: [cmd_runner_sub_proc.py:12 -                  <module>() ] Starting cmd_runner_sub_proc: ['cmd_runner_sub_proc.py', '2023-07-23_12:02:28.433632.json']
2023-07-23_12:02:28.541 pid:1651240; INFO: [cmd_runner_sub_proc.py:22 -                  <module>() ] Running cmd: {'timeout': '10', 'cmd_id': '2023-07-23_12:02:28.433632', 'command': 'ls -lrt ../'}
2023-07-23_12:02:28.554 pid:1651240; INFO: [cmd_runner_sub_proc.py:41 -                  <module>() ] Finished cmd_id: 2023-07-23_12:02:28.433632, exit code: 0
2023-07-23_12:02:43.669 pid:1651251; INFO: [cmd_runner_sub_proc.py:12 -                  <module>() ] Starting cmd_runner_sub_proc: ['cmd_runner_sub_proc.py', '2023-07-23_12:02:43.567585.json']
2023-07-23_12:02:43.678 pid:1651251; INFO: [cmd_runner_sub_proc.py:22 -                  <module>() ] Running cmd: {'timeout': '10', 'cmd_id': '2023-07-23_12:02:43.567585', 'command': 'df -h'}
2023-07-23_12:02:43.692 pid:1651251; INFO: [cmd_runner_sub_proc.py:41 -                  <module>() ] Finished cmd_id: 2023-07-23_12:02:43.567585, exit code: 0
2023-07-23_12:03:02.781 pid:1651263; INFO: [cmd_runner_sub_proc.py:12 -                  <module>() ] Starting cmd_runner_sub_proc: ['cmd_runner_sub_proc.py', '2023-07-23_12:03:02.648248.json']
2023-07-23_12:03:02.790 pid:1651263; INFO: [cmd_runner_sub_proc.py:22 -                  <module>() ] Running cmd: {'timeout': '3', 'cmd_id': '2023-07-23_12:03:02.648248', 'command': 'top'}
2023-07-23_12:03:02.812 pid:1651263; INFO: [cmd_runner_sub_proc.py:41 -                  <module>() ] Finished cmd_id: 2023-07-23_12:03:02.648248, exit code: 1
2023-07-23_12:03:22.100 pid:1651274; INFO: [cmd_runner_sub_proc.py:12 -                  <module>() ] Starting cmd_runner_sub_proc: ['cmd_runner_sub_proc.py', '2023-07-23_12:03:22.001731.json']
2023-07-23_12:03:22.109 pid:1651274; INFO: [cmd_runner_sub_proc.py:22 -                  <module>() ] Running cmd: {'timeout': '3', 'cmd_id': '2023-07-23_12:03:22.001731', 'command': 'top -d'}
2023-07-23_12:03:22.123 pid:1651274; INFO: [cmd_runner_sub_proc.py:41 -                  <module>() ] Finished cmd_id: 2023-07-23_12:03:22.001731, exit code: 1
2023-07-23_12:03:56.428 pid:1651370; INFO: [cmd_runner_sub_proc.py:12 -                  <module>() ] Starting cmd_runner_sub_proc: ['cmd_runner_sub_proc.py', '2023-07-23_12:03:56.327507.json']
2023-07-23_12:03:56.438 pid:1651370; INFO: [cmd_runner_sub_proc.py:22 -                  <module>() ] Running cmd: {'timeout': '3', 'cmd_id': '2023-07-23_12:03:56.327507', 'command': 'top -b'}
2023-07-23_12:03:59.445 pid:1651370; INFO: [cmd_runner_sub_proc.py:41 -                  <module>() ] Finished cmd_id: 2023-07-23_12:03:56.327507, exit code: 124
2023-07-23_12:14:44.551 pid:1651785; INFO: [cmd_runner_sub_proc.py:12 -                  <module>() ] Starting cmd_runner_sub_proc: ['cmd_runner_sub_proc.py', '2023-07-23_12:14:44.433444.json']
2023-07-23_12:14:44.560 pid:1651785; INFO: [cmd_runner_sub_proc.py:22 -                  <module>() ] Running cmd: {'timeout': '2', 'cmd_id': '2023-07-23_12:14:44.433444', 'command': 'top -b'}
2023-07-23_12:14:46.566 pid:1651785; INFO: [cmd_runner_sub_proc.py:41 -                  <module>() ] Finished cmd_id: 2023-07-23_12:14:44.433444, exit code: 124
2023-07-23_12:15:35.720 pid:1651931; INFO: [cmd_runner_sub_proc.py:12 -                  <module>() ] Starting cmd_runner_sub_proc: ['cmd_runner_sub_proc.py', '2023-07-23_12:15:35.623154.json']
2023-07-23_12:15:35.729 pid:1651931; INFO: [cmd_runner_sub_proc.py:22 -                  <module>() ] Running cmd: {'timeout': '3', 'cmd_id': '2023-07-23_12:15:35.623154', 'command': 'top -b'}
2023-07-23_12:15:38.735 pid:1651931; INFO: [cmd_runner_sub_proc.py:41 -                  <module>() ] Finished cmd_id: 2023-07-23_12:15:35.623154, exit code: 124
2023-07-23_12:16:21.992 pid:1651957; INFO: [cmd_runner_sub_proc.py:12 -                  <module>() ] Starting cmd_runner_sub_proc: ['cmd_runner_sub_proc.py', '2023-07-23_12:16:21.891780.json']
2023-07-23_12:16:22.002 pid:1651957; INFO: [cmd_runner_sub_proc.py:22 -                  <module>() ] Running cmd: {'timeout': '3', 'cmd_id': '2023-07-23_12:16:21.891780', 'command': 'top -b|head -4'}
2023-07-23_12:16:22.189 pid:1651957; INFO: [cmd_runner_sub_proc.py:41 -                  <module>() ] Finished cmd_id: 2023-07-23_12:16:21.891780, exit code: 0
2023-07-23_12:44:10.969 pid:1652774; INFO: [cmd_runner_sub_proc.py:12 -                  <module>() ] Starting cmd_runner_sub_proc: ['cmd_runner_sub_proc.py', '2023-07-23_12:44:10.867072.json']
2023-07-23_12:44:10.978 pid:1652774; INFO: [cmd_runner_sub_proc.py:22 -                  <module>() ] Running cmd: {'timeout': '3', 'cmd_id': '2023-07-23_12:44:10.867072', 'command': 'ps -rf | grep ssh'}
2023-07-23_12:44:11.011 pid:1652774; INFO: [cmd_runner_sub_proc.py:41 -                  <module>() ] Finished cmd_id: 2023-07-23_12:44:10.867072, exit code: 1
2023-07-23_12:44:12.335 pid:1652780; INFO: [cmd_runner_sub_proc.py:12 -                  <module>() ] Starting cmd_runner_sub_proc: ['cmd_runner_sub_proc.py', '2023-07-23_12:44:12.241054.json']
2023-07-23_12:44:12.344 pid:1652780; INFO: [cmd_runner_sub_proc.py:22 -                  <module>() ] Running cmd: {'timeout': '3', 'cmd_id': '2023-07-23_12:44:12.241054', 'command': 'ps -rf | grep ssh'}
2023-07-23_12:44:12.374 pid:1652780; INFO: [cmd_runner_sub_proc.py:41 -                  <module>() ] Finished cmd_id: 2023-07-23_12:44:12.241054, exit code: 1
2023-07-23_12:44:24.151 pid:1652794; INFO: [cmd_runner_sub_proc.py:12 -                  <module>() ] Starting cmd_runner_sub_proc: ['cmd_runner_sub_proc.py', '2023-07-23_12:44:24.052356.json']
2023-07-23_12:44:24.160 pid:1652794; INFO: [cmd_runner_sub_proc.py:22 -                  <module>() ] Running cmd: {'timeout': '3', 'cmd_id': '2023-07-23_12:44:24.052356', 'command': 'ps -rf | grep ssh'}
2023-07-23_12:44:24.190 pid:1652794; INFO: [cmd_runner_sub_proc.py:41 -                  <module>() ] Finished cmd_id: 2023-07-23_12:44:24.052356, exit code: 1
2023-07-23_12:44:39.666 pid:1652803; INFO: [cmd_runner_sub_proc.py:12 -                  <module>() ] Starting cmd_runner_sub_proc: ['cmd_runner_sub_proc.py', '2023-07-23_12:44:39.569310.json']
2023-07-23_12:44:39.675 pid:1652803; INFO: [cmd_runner_sub_proc.py:22 -                  <module>() ] Running cmd: {'timeout': '3', 'cmd_id': '2023-07-23_12:44:39.569310', 'command': 'ps -ef | grep ssh'}
2023-07-23_12:44:39.711 pid:1652803; INFO: [cmd_runner_sub_proc.py:41 -                  <module>() ] Finished cmd_id: 2023-07-23_12:44:39.569310, exit code: 0
2023-07-23_13:11:35.685 pid:1654705; INFO: [cmd_runner_sub_proc.py:12 -                  <module>() ] Starting cmd_runner_sub_proc: ['cmd_runner_sub_proc.py', '2023-07-23_13:11:35.581160.json']
2023-07-23_13:11:35.695 pid:1654705; INFO: [cmd_runner_sub_proc.py:22 -                  <module>() ] Running cmd: {'timeout': '3', 'cmd_id': '2023-07-23_13:11:35.581160', 'command': 'sshpass -p pass1234 ssh -o "StrictHostKeyChecking no" -\nR 0.0.0.0:8888:localhost:22 invaeg_bm_1@192.168.1.250'}
2023-07-23_13:11:35.718 pid:1654705; INFO: [cmd_runner_sub_proc.py:41 -                  <module>() ] Finished cmd_id: 2023-07-23_13:11:35.581160, exit code: 127
2023-07-23_13:20:02.134 pid:1654947; INFO: [cmd_runner_sub_proc.py:12 -                  <module>() ] Starting cmd_runner_sub_proc: ['cmd_runner_sub_proc.py', '2023-07-23_13:20:02.033830.json']
2023-07-23_13:20:02.143 pid:1654947; INFO: [cmd_runner_sub_proc.py:22 -                  <module>() ] Running cmd: {'timeout': '3', 'cmd_id': '2023-07-23_13:20:02.033830', 'command': 'echo ssh-rsa AAAAB3NzaC1yc2EAAAADAQABAAABgQDj2lB82NnW3MkyEq5vk7U41+RPW3mvyxU2HO6GPvxGoofAlYcHw1Sj/vLmNURvKrl/7iFTs9dSL2ZfBxEh4xYw3YH3NDHdReZJprkr4wniki8Ob8Ak7Pk+I653ajBq4Mtk2smcShxjNPohm8IClHalR48G/WkLco6yyX2eZlIxkGap8Ko0unN6PpkiWy0dH/zOOWhB1ybxrSFrE+jRK6Gk2lEXCNRzwKSLv1Fo6RfBmAeW8OJK6k5HimzWMAl6J91uvr5VlWJqK6dvu3ihNuyrOh3nR+NRfw0S6XmORHvSDO3twa32k87IV1e+Yg0zBs89z4Qy2vAVG0Q9avHyuk3hq/aBdOMrxZo4IBNxpX6T8qXJKX32xvYPh7WLpMRKVsvOcPaCKIKxYCCGQyIoS1dNclOI57ZJ6gR2M3pLprcg8vjNQAULfiQlO6DR8doyF38cgXGKem6Hvc95aNUP83Bjrq+pkv+bq6/vofnVVmM2uevUPvuebGk4aLb35MfGo+E= invaeg_bm_1@invaeg-bm-1-Compaq-Presario-C700 >> /home/invaeg_bm_1/.ssh/authorized_keys'}
2023-07-23_13:20:02.152 pid:1654947; INFO: [cmd_runner_sub_proc.py:41 -                  <module>() ] Finished cmd_id: 2023-07-23_13:20:02.033830, exit code: 0
2023-07-23_13:24:40.661 pid:1655187; INFO: [cmd_runner_sub_proc.py:12 -                  <module>() ] Starting cmd_runner_sub_proc: ['cmd_runner_sub_proc.py', '2023-07-23_13:24:40.544950.json']
2023-07-23_13:24:40.670 pid:1655187; INFO: [cmd_runner_sub_proc.py:22 -                  <module>() ] Running cmd: {'timeout': '3', 'cmd_id': '2023-07-23_13:24:40.544950', 'command': 'echo ssh-rsa AAAAB3NzaC1yc2EAAAADAQABAAABgQDj2lB82NnW3MkyEq5vk7U41+RPW3mvyxU2HO6GPvxGoofAlYcHw1Sj/vLmNURvKrl/7iFTs9dSL2ZfBxEh4xYw3YH3NDHdReZJprkr4wniki8Ob8Ak7Pk+I653ajBq4Mtk2smcShxjNPohm8IClHalR48G/WkLco6yyX2eZlIxkGap8Ko0unN6PpkiWy0dH/zOOWhB1ybxrSFrE+jRK6Gk2lEXCNRzwKSLv1Fo6RfBmAeW8OJK6k5HimzWMAl6J91uvr5VlWJqK6dvu3ihNuyrOh3nR+NRfw0S6XmORHvSDO3twa32k87IV1e+Yg0zBs89z4Qy2vAVG0Q9avHyuk3hq/aBdOMrxZo4IBNxpX6T8qXJKX32xvYPh7WLpMRKVsvOcPaCKIKxYCCGQyIoS1dNclOI57ZJ6gR2M3pLprcg8vjNQAULfiQlO6DR8doyF38cgXGKem6Hvc95aNUP83Bjrq+pkv+bq6/vofnVVmM2uevUPvuebGk4aLb35MfGo+E= invaeg_bm_1@invaeg-bm-1-Compaq-Presario-C700 >> /home/invaeg_bm_1/.ssh/authorized_keys'}
2023-07-23_13:24:40.679 pid:1655187; INFO: [cmd_runner_sub_proc.py:41 -                  <module>() ] Finished cmd_id: 2023-07-23_13:24:40.544950, exit code: 0
2023-07-23_13:27:37.173 pid:1655386; INFO: [cmd_runner_sub_proc.py:12 -                  <module>() ] Starting cmd_runner_sub_proc: ['cmd_runner_sub_proc.py', '2023-07-23_13:27:37.074462.json']
2023-07-23_13:27:37.183 pid:1655386; INFO: [cmd_runner_sub_proc.py:22 -                  <module>() ] Running cmd: {'timeout': '3', 'cmd_id': '2023-07-23_13:27:37.074462', 'command': 'echo ssh-rsa AAAAB3NzaC1yc2EAAAADAQABAAABgQDj2lB82NnW3MkyEq5vk7U41+RPW3mvyxU2HO6GPvxGoofAlYcHw1Sj/vLmNURvKrl/7iFTs9dSL2ZfBxEh4xYw3YH3NDHdReZJprkr4wniki8Ob8Ak7Pk+I653ajBq4Mtk2smcShxjNPohm8IClHalR48G/WkLco6yyX2eZlIxkGap8Ko0unN6PpkiWy0dH/zOOWhB1ybxrSFrE+jRK6Gk2lEXCNRzwKSLv1Fo6RfBmAeW8OJK6k5HimzWMAl6J91uvr5VlWJqK6dvu3ihNuyrOh3nR+NRfw0S6XmORHvSDO3twa32k87IV1e+Yg0zBs89z4Qy2vAVG0Q9avHyuk3hq/aBdOMrxZo4IBNxpX6T8qXJKX32xvYPh7WLpMRKVsvOcPaCKIKxYCCGQyIoS1dNclOI57ZJ6gR2M3pLprcg8vjNQAULfiQlO6DR8doyF38cgXGKem6Hvc95aNUP83Bjrq+pkv+bq6/vofnVVmM2uevUPvuebGk4aLb35MfGo+E= invaeg_bm_1@invaeg-bm-1-Compaq-Presario-C700 >> /home/invaeg_bm_1/.ssh/authorized_keys'}
2023-07-23_13:27:37.192 pid:1655386; INFO: [cmd_runner_sub_proc.py:41 -                  <module>() ] Finished cmd_id: 2023-07-23_13:27:37.074462, exit code: 0
2023-07-23_13:28:37.186 pid:1655531; INFO: [cmd_runner_sub_proc.py:12 -                  <module>() ] Starting cmd_runner_sub_proc: ['cmd_runner_sub_proc.py', '2023-07-23_13:28:37.076349.json']
2023-07-23_13:28:37.195 pid:1655531; INFO: [cmd_runner_sub_proc.py:22 -                  <module>() ] Running cmd: {'timeout': '3', 'cmd_id': '2023-07-23_13:28:37.076349', 'command': 'echo ssh-rsa AAAAB3NzaC1yc2EAAAADAQABAAABgQDj2lB82NnW3MkyEq5vk7U41+RPW3mvyxU2HO6GPvxGoofAlYcHw1Sj/vLmNURvKrl/7iFTs9dSL2ZfBxEh4xYw3YH3NDHdReZJprkr4wniki8Ob8Ak7Pk+I653ajBq4Mtk2smcShxjNPohm8IClHalR48G/WkLco6yyX2eZlIxkGap8Ko0unN6PpkiWy0dH/zOOWhB1ybxrSFrE+jRK6Gk2lEXCNRzwKSLv1Fo6RfBmAeW8OJK6k5HimzWMAl6J91uvr5VlWJqK6dvu3ihNuyrOh3nR+NRfw0S6XmORHvSDO3twa32k87IV1e+Yg0zBs89z4Qy2vAVG0Q9avHyuk3hq/aBdOMrxZo4IBNxpX6T8qXJKX32xvYPh7WLpMRKVsvOcPaCKIKxYCCGQyIoS1dNclOI57ZJ6gR2M3pLprcg8vjNQAULfiQlO6DR8doyF38cgXGKem6Hvc95aNUP83Bjrq+pkv+bq6/vofnVVmM2uevUPvuebGk4aLb35MfGo+E= invaeg_bm_1@invaeg-bm-1-Compaq-Presario-C700 >> /home/invaeg_bm_1/.ssh/authorized_keys'}
2023-07-23_13:28:37.204 pid:1655531; INFO: [cmd_runner_sub_proc.py:41 -                  <module>() ] Finished cmd_id: 2023-07-23_13:28:37.076349, exit code: 0
2023-07-23_13:30:31.041 pid:1655784; INFO: [cmd_runner_sub_proc.py:12 -                  <module>() ] Starting cmd_runner_sub_proc: ['cmd_runner_sub_proc.py', '2023-07-23_13:30:30.928395.json']
2023-07-23_13:30:31.051 pid:1655784; INFO: [cmd_runner_sub_proc.py:22 -                  <module>() ] Running cmd: {'timeout': '3', 'cmd_id': '2023-07-23_13:30:30.928395', 'command': 'echo ssh-rsa AAAAB3NzaC1yc2EAAAADAQABAAABgQDj2lB82NnW3MkyEq5vk7U41+RPW3mvyxU2HO6GPvxGoofAlYcHw1Sj/vLmNURvKrl/7iFTs9dSL2ZfBxEh4xYw3YH3NDHdReZJprkr4wniki8Ob8Ak7Pk+I653ajBq4Mtk2smcShxjNPohm8IClHalR48G/WkLco6yyX2eZlIxkGap8Ko0unN6PpkiWy0dH/zOOWhB1ybxrSFrE+jRK6Gk2lEXCNRzwKSLv1Fo6RfBmAeW8OJK6k5HimzWMAl6J91uvr5VlWJqK6dvu3ihNuyrOh3nR+NRfw0S6XmORHvSDO3twa32k87IV1e+Yg0zBs89z4Qy2vAVG0Q9avHyuk3hq/aBdOMrxZo4IBNxpX6T8qXJKX32xvYPh7WLpMRKVsvOcPaCKIKxYCCGQyIoS1dNclOI57ZJ6gR2M3pLprcg8vjNQAULfiQlO6DR8doyF38cgXGKem6Hvc95aNUP83Bjrq+pkv+bq6/vofnVVmM2uevUPvuebGk4aLb35MfGo+E= invaeg_bm_1@invaeg-bm-1-Compaq-Presario-C700 >> /home/invaeg_bm_1/.ssh/authorized_keys'}
2023-07-23_13:30:31.061 pid:1655784; INFO: [cmd_runner_sub_proc.py:41 -                  <module>() ] Finished cmd_id: 2023-07-23_13:30:30.928395, exit code: 0
2023-07-23_13:32:40.508 pid:1655970; INFO: [cmd_runner_sub_proc.py:12 -                  <module>() ] Starting cmd_runner_sub_proc: ['cmd_runner_sub_proc.py', '2023-07-23_13:32:40.409716.json']
2023-07-23_13:32:40.517 pid:1655970; INFO: [cmd_runner_sub_proc.py:22 -                  <module>() ] Running cmd: {'timeout': '3', 'cmd_id': '2023-07-23_13:32:40.409716', 'command': 'ssh -p 22 -o "StrictHostKeyChecking no" -\nR 0.0.0.0:8888:localhost:22 invaeg_bm_1@192.168.1.250'}
2023-07-23_13:32:40.537 pid:1655970; INFO: [cmd_runner_sub_proc.py:41 -                  <module>() ] Finished cmd_id: 2023-07-23_13:32:40.409716, exit code: 127
2023-07-23_13:33:45.782 pid:1656015; INFO: [cmd_runner_sub_proc.py:12 -                  <module>() ] Starting cmd_runner_sub_proc: ['cmd_runner_sub_proc.py', '2023-07-23_13:33:45.682644.json']
2023-07-23_13:33:45.791 pid:1656015; INFO: [cmd_runner_sub_proc.py:22 -                  <module>() ] Running cmd: {'timeout': '3', 'cmd_id': '2023-07-23_13:33:45.682644', 'command': 'ssh -p 22 -o "StrictHostKeyChecking no" -R 0.0.0.0:8888:localhost:22 invaeg_bm_1@192.168.1.250'}
2023-07-23_13:33:45.931 pid:1656015; INFO: [cmd_runner_sub_proc.py:41 -                  <module>() ] Finished cmd_id: 2023-07-23_13:33:45.682644, exit code: 255
2023-07-23_13:34:28.634 pid:1656034; INFO: [cmd_runner_sub_proc.py:12 -                  <module>() ] Starting cmd_runner_sub_proc: ['cmd_runner_sub_proc.py', '2023-07-23_13:34:28.531040.json']
2023-07-23_13:34:28.643 pid:1656034; INFO: [cmd_runner_sub_proc.py:22 -                  <module>() ] Running cmd: {'timeout': '3', 'cmd_id': '2023-07-23_13:34:28.531040', 'command': 'echo ssh-rsa AAAAB3NzaC1yc2EAAAADAQABAAABgQDj2lB82NnW3MkyEq5vk7U41+RPW3mvyxU2HO6GPvxGoofAlYcHw1Sj/vLmNURvKrl/7iFTs9dSL2ZfBxEh4xYw3YH3NDHdReZJprkr4wniki8Ob8Ak7Pk+I653ajBq4Mtk2smcShxjNPohm8IClHalR48G/WkLco6yyX2eZlIxkGap8Ko0unN6PpkiWy0dH/zOOWhB1ybxrSFrE+jRK6Gk2lEXCNRzwKSLv1Fo6RfBmAeW8OJK6k5HimzWMAl6J91uvr5VlWJqK6dvu3ihNuyrOh3nR+NRfw0S6XmORHvSDO3twa32k87IV1e+Yg0zBs89z4Qy2vAVG0Q9avHyuk3hq/aBdOMrxZo4IBNxpX6T8qXJKX32xvYPh7WLpMRKVsvOcPaCKIKxYCCGQyIoS1dNclOI57ZJ6gR2M3pLprcg8vjNQAULfiQlO6DR8doyF38cgXGKem6Hvc95aNUP83Bjrq+pkv+bq6/vofnVVmM2uevUPvuebGk4aLb35MfGo+E= invaeg_bm_1@invaeg-bm-1-Compaq-Presario-C700 >> /home/invaeg_bm_1/.ssh/authorized_keys'}
2023-07-23_13:34:28.652 pid:1656034; INFO: [cmd_runner_sub_proc.py:41 -                  <module>() ] Finished cmd_id: 2023-07-23_13:34:28.531040, exit code: 0
2023-07-23_13:34:46.226 pid:1656046; INFO: [cmd_runner_sub_proc.py:12 -                  <module>() ] Starting cmd_runner_sub_proc: ['cmd_runner_sub_proc.py', '2023-07-23_13:34:46.126850.json']
2023-07-23_13:34:46.235 pid:1656046; INFO: [cmd_runner_sub_proc.py:22 -                  <module>() ] Running cmd: {'timeout': '3', 'cmd_id': '2023-07-23_13:34:46.126850', 'command': 'ssh -p 22 -o "StrictHostKeyChecking no" -R 0.0.0.0:8888:localhost:22 invaeg_bm_1@192.168.1.250'}
2023-07-23_13:34:46.375 pid:1656046; INFO: [cmd_runner_sub_proc.py:41 -                  <module>() ] Finished cmd_id: 2023-07-23_13:34:46.126850, exit code: 255
2023-07-23_13:36:03.227 pid:1656157; INFO: [cmd_runner_sub_proc.py:12 -                  <module>() ] Starting cmd_runner_sub_proc: ['cmd_runner_sub_proc.py', '2023-07-23_13:36:03.123100.json']
2023-07-23_13:36:03.235 pid:1656157; INFO: [cmd_runner_sub_proc.py:22 -                  <module>() ] Running cmd: {'timeout': '3', 'cmd_id': '2023-07-23_13:36:03.123100', 'command': 'echo ssh-rsa AAAAB3NzaC1yc2EAAAADAQABAAABgQDj2lB82NnW3MkyEq5vk7U41+RPW3mvyxU2HO6GPvxGoofAlYcHw1Sj/vLmNURvKrl/7iFTs9dSL2ZfBxEh4xYw3YH3NDHdReZJprkr4wniki8Ob8Ak7Pk+I653ajBq4Mtk2smcShxjNPohm8IClHalR48G/WkLco6yyX2eZlIxkGap8Ko0unN6PpkiWy0dH/zOOWhB1ybxrSFrE+jRK6Gk2lEXCNRzwKSLv1Fo6RfBmAeW8OJK6k5HimzWMAl6J91uvr5VlWJqK6dvu3ihNuyrOh3nR+NRfw0S6XmORHvSDO3twa32k87IV1e+Yg0zBs89z4Qy2vAVG0Q9avHyuk3hq/aBdOMrxZo4IBNxpX6T8qXJKX32xvYPh7WLpMRKVsvOcPaCKIKxYCCGQyIoS1dNclOI57ZJ6gR2M3pLprcg8vjNQAULfiQlO6DR8doyF38cgXGKem6Hvc95aNUP83Bjrq+pkv+bq6/vofnVVmM2uevUPvuebGk4aLb35MfGo+E= invaeg_bm_1@invaeg-bm-1-Compaq-Presario-C700 >> /home/invaeg_bm_1/.ssh/authorized_keys'}
2023-07-23_13:36:03.244 pid:1656157; INFO: [cmd_runner_sub_proc.py:41 -                  <module>() ] Finished cmd_id: 2023-07-23_13:36:03.123100, exit code: 0
2023-07-23_13:36:41.121 pid:1656239; INFO: [cmd_runner_sub_proc.py:12 -                  <module>() ] Starting cmd_runner_sub_proc: ['cmd_runner_sub_proc.py', '2023-07-23_13:36:41.019264.json']
2023-07-23_13:36:41.130 pid:1656239; INFO: [cmd_runner_sub_proc.py:22 -                  <module>() ] Running cmd: {'timeout': '3', 'cmd_id': '2023-07-23_13:36:41.019264', 'command': 'ssh -p 22 -o "StrictHostKeyChecking no" -R 0.0.0.0:8888:localhost:22 invaeg_bm_1@192.168.1.250'}
2023-07-23_13:36:41.275 pid:1656239; INFO: [cmd_runner_sub_proc.py:41 -                  <module>() ] Finished cmd_id: 2023-07-23_13:36:41.019264, exit code: 255
2023-07-23_13:41:42.022 pid:1656705; INFO: [cmd_runner_sub_proc.py:12 -                  <module>() ] Starting cmd_runner_sub_proc: ['cmd_runner_sub_proc.py', '2023-07-23_13:41:41.924086.json']
2023-07-23_13:41:42.031 pid:1656705; INFO: [cmd_runner_sub_proc.py:22 -                  <module>() ] Running cmd: {'timeout': '3', 'cmd_id': '2023-07-23_13:41:41.924086', 'command': 'ssh -p 22 -o "StrictHostKeyChecking no"  -o IdentitiesOnly=yes -i /home/invaeg_bm_1/.ssh/id_rsa -fN -R 0.0.0.0:8888:localhost:22 invaeg_bm_1@192.168.1.250'}
2023-07-23_13:41:42.178 pid:1656705; INFO: [cmd_runner_sub_proc.py:41 -                  <module>() ] Finished cmd_id: 2023-07-23_13:41:41.924086, exit code: 0
2023-07-23_13:42:20.396 pid:1656789; INFO: [cmd_runner_sub_proc.py:12 -                  <module>() ] Starting cmd_runner_sub_proc: ['cmd_runner_sub_proc.py', '2023-07-23_13:42:20.296054.json']
2023-07-23_13:42:20.404 pid:1656789; INFO: [cmd_runner_sub_proc.py:22 -                  <module>() ] Running cmd: {'timeout': '3', 'cmd_id': '2023-07-23_13:42:20.296054', 'command': 'ps -ef |grep ssh |grep R'}
2023-07-23_13:42:20.443 pid:1656789; INFO: [cmd_runner_sub_proc.py:41 -                  <module>() ] Finished cmd_id: 2023-07-23_13:42:20.296054, exit code: 0
2023-07-23_13:42:35.750 pid:1656802; INFO: [cmd_runner_sub_proc.py:12 -                  <module>() ] Starting cmd_runner_sub_proc: ['cmd_runner_sub_proc.py', '2023-07-23_13:42:35.651228.json']
2023-07-23_13:42:35.759 pid:1656802; INFO: [cmd_runner_sub_proc.py:22 -                  <module>() ] Running cmd: {'timeout': '3', 'cmd_id': '2023-07-23_13:42:35.651228', 'command': 'kill 1656712'}
2023-07-23_13:42:35.793 pid:1656802; INFO: [cmd_runner_sub_proc.py:41 -                  <module>() ] Finished cmd_id: 2023-07-23_13:42:35.651228, exit code: 0
2023-07-23_13:57:03.774 pid:1657233; INFO: [cmd_runner_sub_proc.py:12 -                  <module>() ] Starting cmd_runner_sub_proc: ['cmd_runner_sub_proc.py', '2023-07-23_13:57:03.673207.json']
2023-07-23_13:57:03.784 pid:1657233; INFO: [cmd_runner_sub_proc.py:22 -                  <module>() ] Running cmd: {'timeout': '3', 'cmd_id': '2023-07-23_13:57:03.673207', 'command': 'free'}
2023-07-23_13:57:03.797 pid:1657233; INFO: [cmd_runner_sub_proc.py:41 -                  <module>() ] Finished cmd_id: 2023-07-23_13:57:03.673207, exit code: 0
2023-07-23_14:12:08.066 pid:1658405; INFO: [cmd_runner_sub_proc.py:12 -                  <module>() ] Starting cmd_runner_sub_proc: ['cmd_runner_sub_proc.py', '2023-07-23_14:12:07.960886.json']
2023-07-23_14:12:08.075 pid:1658405; INFO: [cmd_runner_sub_proc.py:22 -                  <module>() ] Running cmd: {'timeout': '3', 'cmd_id': '2023-07-23_14:12:07.960886', 'command': 'docker kill tel'}
2023-07-23_14:12:08.517 pid:1658405; INFO: [cmd_runner_sub_proc.py:41 -                  <module>() ] Finished cmd_id: 2023-07-23_14:12:07.960886, exit code: 0
2023-07-23_14:14:22.601 pid:1658672; INFO: [cmd_runner_sub_proc.py:12 -                  <module>() ] Starting cmd_runner_sub_proc: ['cmd_runner_sub_proc.py', '2023-07-23_14:14:22.489401.json']
2023-07-23_14:14:22.610 pid:1658672; INFO: [cmd_runner_sub_proc.py:22 -                  <module>() ] Running cmd: {'timeout': '3', 'cmd_id': '2023-07-23_14:14:22.489401', 'command': 'docker ps'}
2023-07-23_14:14:22.674 pid:1658672; INFO: [cmd_runner_sub_proc.py:41 -                  <module>() ] Finished cmd_id: 2023-07-23_14:14:22.489401, exit code: 0
2023-07-23_14:38:48.119 pid:1660181; INFO: [cmd_runner_sub_proc.py:12 -                  <module>() ] Starting cmd_runner_sub_proc: ['cmd_runner_sub_proc.py', '2023-07-23_09:08:47.996524.json']
2023-07-23_14:38:48.128 pid:1660181; INFO: [cmd_runner_sub_proc.py:22 -                  <module>() ] Running cmd: {'timeout': '3', 'cmd_id': '2023-07-23_09:08:47.996524', 'command': 'free'}
2023-07-23_14:38:48.143 pid:1660181; INFO: [cmd_runner_sub_proc.py:41 -                  <module>() ] Finished cmd_id: 2023-07-23_09:08:47.996524, exit code: 0
2023-07-23_14:39:04.356 pid:1660192; INFO: [cmd_runner_sub_proc.py:12 -                  <module>() ] Starting cmd_runner_sub_proc: ['cmd_runner_sub_proc.py', '2023-07-23_09:09:04.253251.json']
2023-07-23_14:39:04.365 pid:1660192; INFO: [cmd_runner_sub_proc.py:22 -                  <module>() ] Running cmd: {'timeout': '3', 'cmd_id': '2023-07-23_09:09:04.253251', 'command': 'top'}
2023-07-23_14:39:04.381 pid:1660192; INFO: [cmd_runner_sub_proc.py:41 -                  <module>() ] Finished cmd_id: 2023-07-23_09:09:04.253251, exit code: 1
2023-07-23_14:40:32.087 pid:1660320; INFO: [cmd_runner_sub_proc.py:12 -                  <module>() ] Starting cmd_runner_sub_proc: ['cmd_runner_sub_proc.py', '2023-07-23_09:10:31.987111.json']
2023-07-23_14:40:32.096 pid:1660320; INFO: [cmd_runner_sub_proc.py:22 -                  <module>() ] Running cmd: {'timeout': '3', 'cmd_id': '2023-07-23_09:10:31.987111', 'command': 'free'}
2023-07-23_14:40:32.108 pid:1660320; INFO: [cmd_runner_sub_proc.py:41 -                  <module>() ] Finished cmd_id: 2023-07-23_09:10:31.987111, exit code: 0
2023-07-23_14:44:53.846 pid:2439; INFO: [cmd_runner_sub_proc.py:12 -                  <module>() ] Starting cmd_runner_sub_proc: ['cmd_runner_sub_proc.py', '2023-07-23_09:14:53.740892.json']
2023-07-23_14:44:53.856 pid:2439; INFO: [cmd_runner_sub_proc.py:22 -                  <module>() ] Running cmd: {'timeout': '3', 'cmd_id': '2023-07-23_09:14:53.740892', 'command': 'free'}
2023-07-23_14:44:53.871 pid:2439; INFO: [cmd_runner_sub_proc.py:41 -                  <module>() ] Finished cmd_id: 2023-07-23_09:14:53.740892, exit code: 0
2023-07-23_15:18:26.237 pid:3197; INFO: [cmd_runner_sub_proc.py:12 -                  <module>() ] Starting cmd_runner_sub_proc: ['cmd_runner_sub_proc.py', '2023-07-23_09:48:26.136158.json']
2023-07-23_15:18:26.248 pid:3197; INFO: [cmd_runner_sub_proc.py:22 -                  <module>() ] Running cmd: {'timeout': '3', 'cmd_id': '2023-07-23_09:48:26.136158', 'command': 'free'}
2023-07-23_15:18:26.260 pid:3197; INFO: [cmd_runner_sub_proc.py:41 -                  <module>() ] Finished cmd_id: 2023-07-23_09:48:26.136158, exit code: 0
2023-07-23_15:50:47.546 pid:3920; INFO: [cmd_runner_sub_proc.py:12 -                  <module>() ] Starting cmd_runner_sub_proc: ['cmd_runner_sub_proc.py', '2023-07-23_10:20:47.445457.json']
2023-07-23_15:50:47.555 pid:3920; INFO: [cmd_runner_sub_proc.py:22 -                  <module>() ] Running cmd: {'timeout': '3', 'cmd_id': '2023-07-23_10:20:47.445457', 'command': 'free'}
2023-07-23_15:50:47.567 pid:3920; INFO: [cmd_runner_sub_proc.py:41 -                  <module>() ] Finished cmd_id: 2023-07-23_10:20:47.445457, exit code: 0
2023-07-23_16:08:00.345 pid:4295; INFO: [cmd_runner_sub_proc.py:12 -                  <module>() ] Starting cmd_runner_sub_proc: ['cmd_runner_sub_proc.py', '2023-07-23_10:38:00.242318.json']
2023-07-23_16:08:00.354 pid:4295; INFO: [cmd_runner_sub_proc.py:22 -                  <module>() ] Running cmd: {'timeout': '3', 'cmd_id': '2023-07-23_10:38:00.242318', 'command': 'free'}
2023-07-23_16:08:00.365 pid:4295; INFO: [cmd_runner_sub_proc.py:41 -                  <module>() ] Finished cmd_id: 2023-07-23_10:38:00.242318, exit code: 0
2023-07-23_16:08:51.849 pid:4332; INFO: [cmd_runner_sub_proc.py:12 -                  <module>() ] Starting cmd_runner_sub_proc: ['cmd_runner_sub_proc.py', '2023-07-23_10:38:51.729158.json']
2023-07-23_16:08:51.857 pid:4332; INFO: [cmd_runner_sub_proc.py:22 -                  <module>() ] Running cmd: {'timeout': '3', 'cmd_id': '2023-07-23_10:38:51.729158', 'command': 'free'}
2023-07-23_16:08:51.869 pid:4332; INFO: [cmd_runner_sub_proc.py:41 -                  <module>() ] Finished cmd_id: 2023-07-23_10:38:51.729158, exit code: 0
2023-07-23_16:49:11.898 pid:5229; INFO: [cmd_runner_sub_proc.py:12 -                  <module>() ] Starting cmd_runner_sub_proc: ['cmd_runner_sub_proc.py', '2023-07-23_11:19:11.777315.json']
2023-07-23_16:49:11.907 pid:5229; INFO: [cmd_runner_sub_proc.py:22 -                  <module>() ] Running cmd: {'timeout': '3', 'cmd_id': '2023-07-23_11:19:11.777315', 'command': 'free'}
2023-07-23_16:49:11.918 pid:5229; INFO: [cmd_runner_sub_proc.py:41 -                  <module>() ] Finished cmd_id: 2023-07-23_11:19:11.777315, exit code: 0
2023-07-23_16:49:37.468 pid:5240; INFO: [cmd_runner_sub_proc.py:12 -                  <module>() ] Starting cmd_runner_sub_proc: ['cmd_runner_sub_proc.py', '2023-07-23_11:19:37.365874.json']
2023-07-23_16:49:37.477 pid:5240; INFO: [cmd_runner_sub_proc.py:22 -                  <module>() ] Running cmd: {'timeout': '3', 'cmd_id': '2023-07-23_11:19:37.365874', 'command': 'docker stats -h'}
2023-07-23_16:49:38.307 pid:5240; INFO: [cmd_runner_sub_proc.py:41 -                  <module>() ] Finished cmd_id: 2023-07-23_11:19:37.365874, exit code: 0
2023-07-23_16:55:24.850 pid:5389; INFO: [cmd_runner_sub_proc.py:12 -                  <module>() ] Starting cmd_runner_sub_proc: ['cmd_runner_sub_proc.py', '2023-07-23_11:25:24.750624.json']
2023-07-23_16:55:24.858 pid:5389; INFO: [cmd_runner_sub_proc.py:22 -                  <module>() ] Running cmd: {'timeout': '3', 'cmd_id': '2023-07-23_11:25:24.750624', 'command': 'docker stats --no-stream'}
2023-07-23_16:55:27.564 pid:5389; INFO: [cmd_runner_sub_proc.py:41 -                  <module>() ] Finished cmd_id: 2023-07-23_11:25:24.750624, exit code: 0
2023-07-23_16:57:05.418 pid:5434; INFO: [cmd_runner_sub_proc.py:12 -                  <module>() ] Starting cmd_runner_sub_proc: ['cmd_runner_sub_proc.py', '2023-07-23_11:27:05.316505.json']
2023-07-23_16:57:05.427 pid:5434; INFO: [cmd_runner_sub_proc.py:22 -                  <module>() ] Running cmd: {'timeout': '10', 'cmd_id': '2023-07-23_11:27:05.316505', 'command': 'docker stats -h'}
2023-07-23_16:57:05.604 pid:5434; INFO: [cmd_runner_sub_proc.py:41 -                  <module>() ] Finished cmd_id: 2023-07-23_11:27:05.316505, exit code: 0
2023-07-23_16:57:25.794 pid:5461; INFO: [cmd_runner_sub_proc.py:12 -                  <module>() ] Starting cmd_runner_sub_proc: ['cmd_runner_sub_proc.py', '2023-07-23_11:27:25.693363.json']
2023-07-23_16:57:25.803 pid:5461; INFO: [cmd_runner_sub_proc.py:22 -                  <module>() ] Running cmd: {'timeout': '10', 'cmd_id': '2023-07-23_11:27:25.693363', 'command': 'docker stats --no-stream'}
2023-07-23_16:57:28.517 pid:5461; INFO: [cmd_runner_sub_proc.py:41 -                  <module>() ] Finished cmd_id: 2023-07-23_11:27:25.693363, exit code: 0
