#1 [internal] load build definition from Dockerfile
#1 transferring dockerfile: 453B done
#1 DONE 0.1s

#2 [internal] load .dockerignore
#2 transferring context: 2B done
#2 DONE 0.1s

#3 [internal] load metadata for docker.io/library/node:20.1.0-bullseye
#3 DONE 5.8s

#4 [1/4] FROM docker.io/library/node:20.1.0-bullseye@sha256:0efc3ef3fea2822c9d16da084c40181ed7f74b6f45141100580f9887ccc8e9a1
#4 DONE 0.0s

#5 [3/4] RUN apt-get update
#5 CACHED

#6 [2/4] WORKDIR /app
#6 CACHED

#7 [4/4] RUN apt-get install -y build-essential cmake git openssh-server gdb pkg-config valgrind systemd-coredump
#7 CACHED

#8 exporting to image
#8 exporting layers done
#8 writing image sha256:520fbe4956f762f320ef365b50d55a9ff78780d770ee8cb7f7e76feedb3ca8ef done
#8 naming to docker.io/library/base_os:0.0.1 done
#8 DONE 0.0s
#1 [internal] load .dockerignore
#1 transferring context: 2B done
#1 DONE 0.0s

#2 [internal] load build definition from Dockerfile
#2 transferring dockerfile: 3.76kB 0.0s done
#2 DONE 0.1s

#3 [internal] load metadata for docker.io/library/base_os:0.0.1
#3 DONE 0.0s

#4 [ 1/77] FROM docker.io/library/base_os:0.0.1
#4 DONE 0.0s

#5 [66/77] RUN npm --global --loglevel info install eslint-plugin-react
#5 CACHED

#6 [ 7/77] RUN npm --global --loglevel info install nodemon
#6 CACHED

#7 [48/77] RUN npm --global --loglevel info install helmet
#7 CACHED

#8 [ 8/77] RUN npm --global --loglevel info install restify
#8 CACHED

#9 [60/77] RUN npm --global --loglevel info install rxjs
#9 CACHED

#10 [56/77] RUN npm --global --loglevel info install glob
#10 CACHED

#11 [24/77] RUN npm --global --loglevel info install sharp
#11 CACHED

#12 [22/77] RUN npm --global --loglevel info install passport
#12 CACHED

#13 [10/77] RUN npm --global --loglevel info install gulp
#13 CACHED

#14 [27/77] RUN npm --global --loglevel info install browserify
#14 CACHED

#15 [30/77] RUN npm --global --loglevel info install uglifyjs2
#15 CACHED

#16 [28/77] RUN npm --global --loglevel info install bower
#16 CACHED

#17 [41/77] RUN npm --global --loglevel info install debug
#17 CACHED

#18 [58/77] RUN npm --global --loglevel info install uuid
#18 CACHED

#19 [20/77] RUN npm --global --loglevel info install redux
#19 CACHED

#20 [72/77] RUN npm --global --loglevel info install vue
#20 CACHED

#21 [63/77] RUN npm --global --loglevel info install file-loader
#21 CACHED

#22 [19/77] RUN npm --global --loglevel info install react
#22 CACHED

#23 [50/77] RUN npm --global --loglevel info install react-dom
#23 CACHED

#24 [42/77] RUN npm --global --loglevel info install body-parser
#24 CACHED

#25 [ 3/77] RUN npm --global --loglevel info install express
#25 CACHED

#26 [11/77] RUN npm --global --loglevel info install molecular
#26 CACHED

#27 [23/77] RUN npm --global --loglevel info install winston
#27 CACHED

#28 [57/77] RUN npm --global --loglevel info install yargs
#28 CACHED

#29 [ 5/77] RUN npm --global --loglevel info install eslint
#29 CACHED

#30 [37/77] RUN npm --global --loglevel info install graphicsmagick
#30 CACHED

#31 [74/77] RUN npm --global --loglevel info install chokidar
#31 CACHED

#32 [64/77] RUN npm --global --loglevel info install handlebars
#32 CACHED

#33 [33/77] RUN npm --global --loglevel info install sqlite
#33 CACHED

#34 [46/77] RUN npm --global --loglevel info install flat
#34 CACHED

#35 [69/77] RUN npm --global --loglevel info install fs
#35 CACHED

#36 [16/77] RUN npm --global --loglevel info install grunt
#36 CACHED

#37 [54/77] RUN npm --global --loglevel info install tslib
#37 CACHED

#38 [ 4/77] RUN npm --global --loglevel info install lodash
#38 CACHED

#39 [14/77] RUN npm --global --loglevel info install axios
#39 CACHED

#40 [47/77] RUN npm --global --loglevel info install json5
#40 CACHED

#41 [55/77] RUN npm --global --loglevel info install mkdirp
#41 CACHED

#42 [43/77] RUN npm --global --loglevel info install husky
#42 CACHED

#43 [26/77] RUN npm --global --loglevel info install request
#43 CACHED

#44 [21/77] RUN npm --global --loglevel info install dotenv
#44 CACHED

#45 [39/77] RUN npm --global --loglevel info install moment
#45 CACHED

#46 [29/77] RUN npm --global --loglevel info install underscore
#46 CACHED

#47 [32/77] RUN npm --global --loglevel info install pug
#47 CACHED

#48 [49/77] RUN npm --global --loglevel info install compression
#48 CACHED

#49 [36/77] RUN npm --global --loglevel info install marked
#49 CACHED

#50 [62/77] RUN npm --global --loglevel info install object-assign
#50 CACHED

#51 [59/77] RUN npm --global --loglevel info install totp
#51 CACHED

#52 [ 9/77] RUN npm --global --loglevel info install nodemailer
#52 CACHED

#53 [75/77] RUN npm --global --loglevel info install mime
#53 CACHED

#54 [67/77] RUN npm --global --loglevel info install url-loader
#54 CACHED

#55 [34/77] RUN npm --global --loglevel info install webpack
#55 CACHED

#56 [44/77] RUN npm --global --loglevel info install bunyan
#56 CACHED

#57 [45/77] RUN npm --global --loglevel info install debug
#57 CACHED

#58 [35/77] RUN npm --global --loglevel info install angular
#58 CACHED

#59 [13/77] RUN npm --global --loglevel info install async
#59 CACHED

#60 [17/77] RUN npm --global --loglevel info install pm2
#60 CACHED

#61 [15/77] RUN npm --global --loglevel info install grunt-cli
#61 CACHED

#62 [51/77] RUN npm --global --loglevel info install fs-extra
#62 CACHED

#63 [61/77] RUN npm --global --loglevel info install redux
#63 CACHED

#64 [71/77] RUN npm --global --loglevel info install superagent
#64 CACHED

#65 [38/77] RUN npm --global --loglevel info install jsdom
#65 CACHED

#66 [52/77] RUN npm --global --loglevel info install moment
#66 CACHED

#67 [ 6/77] RUN npm --global --loglevel info install morgan
#67 CACHED

#68 [ 2/77] RUN npm set progress=true
#68 CACHED

#69 [40/77] RUN npm --global --loglevel info install chalk
#69 CACHED

#70 [68/77] RUN npm --global --loglevel info install ws
#70 CACHED

#71 [31/77] RUN npm --global --loglevel info install hapi
#71 CACHED

#72 [70/77] RUN npm --global --loglevel info install ejs
#72 CACHED

#73 [12/77] RUN npm --global --loglevel info install agenda
#73 CACHED

#74 [65/77] RUN npm --global --loglevel info install eslint-plugin-import
#74 CACHED

#75 [18/77] RUN npm --global --loglevel info install socket.io
#75 CACHED

#76 [53/77] RUN npm --global --loglevel info install vue
#76 CACHED

#77 [25/77] RUN npm --global --loglevel info install puppeteer
#77 CACHED

#78 [73/77] RUN npm --global --loglevel info install vue-router
#78 CACHED

#79 [76/77] RUN npm --global --loglevel info install cookie-parser
#79 CACHED

#80 [77/77] RUN npm --global --loglevel info install speakeasy
#80 CACHED

#81 exporting to image
#81 exporting layers done
#81 writing image sha256:8ca7b37c4d39af5dd20644943b4acd3124874863a458e535c42e84061ae2f948 0.0s done
#81 naming to docker.io/library/base_node_js:0.0.1 0.0s done
#81 DONE 0.0s
#1 [internal] load .dockerignore
#1 transferring context: 2B done
#1 DONE 0.0s

#2 [internal] load build definition from Dockerfile
#2 transferring dockerfile: 272B 0.1s done
#2 DONE 0.1s

#3 [internal] load metadata for docker.io/library/base_node_js:0.0.1
#3 DONE 0.0s

#4 [1/4] FROM docker.io/library/base_node_js:0.0.1
#4 DONE 0.0s

#5 [2/4] RUN apt-get install -y --no-install-recommends     python3     python3-pip
#5 CACHED

#6 [3/4] RUN pip3 install nibabel pydicom matplotlib pillow
#6 CACHED

#7 [4/4] RUN pip3 install med2image
#7 CACHED

#8 exporting to image
#8 exporting layers done
#8 writing image sha256:78aed3d6cc741ebee74b376663748bebf0706af88b52b8c0fdb27a4b036e7f25 0.0s done
#8 naming to docker.io/library/base_python:0.0.1 0.0s done
#8 DONE 0.0s
#1 [internal] load .dockerignore
#1 transferring context: 2B done
#1 DONE 0.0s

#2 [internal] load build definition from Dockerfile
#2 transferring dockerfile: 577B 0.1s done
#2 DONE 0.1s

#3 [internal] load metadata for docker.io/library/base_python:0.0.1
#3 DONE 0.0s

#4 [1/6] FROM docker.io/library/base_python:0.0.1
#4 DONE 0.0s

#5 [2/6] RUN npm --global --loglevel info install crypto
#5 CACHED

#6 [3/6] RUN npm --global --loglevel info install sha256
#6 CACHED

#7 [4/6] RUN npm --global --loglevel info install eslint-config-standard-with-typescript  @typescript-eslint/eslint-plugin@^5.50.0 eslint@^8.0.1 eslint-plugin-import@^2.25.2 eslint-plugin-n@^15.0.0 eslint-plugin-promise@^6.0.0 typescript
#7 CACHED

#8 [5/6] RUN npm --global --loglevel info install express
#8 CACHED

#9 [6/6] RUN npm --global --loglevel info install request
#9 2.414 npm info using npm@9.6.4
#9 2.426 npm info using node@v20.1.0
#9 2.843 npm http fetch GET 200 https://registry.npmjs.org/request 298ms (cache revalidated)
#9 3.204 npm http fetch GET 200 https://registry.npmjs.org/aws4 317ms (cache revalidated)
#9 3.368 npm http fetch GET 200 https://registry.npmjs.org/qs 453ms (cache revalidated)
#9 3.395 npm http fetch GET 200 https://registry.npmjs.org/caseless 505ms (cache revalidated)
#9 3.402 npm http fetch GET 200 https://registry.npmjs.org/isstream 497ms (cache revalidated)
#9 3.409 npm http fetch GET 200 https://registry.npmjs.org/forever-agent 513ms (cache revalidated)
#9 3.425 npm http fetch GET 200 https://registry.npmjs.org/har-validator 527ms (cache revalidated)
#9 3.433 npm http fetch GET 200 https://registry.npmjs.org/http-signature 532ms (cache revalidated)
#9 3.444 npm http fetch GET 200 https://registry.npmjs.org/combined-stream 552ms (cache revalidated)
#9 3.452 npm http fetch GET 200 https://registry.npmjs.org/form-data 554ms (cache revalidated)
#9 3.464 npm http fetch GET 200 https://registry.npmjs.org/performance-now 550ms (cache revalidated)
#9 3.473 npm http fetch GET 200 https://registry.npmjs.org/oauth-sign 561ms (cache revalidated)
#9 3.486 npm http fetch GET 200 https://registry.npmjs.org/safe-buffer 569ms (cache revalidated)
#9 3.493 npm http fetch GET 200 https://registry.npmjs.org/json-stringify-safe 586ms (cache revalidated)
#9 3.501 npm http fetch GET 200 https://registry.npmjs.org/tunnel-agent 580ms (cache revalidated)
#9 3.512 npm http fetch GET 200 https://registry.npmjs.org/aws-sign2 629ms (cache revalidated)
#9 3.526 npm http fetch GET 200 https://registry.npmjs.org/extend 633ms (cache revalidated)
#9 3.534 npm http fetch GET 200 https://registry.npmjs.org/is-typedarray 631ms (cache revalidated)
#9 3.541 npm http fetch GET 200 https://registry.npmjs.org/mime-types 631ms (cache revalidated)
#9 3.566 npm http fetch GET 200 https://registry.npmjs.org/tough-cookie 647ms (cache updated)
#9 3.598 npm http fetch GET 200 https://registry.npmjs.org/uuid 674ms (cache updated)
#9 3.996 npm http fetch GET 200 https://registry.npmjs.org/asynckit 256ms (cache revalidated)
#9 4.004 npm http fetch GET 200 https://registry.npmjs.org/assert-plus 255ms (cache revalidated)
#9 4.012 npm http fetch GET 200 https://registry.npmjs.org/ajv 268ms (cache revalidated)
#9 4.052 npm http fetch GET 200 https://registry.npmjs.org/jsprim 301ms (cache revalidated)
#9 4.062 npm http fetch GET 200 https://registry.npmjs.org/har-schema 314ms (cache revalidated)
#9 4.072 npm http fetch GET 200 https://registry.npmjs.org/delayed-stream 339ms (cache revalidated)
#9 4.080 npm http fetch GET 200 https://registry.npmjs.org/punycode 317ms (cache revalidated)
#9 4.088 npm http fetch GET 200 https://registry.npmjs.org/mime-db 332ms (cache revalidated)
#9 4.099 npm http fetch GET 200 https://registry.npmjs.org/sshpk 346ms (cache revalidated)
#9 4.109 npm http fetch GET 200 https://registry.npmjs.org/psl 349ms (cache revalidated)
#9 4.242 npm http fetch GET 200 https://registry.npmjs.org/fast-deep-equal 95ms (cache revalidated)
#9 4.256 npm http fetch GET 200 https://registry.npmjs.org/json-schema-traverse 101ms (cache revalidated)
#9 4.274 npm http fetch GET 200 https://registry.npmjs.org/uri-js 116ms (cache revalidated)
#9 4.281 npm http fetch GET 200 https://registry.npmjs.org/fast-json-stable-stringify 132ms (cache revalidated)
#9 4.488 npm http fetch GET 200 https://registry.npmjs.org/extsprintf 149ms (cache revalidated)
#9 4.517 npm http fetch GET 200 https://registry.npmjs.org/json-schema 176ms (cache revalidated)
#9 4.524 npm http fetch GET 200 https://registry.npmjs.org/verror 182ms (cache revalidated)
#9 4.529 npm http fetch GET 200 https://registry.npmjs.org/asn1 185ms (cache revalidated)
#9 4.537 npm http fetch GET 200 https://registry.npmjs.org/getpass 189ms (cache revalidated)
#9 4.561 npm http fetch GET 200 https://registry.npmjs.org/ecc-jsbn 191ms (cache revalidated)
#9 4.569 npm http fetch GET 200 https://registry.npmjs.org/dashdash 223ms (cache revalidated)
#9 4.576 npm http fetch GET 200 https://registry.npmjs.org/bcrypt-pbkdf 205ms (cache revalidated)
#9 4.583 npm http fetch GET 200 https://registry.npmjs.org/jsbn 230ms (cache revalidated)
#9 4.589 npm http fetch GET 200 https://registry.npmjs.org/safer-buffer 238ms (cache revalidated)
#9 4.595 npm http fetch GET 200 https://registry.npmjs.org/tweetnacl 240ms (cache revalidated)
#9 4.711 npm http fetch GET 200 https://registry.npmjs.org/core-util-is 76ms (cache revalidated)
#9 9.713 npm WARN deprecated har-validator@5.1.5: this library is no longer supported
#9 9.899 npm WARN deprecated uuid@3.4.0: Please upgrade  to version 7 or higher.  Older versions may use Math.random() in certain circumstances, which is known to be problematic.  See https://v8.dev/blog/math-random for details.
#9 9.933 npm WARN deprecated request@2.88.2: request has been deprecated, see https://github.com/request/request/issues/3142
#9 10.37 
#9 10.37 changed 47 packages in 8s
#9 10.37 
#9 10.38 2 packages are looking for funding
#9 10.38   run `npm fund` for details
#9 10.38 npm info ok 
#9 DONE 10.6s

#10 exporting to image
#10 exporting layers
#10 exporting layers 0.5s done
#10 writing image sha256:78b523261b35f736bbd382ecb81bdfcaed01022d1a970c5b1db90c68e2f1d40b done
#10 naming to docker.io/library/flat_trade_token_generator:0.0.1 0.0s done
#10 DONE 0.5s
