#1 [internal] load .dockerignore
#1 transferring context: 2B done
#1 DONE 0.0s

#2 [internal] load build definition from Dockerfile
#2 transferring dockerfile: 453B 0.0s done
#2 DONE 0.1s

#3 [internal] load metadata for docker.io/library/node:20.1.0-bullseye
#3 DONE 16.6s

#4 [1/4] FROM docker.io/library/node:20.1.0-bullseye@sha256:0efc3ef3fea2822c9d16da084c40181ed7f74b6f45141100580f9887ccc8e9a1
#4 DONE 0.0s

#5 [2/4] WORKDIR /app
#5 CACHED

#6 [3/4] RUN apt-get update
#6 CACHED

#7 [4/4] RUN apt-get install -y build-essential cmake git openssh-server gdb pkg-config valgrind systemd-coredump
#7 CACHED

#8 exporting to image
#8 exporting layers done
#8 writing image sha256:520fbe4956f762f320ef365b50d55a9ff78780d770ee8cb7f7e76feedb3ca8ef done
#8 naming to docker.io/library/base_os:0.0.1
#8 naming to docker.io/library/base_os:0.0.1 0.0s done
#8 DONE 0.0s
#1 [internal] load .dockerignore
#1 transferring context: 2B done
#1 DONE 0.0s

#2 [internal] load build definition from Dockerfile
#2 transferring dockerfile: 3.76kB 0.0s done
#2 DONE 0.1s

#3 [internal] load metadata for docker.io/library/base_os:0.0.1
#3 DONE 0.0s

#4 [ 1/77] FROM docker.io/library/base_os:0.0.1
#4 DONE 0.0s

#5 [24/77] RUN npm --global --loglevel info install sharp
#5 CACHED

#6 [65/77] RUN npm --global --loglevel info install eslint-plugin-import
#6 CACHED

#7 [ 4/77] RUN npm --global --loglevel info install lodash
#7 CACHED

#8 [25/77] RUN npm --global --loglevel info install puppeteer
#8 CACHED

#9 [60/77] RUN npm --global --loglevel info install rxjs
#9 CACHED

#10 [36/77] RUN npm --global --loglevel info install marked
#10 CACHED

#11 [40/77] RUN npm --global --loglevel info install chalk
#11 CACHED

#12 [22/77] RUN npm --global --loglevel info install passport
#12 CACHED

#13 [20/77] RUN npm --global --loglevel info install redux
#13 CACHED

#14 [45/77] RUN npm --global --loglevel info install debug
#14 CACHED

#15 [31/77] RUN npm --global --loglevel info install hapi
#15 CACHED

#16 [15/77] RUN npm --global --loglevel info install grunt-cli
#16 CACHED

#17 [26/77] RUN npm --global --loglevel info install request
#17 CACHED

#18 [48/77] RUN npm --global --loglevel info install helmet
#18 CACHED

#19 [34/77] RUN npm --global --loglevel info install webpack
#19 CACHED

#20 [42/77] RUN npm --global --loglevel info install body-parser
#20 CACHED

#21 [41/77] RUN npm --global --loglevel info install debug
#21 CACHED

#22 [17/77] RUN npm --global --loglevel info install pm2
#22 CACHED

#23 [50/77] RUN npm --global --loglevel info install react-dom
#23 CACHED

#24 [21/77] RUN npm --global --loglevel info install dotenv
#24 CACHED

#25 [44/77] RUN npm --global --loglevel info install bunyan
#25 CACHED

#26 [39/77] RUN npm --global --loglevel info install moment
#26 CACHED

#27 [ 5/77] RUN npm --global --loglevel info install eslint
#27 CACHED

#28 [57/77] RUN npm --global --loglevel info install yargs
#28 CACHED

#29 [18/77] RUN npm --global --loglevel info install socket.io
#29 CACHED

#30 [62/77] RUN npm --global --loglevel info install object-assign
#30 CACHED

#31 [35/77] RUN npm --global --loglevel info install angular
#31 CACHED

#32 [ 8/77] RUN npm --global --loglevel info install restify
#32 CACHED

#33 [33/77] RUN npm --global --loglevel info install sqlite
#33 CACHED

#34 [58/77] RUN npm --global --loglevel info install uuid
#34 CACHED

#35 [66/77] RUN npm --global --loglevel info install eslint-plugin-react
#35 CACHED

#36 [49/77] RUN npm --global --loglevel info install compression
#36 CACHED

#37 [71/77] RUN npm --global --loglevel info install superagent
#37 CACHED

#38 [11/77] RUN npm --global --loglevel info install molecular
#38 CACHED

#39 [28/77] RUN npm --global --loglevel info install bower
#39 CACHED

#40 [74/77] RUN npm --global --loglevel info install chokidar
#40 CACHED

#41 [56/77] RUN npm --global --loglevel info install glob
#41 CACHED

#42 [70/77] RUN npm --global --loglevel info install ejs
#42 CACHED

#43 [63/77] RUN npm --global --loglevel info install file-loader
#43 CACHED

#44 [75/77] RUN npm --global --loglevel info install mime
#44 CACHED

#45 [ 9/77] RUN npm --global --loglevel info install nodemailer
#45 CACHED

#46 [23/77] RUN npm --global --loglevel info install winston
#46 CACHED

#47 [46/77] RUN npm --global --loglevel info install flat
#47 CACHED

#48 [ 3/77] RUN npm --global --loglevel info install express
#48 CACHED

#49 [76/77] RUN npm --global --loglevel info install cookie-parser
#49 CACHED

#50 [69/77] RUN npm --global --loglevel info install fs
#50 CACHED

#51 [64/77] RUN npm --global --loglevel info install handlebars
#51 CACHED

#52 [ 2/77] RUN npm set progress=true
#52 CACHED

#53 [47/77] RUN npm --global --loglevel info install json5
#53 CACHED

#54 [16/77] RUN npm --global --loglevel info install grunt
#54 CACHED

#55 [27/77] RUN npm --global --loglevel info install browserify
#55 CACHED

#56 [38/77] RUN npm --global --loglevel info install jsdom
#56 CACHED

#57 [ 7/77] RUN npm --global --loglevel info install nodemon
#57 CACHED

#58 [43/77] RUN npm --global --loglevel info install husky
#58 CACHED

#59 [37/77] RUN npm --global --loglevel info install graphicsmagick
#59 CACHED

#60 [61/77] RUN npm --global --loglevel info install redux
#60 CACHED

#61 [54/77] RUN npm --global --loglevel info install tslib
#61 CACHED

#62 [52/77] RUN npm --global --loglevel info install moment
#62 CACHED

#63 [32/77] RUN npm --global --loglevel info install pug
#63 CACHED

#64 [51/77] RUN npm --global --loglevel info install fs-extra
#64 CACHED

#65 [ 6/77] RUN npm --global --loglevel info install morgan
#65 CACHED

#66 [12/77] RUN npm --global --loglevel info install agenda
#66 CACHED

#67 [67/77] RUN npm --global --loglevel info install url-loader
#67 CACHED

#68 [30/77] RUN npm --global --loglevel info install uglifyjs2
#68 CACHED

#69 [59/77] RUN npm --global --loglevel info install totp
#69 CACHED

#70 [73/77] RUN npm --global --loglevel info install vue-router
#70 CACHED

#71 [55/77] RUN npm --global --loglevel info install mkdirp
#71 CACHED

#72 [72/77] RUN npm --global --loglevel info install vue
#72 CACHED

#73 [53/77] RUN npm --global --loglevel info install vue
#73 CACHED

#74 [10/77] RUN npm --global --loglevel info install gulp
#74 CACHED

#75 [14/77] RUN npm --global --loglevel info install axios
#75 CACHED

#76 [13/77] RUN npm --global --loglevel info install async
#76 CACHED

#77 [29/77] RUN npm --global --loglevel info install underscore
#77 CACHED

#78 [68/77] RUN npm --global --loglevel info install ws
#78 CACHED

#79 [19/77] RUN npm --global --loglevel info install react
#79 CACHED

#80 [77/77] RUN npm --global --loglevel info install speakeasy
#80 CACHED

#81 exporting to image
#81 exporting layers done
#81 writing image sha256:a6c4fcf35037e96300b0184839c1a510510133acac2092b5dc24318c22cee6ad done
#81 naming to docker.io/library/base_node_js:0.0.1 0.0s done
#81 DONE 0.0s
#1 [internal] load .dockerignore
#1 transferring context: 2B done
#1 DONE 0.0s

#2 [internal] load build definition from Dockerfile
#2 transferring dockerfile: 272B 0.0s done
#2 DONE 0.1s

#3 [internal] load metadata for docker.io/library/base_node_js:0.0.1
#3 DONE 0.0s

#4 [1/4] FROM docker.io/library/base_node_js:0.0.1
#4 DONE 0.0s

#5 [2/4] RUN apt-get install -y --no-install-recommends     python3     python3-pip
#5 CACHED

#6 [3/4] RUN pip3 install nibabel pydicom matplotlib pillow
#6 CACHED

#7 [4/4] RUN pip3 install med2image
#7 CACHED

#8 exporting to image
#8 exporting layers done
#8 writing image sha256:78aed3d6cc741ebee74b376663748bebf0706af88b52b8c0fdb27a4b036e7f25 0.0s done
#8 naming to docker.io/library/base_python:0.0.1 0.0s done
#8 DONE 0.0s
#1 [internal] load .dockerignore
#1 transferring context: 2B done
#1 DONE 0.0s

#2 [internal] load build definition from Dockerfile
#2 transferring dockerfile: 1.37kB 0.0s done
#2 DONE 0.1s

#3 [internal] load metadata for docker.io/library/base_python:0.0.1
#3 DONE 0.0s

#4 [ 1/18] FROM docker.io/library/base_python:0.0.1
#4 DONE 0.0s

#5 [17/18] RUN pip3 install telethon
#5 CACHED

#6 [ 6/18] RUN npm --global --loglevel info install request
#6 CACHED

#7 [13/18] RUN npm --global --loglevel info install pino
#7 CACHED

#8 [11/18] RUN npm --global --loglevel info install websocket
#8 CACHED

#9 [10/18] RUN apt-get install -y libnss3 libnspr4 libatk1.0-0 libatk-bridge2.0-0 libcups2 libdrm2 libxkbcommon0 libxcomposite1 libxdamage1 libxfixes3 libxrandr2 libgbm1 libasound2
#9 CACHED

#10 [14/18] RUN npm --global --loglevel info install pino-pretty
#10 CACHED

#11 [16/18] RUN pip3 install asyncio
#11 CACHED

#12 [ 2/18] RUN npm --global --loglevel info install crypto
#12 CACHED

#13 [ 8/18] RUN npm --global --loglevel info install zombie
#13 CACHED

#14 [12/18] RUN npm --global --loglevel info install pine
#14 CACHED

#15 [ 5/18] RUN npm --global --loglevel info install express
#15 CACHED

#16 [15/18] RUN npm --global --loglevel info install moment
#16 CACHED

#17 [ 4/18] RUN npm --global --loglevel info install eslint-config-standard-with-typescript  @typescript-eslint/eslint-plugin@^5.50.0 eslint@^8.0.1 eslint-plugin-import@^2.25.2 eslint-plugin-n@^15.0.0 eslint-plugin-promise@^6.0.0 typescript
#17 CACHED

#18 [ 3/18] RUN npm --global --loglevel info install sha256
#18 CACHED

#19 [ 7/18] RUN npm --global --loglevel info install totp-generator
#19 CACHED

#20 [ 9/18] RUN npm --global --loglevel info install puppeteer
#20 CACHED

#21 [18/18] RUN pip3 install python-telegram-bot
#21 CACHED

#22 exporting to image
#22 exporting layers done
#22 writing image sha256:839aeb9a51b59e18b4851303e084fb21a5c57cedec0dd50ec01ca7a6a86ff851 0.0s done
#22 naming to docker.io/library/flat_trade_token_generator:0.0.1 0.0s done
#22 DONE 0.0s
#1 [internal] load .dockerignore
#1 transferring context: 2B done
#1 DONE 0.0s

#2 [internal] load build definition from Dockerfile
#2 transferring dockerfile: 187B 0.1s done
#2 DONE 0.1s

#3 [internal] load metadata for docker.io/library/flat_trade_token_generator:0.0.1
#3 DONE 0.0s

#4 [1/1] FROM docker.io/library/flat_trade_token_generator:0.0.1
#4 DONE 1.2s

#5 exporting to image
#5 exporting layers done
#5 writing image sha256:75837368f874c3e38db9783bd058d8cdc84917ba7353407e3a53a62fd7881308 done
#5 naming to docker.io/library/telegram_cmd_rcvr:0.0.1 0.0s done
#5 DONE 0.0s
