#1 [internal] load .dockerignore
#1 transferring context: 2B done
#1 DONE 0.0s

#2 [internal] load build definition from Dockerfile
#2 transferring dockerfile: 453B 0.0s done
#2 DONE 0.1s

#3 [internal] load metadata for docker.io/library/node:20.1.0-bullseye
#3 DONE 1.5s

#4 [1/4] FROM docker.io/library/node:20.1.0-bullseye@sha256:0efc3ef3fea2822c9d16da084c40181ed7f74b6f45141100580f9887ccc8e9a1
#4 DONE 0.0s

#5 [2/4] WORKDIR /app
#5 CACHED

#6 [3/4] RUN apt-get update
#6 CACHED

#7 [4/4] RUN apt-get install -y build-essential cmake git openssh-server gdb pkg-config valgrind systemd-coredump
#7 CACHED

#8 exporting to image
#8 exporting layers done
#8 writing image sha256:520fbe4956f762f320ef365b50d55a9ff78780d770ee8cb7f7e76feedb3ca8ef 0.0s done
#8 naming to docker.io/library/base_os:0.0.1 0.0s done
#8 DONE 0.0s
#1 [internal] load .dockerignore
#1 transferring context: 2B 0.0s done
#1 DONE 0.1s

#2 [internal] load build definition from Dockerfile
#2 transferring dockerfile: 3.76kB 0.0s done
#2 DONE 0.1s

#3 [internal] load metadata for docker.io/library/base_os:0.0.1
#3 DONE 0.0s

#4 [ 1/77] FROM docker.io/library/base_os:0.0.1
#4 DONE 0.0s

#5 [45/77] RUN npm --global --loglevel info install debug
#5 CACHED

#6 [11/77] RUN npm --global --loglevel info install molecular
#6 CACHED

#7 [49/77] RUN npm --global --loglevel info install compression
#7 CACHED

#8 [70/77] RUN npm --global --loglevel info install ejs
#8 CACHED

#9 [36/77] RUN npm --global --loglevel info install marked
#9 CACHED

#10 [53/77] RUN npm --global --loglevel info install vue
#10 CACHED

#11 [57/77] RUN npm --global --loglevel info install yargs
#11 CACHED

#12 [39/77] RUN npm --global --loglevel info install moment
#12 CACHED

#13 [38/77] RUN npm --global --loglevel info install jsdom
#13 CACHED

#14 [42/77] RUN npm --global --loglevel info install body-parser
#14 CACHED

#15 [60/77] RUN npm --global --loglevel info install rxjs
#15 CACHED

#16 [10/77] RUN npm --global --loglevel info install gulp
#16 CACHED

#17 [63/77] RUN npm --global --loglevel info install file-loader
#17 CACHED

#18 [56/77] RUN npm --global --loglevel info install glob
#18 CACHED

#19 [33/77] RUN npm --global --loglevel info install sqlite
#19 CACHED

#20 [19/77] RUN npm --global --loglevel info install react
#20 CACHED

#21 [59/77] RUN npm --global --loglevel info install totp
#21 CACHED

#22 [74/77] RUN npm --global --loglevel info install chokidar
#22 CACHED

#23 [32/77] RUN npm --global --loglevel info install pug
#23 CACHED

#24 [46/77] RUN npm --global --loglevel info install flat
#24 CACHED

#25 [75/77] RUN npm --global --loglevel info install mime
#25 CACHED

#26 [34/77] RUN npm --global --loglevel info install webpack
#26 CACHED

#27 [35/77] RUN npm --global --loglevel info install angular
#27 CACHED

#28 [67/77] RUN npm --global --loglevel info install url-loader
#28 CACHED

#29 [ 2/77] RUN npm set progress=true
#29 CACHED

#30 [22/77] RUN npm --global --loglevel info install passport
#30 CACHED

#31 [68/77] RUN npm --global --loglevel info install ws
#31 CACHED

#32 [18/77] RUN npm --global --loglevel info install socket.io
#32 CACHED

#33 [24/77] RUN npm --global --loglevel info install sharp
#33 CACHED

#34 [69/77] RUN npm --global --loglevel info install fs
#34 CACHED

#35 [15/77] RUN npm --global --loglevel info install grunt-cli
#35 CACHED

#36 [ 6/77] RUN npm --global --loglevel info install morgan
#36 CACHED

#37 [14/77] RUN npm --global --loglevel info install axios
#37 CACHED

#38 [26/77] RUN npm --global --loglevel info install request
#38 CACHED

#39 [ 3/77] RUN npm --global --loglevel info install express
#39 CACHED

#40 [62/77] RUN npm --global --loglevel info install object-assign
#40 CACHED

#41 [17/77] RUN npm --global --loglevel info install pm2
#41 CACHED

#42 [12/77] RUN npm --global --loglevel info install agenda
#42 CACHED

#43 [ 4/77] RUN npm --global --loglevel info install lodash
#43 CACHED

#44 [28/77] RUN npm --global --loglevel info install bower
#44 CACHED

#45 [41/77] RUN npm --global --loglevel info install debug
#45 CACHED

#46 [ 8/77] RUN npm --global --loglevel info install restify
#46 CACHED

#47 [66/77] RUN npm --global --loglevel info install eslint-plugin-react
#47 CACHED

#48 [76/77] RUN npm --global --loglevel info install cookie-parser
#48 CACHED

#49 [71/77] RUN npm --global --loglevel info install superagent
#49 CACHED

#50 [44/77] RUN npm --global --loglevel info install bunyan
#50 CACHED

#51 [13/77] RUN npm --global --loglevel info install async
#51 CACHED

#52 [20/77] RUN npm --global --loglevel info install redux
#52 CACHED

#53 [23/77] RUN npm --global --loglevel info install winston
#53 CACHED

#54 [48/77] RUN npm --global --loglevel info install helmet
#54 CACHED

#55 [43/77] RUN npm --global --loglevel info install husky
#55 CACHED

#56 [61/77] RUN npm --global --loglevel info install redux
#56 CACHED

#57 [52/77] RUN npm --global --loglevel info install moment
#57 CACHED

#58 [64/77] RUN npm --global --loglevel info install handlebars
#58 CACHED

#59 [72/77] RUN npm --global --loglevel info install vue
#59 CACHED

#60 [51/77] RUN npm --global --loglevel info install fs-extra
#60 CACHED

#61 [27/77] RUN npm --global --loglevel info install browserify
#61 CACHED

#62 [37/77] RUN npm --global --loglevel info install graphicsmagick
#62 CACHED

#63 [50/77] RUN npm --global --loglevel info install react-dom
#63 CACHED

#64 [40/77] RUN npm --global --loglevel info install chalk
#64 CACHED

#65 [31/77] RUN npm --global --loglevel info install hapi
#65 CACHED

#66 [47/77] RUN npm --global --loglevel info install json5
#66 CACHED

#67 [ 7/77] RUN npm --global --loglevel info install nodemon
#67 CACHED

#68 [65/77] RUN npm --global --loglevel info install eslint-plugin-import
#68 CACHED

#69 [25/77] RUN npm --global --loglevel info install puppeteer
#69 CACHED

#70 [16/77] RUN npm --global --loglevel info install grunt
#70 CACHED

#71 [58/77] RUN npm --global --loglevel info install uuid
#71 CACHED

#72 [55/77] RUN npm --global --loglevel info install mkdirp
#72 CACHED

#73 [30/77] RUN npm --global --loglevel info install uglifyjs2
#73 CACHED

#74 [ 5/77] RUN npm --global --loglevel info install eslint
#74 CACHED

#75 [ 9/77] RUN npm --global --loglevel info install nodemailer
#75 CACHED

#76 [73/77] RUN npm --global --loglevel info install vue-router
#76 CACHED

#77 [29/77] RUN npm --global --loglevel info install underscore
#77 CACHED

#78 [21/77] RUN npm --global --loglevel info install dotenv
#78 CACHED

#79 [54/77] RUN npm --global --loglevel info install tslib
#79 CACHED

#80 [77/77] RUN npm --global --loglevel info install speakeasy
#80 CACHED

#81 exporting to image
#81 exporting layers done
#81 writing image sha256:8ca7b37c4d39af5dd20644943b4acd3124874863a458e535c42e84061ae2f948 done
#81 naming to docker.io/library/base_node_js:0.0.1 0.0s done
#81 DONE 0.0s
#1 [internal] load .dockerignore
#1 transferring context: 2B done
#1 DONE 0.0s

#2 [internal] load build definition from Dockerfile
#2 transferring dockerfile: 272B 0.0s done
#2 DONE 0.1s

#3 [internal] load metadata for docker.io/library/base_node_js:0.0.1
#3 DONE 0.0s

#4 [1/4] FROM docker.io/library/base_node_js:0.0.1
#4 DONE 0.0s

#5 [2/4] RUN apt-get install -y --no-install-recommends     python3     python3-pip
#5 CACHED

#6 [3/4] RUN pip3 install nibabel pydicom matplotlib pillow
#6 CACHED

#7 [4/4] RUN pip3 install med2image
#7 CACHED

#8 exporting to image
#8 exporting layers done
#8 writing image sha256:78aed3d6cc741ebee74b376663748bebf0706af88b52b8c0fdb27a4b036e7f25 0.0s done
#8 naming to docker.io/library/base_python:0.0.1 done
#8 DONE 0.0s
#1 [internal] load .dockerignore
#1 transferring context: 2B 0.0s done
#1 DONE 0.0s

#2 [internal] load build definition from Dockerfile
#2 transferring dockerfile: 576B 0.0s done
#2 DONE 0.0s

#3 [internal] load metadata for docker.io/library/base_python:0.0.1
#3 DONE 0.0s

#4 [1/7] FROM docker.io/library/base_python:0.0.1
#4 DONE 0.0s

#5 [2/7] RUN npm --global --loglevel info install crypto
#5 CACHED

#6 [3/7] RUN npm --global --loglevel info install sha256
#6 CACHED

#7 [4/7] RUN npm --global --loglevel info install eslint-config-standard-with-typescript  @typescript-eslint/eslint-plugin@^5.50.0 eslint@^8.0.1 eslint-plugin-import@^2.25.2 eslint-plugin-n@^15.0.0 eslint-plugin-promise@^6.0.0 typescript
#7 CACHED

#8 [5/7] RUN npm --global config set user root
#8 2.471 npm ERR! `user` is not a valid npm option
#8 2.484 
#8 2.486 npm ERR! A complete log of this run can be found in: /root/.npm/_logs/2023-06-24T14_12_09_938Z-debug-0.log
#8 ERROR: process "/bin/sh -c npm --global config set user root" did not complete successfully: exit code: 1
------
 > [5/7] RUN npm --global config set user root:
ERR! `user` is not a valid npm option
#8 2.484 
#8 2.486 npm ERR! A complete log of this run can be found in: /root/.npm/_logs/2023-06-24T14_12_09_938Z-debug-0.log
------
Dockerfile:8
--------------------
   6 |     RUN npm --global --loglevel info install sha256
   7 |     RUN npm --global --loglevel info install eslint-config-standard-with-typescript  @typescript-eslint/eslint-plugin@^5.50.0 eslint@^8.0.1 eslint-plugin-import@^2.25.2 eslint-plugin-n@^15.0.0 eslint-plugin-promise@^6.0.0 typescript
   8 | >>> RUN npm --global config set user root 
   9 |     RUN npm --global --loglevel info install express 
  10 |     RUN npm --global --loglevel info install request 
--------------------
ERROR: failed to solve: process "/bin/sh -c npm --global config set user root" did not complete successfully: exit code: 1
