#1 [internal] load .dockerignore
#1 transferring context: 2B 0.0s done
#1 DONE 0.0s

#2 [internal] load build definition from Dockerfile
#2 transferring dockerfile: 1.29kB 0.1s done
#2 DONE 0.1s

#3 [internal] load metadata for docker.io/library/base_python:0.0.1
#3 DONE 0.0s

#4 [ 1/17] FROM docker.io/library/base_python:0.0.1
#4 DONE 0.0s

#5 [12/17] RUN npm --global --loglevel info install pine
#5 CACHED

#6 [ 8/17] RUN npm --global --loglevel info install zombie
#6 CACHED

#7 [14/17] RUN npm --global --loglevel info install pino-pretty
#7 CACHED

#8 [ 2/17] RUN npm --global --loglevel info install crypto
#8 CACHED

#9 [ 7/17] RUN npm --global --loglevel info install totp-generator
#9 CACHED

#10 [ 3/17] RUN npm --global --loglevel info install sha256
#10 CACHED

#11 [ 9/17] RUN npm --global --loglevel info install puppeteer
#11 CACHED

#12 [ 5/17] RUN npm --global --loglevel info install express
#12 CACHED

#13 [11/17] RUN npm --global --loglevel info install websocket
#13 CACHED

#14 [ 4/17] RUN npm --global --loglevel info install eslint-config-standard-with-typescript  @typescript-eslint/eslint-plugin@^5.50.0 eslint@^8.0.1 eslint-plugin-import@^2.25.2 eslint-plugin-n@^15.0.0 eslint-plugin-promise@^6.0.0 typescript
#14 CACHED

#15 [13/17] RUN npm --global --loglevel info install pino
#15 CACHED

#16 [ 6/17] RUN npm --global --loglevel info install request
#16 CACHED

#17 [10/17] RUN apt-get install -y libnss3 libnspr4 libatk1.0-0 libatk-bridge2.0-0 libcups2 libdrm2 libxkbcommon0 libxcomposite1 libxdamage1 libxfixes3 libxrandr2 libgbm1 libasound2
#17 CACHED

#18 [15/17] RUN npm --global --loglevel info install moment
#18 CACHED

#19 [16/17] RUN pip3 install asyncio
#19 5.229 Collecting asyncio
#19 5.285   Downloading asyncio-3.4.3-py3-none-any.whl (101 kB)
#19 5.877 Installing collected packages: asyncio
#19 6.083 Successfully installed asyncio-3.4.3
#19 DONE 6.4s

#20 [17/17] RUN pip3 install telegram
#20 4.716 Collecting telegram
#20 4.766   Downloading telegram-0.0.1.tar.gz (879 bytes)
#20 5.380 Building wheels for collected packages: telegram
#20 5.384   Building wheel for telegram (setup.py): started
#20 6.097   Building wheel for telegram (setup.py): finished with status 'done'
#20 6.099   Created wheel for telegram: filename=telegram-0.0.1-py3-none-any.whl size=1306 sha256=56d1153b3eaaa6ded2f3205a72472630205bdba51034d43f2f82e44548492712
#20 6.101   Stored in directory: /root/.cache/pip/wheels/11/7a/5d/62391dcb6b9a45247192c3a711bf03ed513c14218a8b275a63
#20 6.108 Successfully built telegram
#20 6.662 Installing collected packages: telegram
#20 6.704 Successfully installed telegram-0.0.1
#20 DONE 7.0s

#21 exporting to image
#21 exporting layers
#21 exporting layers 0.3s done
#21 writing image sha256:92a90fb096f12e3b7427e083e5fb79586269c6d555cb945b5de7cebeeec7ff15 0.0s done
#21 naming to docker.io/library/flat_trade_token_generator:0.0.1 0.0s done
#21 DONE 0.3s
