#1 [internal] load .dockerignore
#1 transferring context: 2B done
#1 DONE 0.0s

#2 [internal] load build definition from Dockerfile
#2 transferring dockerfile: 453B 0.0s done
#2 DONE 0.1s

#3 [internal] load metadata for docker.io/library/node:20.1.0-bullseye
#3 DONE 0.8s

#4 [1/4] FROM docker.io/library/node:20.1.0-bullseye@sha256:0efc3ef3fea2822c9d16da084c40181ed7f74b6f45141100580f9887ccc8e9a1
#4 DONE 0.0s

#5 [2/4] WORKDIR /app
#5 CACHED

#6 [3/4] RUN apt-get update
#6 CACHED

#7 [4/4] RUN apt-get install -y build-essential cmake git openssh-server gdb pkg-config valgrind systemd-coredump
#7 CACHED

#8 exporting to image
#8 exporting layers done
#8 writing image sha256:520fbe4956f762f320ef365b50d55a9ff78780d770ee8cb7f7e76feedb3ca8ef 0.0s done
#8 naming to docker.io/library/base_os:0.0.1 0.0s done
#8 DONE 0.0s
#1 [internal] load build definition from Dockerfile
#1 transferring dockerfile: 3.76kB 0.0s done
#1 DONE 0.0s

#2 [internal] load .dockerignore
#2 transferring context: 2B done
#2 DONE 0.1s

#3 [internal] load metadata for docker.io/library/base_os:0.0.1
#3 DONE 0.0s

#4 [ 1/77] FROM docker.io/library/base_os:0.0.1
#4 DONE 0.0s

#5 [13/77] RUN npm --global --loglevel info install async
#5 CACHED

#6 [18/77] RUN npm --global --loglevel info install socket.io
#6 CACHED

#7 [ 4/77] RUN npm --global --loglevel info install lodash
#7 CACHED

#8 [49/77] RUN npm --global --loglevel info install compression
#8 CACHED

#9 [47/77] RUN npm --global --loglevel info install json5
#9 CACHED

#10 [48/77] RUN npm --global --loglevel info install helmet
#10 CACHED

#11 [38/77] RUN npm --global --loglevel info install jsdom
#11 CACHED

#12 [54/77] RUN npm --global --loglevel info install tslib
#12 CACHED

#13 [43/77] RUN npm --global --loglevel info install husky
#13 CACHED

#14 [ 6/77] RUN npm --global --loglevel info install morgan
#14 CACHED

#15 [23/77] RUN npm --global --loglevel info install winston
#15 CACHED

#16 [36/77] RUN npm --global --loglevel info install marked
#16 CACHED

#17 [59/77] RUN npm --global --loglevel info install totp
#17 CACHED

#18 [45/77] RUN npm --global --loglevel info install debug
#18 CACHED

#19 [26/77] RUN npm --global --loglevel info install request
#19 CACHED

#20 [61/77] RUN npm --global --loglevel info install redux
#20 CACHED

#21 [75/77] RUN npm --global --loglevel info install mime
#21 CACHED

#22 [67/77] RUN npm --global --loglevel info install url-loader
#22 CACHED

#23 [52/77] RUN npm --global --loglevel info install moment
#23 CACHED

#24 [11/77] RUN npm --global --loglevel info install molecular
#24 CACHED

#25 [41/77] RUN npm --global --loglevel info install debug
#25 CACHED

#26 [ 2/77] RUN npm set progress=true
#26 CACHED

#27 [37/77] RUN npm --global --loglevel info install graphicsmagick
#27 CACHED

#28 [39/77] RUN npm --global --loglevel info install moment
#28 CACHED

#29 [71/77] RUN npm --global --loglevel info install superagent
#29 CACHED

#30 [70/77] RUN npm --global --loglevel info install ejs
#30 CACHED

#31 [33/77] RUN npm --global --loglevel info install sqlite
#31 CACHED

#32 [10/77] RUN npm --global --loglevel info install gulp
#32 CACHED

#33 [ 8/77] RUN npm --global --loglevel info install restify
#33 CACHED

#34 [55/77] RUN npm --global --loglevel info install mkdirp
#34 CACHED

#35 [50/77] RUN npm --global --loglevel info install react-dom
#35 CACHED

#36 [76/77] RUN npm --global --loglevel info install cookie-parser
#36 CACHED

#37 [66/77] RUN npm --global --loglevel info install eslint-plugin-react
#37 CACHED

#38 [65/77] RUN npm --global --loglevel info install eslint-plugin-import
#38 CACHED

#39 [72/77] RUN npm --global --loglevel info install vue
#39 CACHED

#40 [35/77] RUN npm --global --loglevel info install angular
#40 CACHED

#41 [12/77] RUN npm --global --loglevel info install agenda
#41 CACHED

#42 [19/77] RUN npm --global --loglevel info install react
#42 CACHED

#43 [29/77] RUN npm --global --loglevel info install underscore
#43 CACHED

#44 [44/77] RUN npm --global --loglevel info install bunyan
#44 CACHED

#45 [27/77] RUN npm --global --loglevel info install browserify
#45 CACHED

#46 [34/77] RUN npm --global --loglevel info install webpack
#46 CACHED

#47 [24/77] RUN npm --global --loglevel info install sharp
#47 CACHED

#48 [46/77] RUN npm --global --loglevel info install flat
#48 CACHED

#49 [74/77] RUN npm --global --loglevel info install chokidar
#49 CACHED

#50 [20/77] RUN npm --global --loglevel info install redux
#50 CACHED

#51 [64/77] RUN npm --global --loglevel info install handlebars
#51 CACHED

#52 [42/77] RUN npm --global --loglevel info install body-parser
#52 CACHED

#53 [30/77] RUN npm --global --loglevel info install uglifyjs2
#53 CACHED

#54 [62/77] RUN npm --global --loglevel info install object-assign
#54 CACHED

#55 [14/77] RUN npm --global --loglevel info install axios
#55 CACHED

#56 [40/77] RUN npm --global --loglevel info install chalk
#56 CACHED

#57 [58/77] RUN npm --global --loglevel info install uuid
#57 CACHED

#58 [15/77] RUN npm --global --loglevel info install grunt-cli
#58 CACHED

#59 [22/77] RUN npm --global --loglevel info install passport
#59 CACHED

#60 [73/77] RUN npm --global --loglevel info install vue-router
#60 CACHED

#61 [16/77] RUN npm --global --loglevel info install grunt
#61 CACHED

#62 [32/77] RUN npm --global --loglevel info install pug
#62 CACHED

#63 [68/77] RUN npm --global --loglevel info install ws
#63 CACHED

#64 [51/77] RUN npm --global --loglevel info install fs-extra
#64 CACHED

#65 [56/77] RUN npm --global --loglevel info install glob
#65 CACHED

#66 [17/77] RUN npm --global --loglevel info install pm2
#66 CACHED

#67 [25/77] RUN npm --global --loglevel info install puppeteer
#67 CACHED

#68 [60/77] RUN npm --global --loglevel info install rxjs
#68 CACHED

#69 [ 7/77] RUN npm --global --loglevel info install nodemon
#69 CACHED

#70 [53/77] RUN npm --global --loglevel info install vue
#70 CACHED

#71 [28/77] RUN npm --global --loglevel info install bower
#71 CACHED

#72 [ 9/77] RUN npm --global --loglevel info install nodemailer
#72 CACHED

#73 [31/77] RUN npm --global --loglevel info install hapi
#73 CACHED

#74 [69/77] RUN npm --global --loglevel info install fs
#74 CACHED

#75 [63/77] RUN npm --global --loglevel info install file-loader
#75 CACHED

#76 [57/77] RUN npm --global --loglevel info install yargs
#76 CACHED

#77 [21/77] RUN npm --global --loglevel info install dotenv
#77 CACHED

#78 [ 5/77] RUN npm --global --loglevel info install eslint
#78 CACHED

#79 [ 3/77] RUN npm --global --loglevel info install express
#79 CACHED

#80 [77/77] RUN npm --global --loglevel info install speakeasy
#80 CACHED

#81 exporting to image
#81 exporting layers done
#81 writing image sha256:8ca7b37c4d39af5dd20644943b4acd3124874863a458e535c42e84061ae2f948 done
#81 naming to docker.io/library/base_node_js:0.0.1 0.0s done
#81 DONE 0.0s
#1 [internal] load .dockerignore
#1 transferring context: 2B done
#1 DONE 0.0s

#2 [internal] load build definition from Dockerfile
#2 transferring dockerfile: 272B 0.0s done
#2 DONE 0.1s

#3 [internal] load metadata for docker.io/library/base_node_js:0.0.1
#3 DONE 0.0s

#4 [1/4] FROM docker.io/library/base_node_js:0.0.1
#4 DONE 0.0s

#5 [3/4] RUN pip3 install nibabel pydicom matplotlib pillow
#5 CACHED

#6 [2/4] RUN apt-get install -y --no-install-recommends     python3     python3-pip
#6 CACHED

#7 [4/4] RUN pip3 install med2image
#7 CACHED

#8 exporting to image
#8 exporting layers done
#8 writing image sha256:adb47c7f32591db7c6761c44d0bf6d8f323ac87d6e16357cc988bbd8e83e3184 done
#8 naming to docker.io/library/base_python:0.0.1 0.0s done
#8 DONE 0.0s
#1 [internal] load build definition from Dockerfile
#1 transferring dockerfile: 208B done
#1 DONE 0.1s

#2 [internal] load .dockerignore
#2 transferring context: 2B done
#2 DONE 0.2s

#3 [internal] load metadata for docker.io/library/base_python:0.0.1
#3 DONE 0.0s

#4 [1/3] FROM docker.io/library/base_python:0.0.1
#4 DONE 1.0s

#5 [2/3] RUN npm --global --loglevel info install crypto
#5 3.002 npm info using npm@9.6.4
#5 3.013 npm info using node@v20.1.0
#5 3.595 npm http fetch GET 200 https://registry.npmjs.org/crypto 383ms (cache miss)
#5 3.939 npm http fetch GET 200 https://registry.npmjs.org/crypto/-/crypto-1.0.1.tgz 260ms (cache miss)
#5 3.961 npm WARN deprecated crypto@1.0.1: This package is no longer supported. It's now a built-in Node module. If you've depended on crypto, you should switch to the one that's built-in.
#5 3.984 
#5 3.984 added 1 package in 1s
#5 3.994 npm info ok 
#5 DONE 4.2s

#6 [3/3] RUN npm --global --loglevel info install sha256
#6 2.674 npm info using npm@9.6.4
#6 2.685 npm info using node@v20.1.0
#6 3.321 npm http fetch GET 200 https://registry.npmjs.org/npm 562ms (cache updated)
#6 4.133 npm http fetch GET 200 https://registry.npmjs.org/sha256 1315ms (cache miss)
#6 5.326 npm http fetch GET 200 https://registry.npmjs.org/convert-string 1164ms (cache miss)
#6 5.342 npm http fetch GET 200 https://registry.npmjs.org/convert-hex 1183ms (cache miss)
#6 5.602 npm http fetch GET 200 https://registry.npmjs.org/convert-string/-/convert-string-0.1.0.tgz 153ms (cache miss)
#6 5.613 npm http fetch GET 200 https://registry.npmjs.org/sha256/-/sha256-0.2.0.tgz 169ms (cache miss)
#6 5.622 npm http fetch GET 200 https://registry.npmjs.org/convert-hex/-/convert-hex-0.1.0.tgz 168ms (cache miss)
#6 5.641 
#6 5.641 added 3 packages in 3s
#6 5.644 npm notice 
#6 5.648 npm notice New minor version of npm available! 9.6.4 -> 9.7.2
#6 5.653 npm notice Changelog: <https://github.com/npm/cli/releases/tag/v9.7.2>
#6 5.653 npm notice Run `npm install -g npm@9.7.2` to update!
#6 5.653 npm notice 
#6 5.653 npm info ok 
#6 DONE 5.8s

#7 exporting to image
#7 exporting layers
#7 exporting layers 0.3s done
#7 writing image sha256:d73b494d2a653c37f598450af76ec1171141957328ad26663da1b4e4accfa182
#7 writing image sha256:d73b494d2a653c37f598450af76ec1171141957328ad26663da1b4e4accfa182 0.0s done
#7 naming to docker.io/library/flat_trade_token_generator:0.0.1 0.0s done
#7 DONE 0.4s
