#1 [internal] load .dockerignore
#1 transferring context: 2B 0.0s done
#1 DONE 0.0s

#2 [internal] load build definition from Dockerfile
#2 transferring dockerfile: 453B 0.0s done
#2 DONE 0.1s

#3 [internal] load metadata for docker.io/library/node:20.1.0-bullseye
#3 DONE 5.9s

#4 [1/4] FROM docker.io/library/node:20.1.0-bullseye@sha256:0efc3ef3fea2822c9d16da084c40181ed7f74b6f45141100580f9887ccc8e9a1
#4 DONE 0.0s

#5 [3/4] RUN apt-get update
#5 CACHED

#6 [2/4] WORKDIR /app
#6 CACHED

#7 [4/4] RUN apt-get install -y build-essential cmake git openssh-server gdb pkg-config valgrind systemd-coredump
#7 CACHED

#8 exporting to image
#8 exporting layers done
#8 writing image sha256:520fbe4956f762f320ef365b50d55a9ff78780d770ee8cb7f7e76feedb3ca8ef 0.0s done
#8 naming to docker.io/library/base_os:0.0.1 0.0s done
#8 DONE 0.0s
#1 [internal] load build definition from Dockerfile
#1 transferring dockerfile: 3.76kB done
#1 DONE 0.0s

#2 [internal] load .dockerignore
#2 transferring context: 2B done
#2 DONE 0.1s

#3 [internal] load metadata for docker.io/library/base_os:0.0.1
#3 DONE 0.0s

#4 [ 1/77] FROM docker.io/library/base_os:0.0.1
#4 DONE 0.0s

#5 [45/77] RUN npm --global --loglevel info install debug
#5 CACHED

#6 [73/77] RUN npm --global --loglevel info install vue-router
#6 CACHED

#7 [40/77] RUN npm --global --loglevel info install chalk
#7 CACHED

#8 [11/77] RUN npm --global --loglevel info install molecular
#8 CACHED

#9 [74/77] RUN npm --global --loglevel info install chokidar
#9 CACHED

#10 [ 2/77] RUN npm set progress=true
#10 CACHED

#11 [35/77] RUN npm --global --loglevel info install angular
#11 CACHED

#12 [12/77] RUN npm --global --loglevel info install agenda
#12 CACHED

#13 [47/77] RUN npm --global --loglevel info install json5
#13 CACHED

#14 [72/77] RUN npm --global --loglevel info install vue
#14 CACHED

#15 [ 4/77] RUN npm --global --loglevel info install lodash
#15 CACHED

#16 [22/77] RUN npm --global --loglevel info install passport
#16 CACHED

#17 [54/77] RUN npm --global --loglevel info install tslib
#17 CACHED

#18 [28/77] RUN npm --global --loglevel info install bower
#18 CACHED

#19 [56/77] RUN npm --global --loglevel info install glob
#19 CACHED

#20 [ 9/77] RUN npm --global --loglevel info install nodemailer
#20 CACHED

#21 [52/77] RUN npm --global --loglevel info install moment
#21 CACHED

#22 [53/77] RUN npm --global --loglevel info install vue
#22 CACHED

#23 [62/77] RUN npm --global --loglevel info install object-assign
#23 CACHED

#24 [69/77] RUN npm --global --loglevel info install fs
#24 CACHED

#25 [75/77] RUN npm --global --loglevel info install mime
#25 CACHED

#26 [10/77] RUN npm --global --loglevel info install gulp
#26 CACHED

#27 [16/77] RUN npm --global --loglevel info install grunt
#27 CACHED

#28 [34/77] RUN npm --global --loglevel info install webpack
#28 CACHED

#29 [66/77] RUN npm --global --loglevel info install eslint-plugin-react
#29 CACHED

#30 [44/77] RUN npm --global --loglevel info install bunyan
#30 CACHED

#31 [33/77] RUN npm --global --loglevel info install sqlite
#31 CACHED

#32 [60/77] RUN npm --global --loglevel info install rxjs
#32 CACHED

#33 [25/77] RUN npm --global --loglevel info install puppeteer
#33 CACHED

#34 [29/77] RUN npm --global --loglevel info install underscore
#34 CACHED

#35 [41/77] RUN npm --global --loglevel info install debug
#35 CACHED

#36 [50/77] RUN npm --global --loglevel info install react-dom
#36 CACHED

#37 [43/77] RUN npm --global --loglevel info install husky
#37 CACHED

#38 [ 8/77] RUN npm --global --loglevel info install restify
#38 CACHED

#39 [70/77] RUN npm --global --loglevel info install ejs
#39 CACHED

#40 [30/77] RUN npm --global --loglevel info install uglifyjs2
#40 CACHED

#41 [26/77] RUN npm --global --loglevel info install request
#41 CACHED

#42 [15/77] RUN npm --global --loglevel info install grunt-cli
#42 CACHED

#43 [48/77] RUN npm --global --loglevel info install helmet
#43 CACHED

#44 [57/77] RUN npm --global --loglevel info install yargs
#44 CACHED

#45 [20/77] RUN npm --global --loglevel info install redux
#45 CACHED

#46 [24/77] RUN npm --global --loglevel info install sharp
#46 CACHED

#47 [65/77] RUN npm --global --loglevel info install eslint-plugin-import
#47 CACHED

#48 [61/77] RUN npm --global --loglevel info install redux
#48 CACHED

#49 [13/77] RUN npm --global --loglevel info install async
#49 CACHED

#50 [68/77] RUN npm --global --loglevel info install ws
#50 CACHED

#51 [14/77] RUN npm --global --loglevel info install axios
#51 CACHED

#52 [42/77] RUN npm --global --loglevel info install body-parser
#52 CACHED

#53 [ 6/77] RUN npm --global --loglevel info install morgan
#53 CACHED

#54 [23/77] RUN npm --global --loglevel info install winston
#54 CACHED

#55 [ 7/77] RUN npm --global --loglevel info install nodemon
#55 CACHED

#56 [63/77] RUN npm --global --loglevel info install file-loader
#56 CACHED

#57 [49/77] RUN npm --global --loglevel info install compression
#57 CACHED

#58 [76/77] RUN npm --global --loglevel info install cookie-parser
#58 CACHED

#59 [59/77] RUN npm --global --loglevel info install totp
#59 CACHED

#60 [55/77] RUN npm --global --loglevel info install mkdirp
#60 CACHED

#61 [36/77] RUN npm --global --loglevel info install marked
#61 CACHED

#62 [21/77] RUN npm --global --loglevel info install dotenv
#62 CACHED

#63 [ 3/77] RUN npm --global --loglevel info install express
#63 CACHED

#64 [19/77] RUN npm --global --loglevel info install react
#64 CACHED

#65 [27/77] RUN npm --global --loglevel info install browserify
#65 CACHED

#66 [51/77] RUN npm --global --loglevel info install fs-extra
#66 CACHED

#67 [46/77] RUN npm --global --loglevel info install flat
#67 CACHED

#68 [31/77] RUN npm --global --loglevel info install hapi
#68 CACHED

#69 [18/77] RUN npm --global --loglevel info install socket.io
#69 CACHED

#70 [32/77] RUN npm --global --loglevel info install pug
#70 CACHED

#71 [38/77] RUN npm --global --loglevel info install jsdom
#71 CACHED

#72 [37/77] RUN npm --global --loglevel info install graphicsmagick
#72 CACHED

#73 [58/77] RUN npm --global --loglevel info install uuid
#73 CACHED

#74 [67/77] RUN npm --global --loglevel info install url-loader
#74 CACHED

#75 [ 5/77] RUN npm --global --loglevel info install eslint
#75 CACHED

#76 [17/77] RUN npm --global --loglevel info install pm2
#76 CACHED

#77 [64/77] RUN npm --global --loglevel info install handlebars
#77 CACHED

#78 [39/77] RUN npm --global --loglevel info install moment
#78 CACHED

#79 [71/77] RUN npm --global --loglevel info install superagent
#79 CACHED

#80 [77/77] RUN npm --global --loglevel info install speakeasy
#80 CACHED

#81 exporting to image
#81 exporting layers done
#81 writing image sha256:8ca7b37c4d39af5dd20644943b4acd3124874863a458e535c42e84061ae2f948 0.0s done
#81 naming to docker.io/library/base_node_js:0.0.1 0.0s done
#81 DONE 0.0s
#1 [internal] load .dockerignore
#1 transferring context: 2B done
#1 DONE 0.0s

#2 [internal] load build definition from Dockerfile
#2 transferring dockerfile: 272B 0.0s done
#2 DONE 0.1s

#3 [internal] load metadata for docker.io/library/base_node_js:0.0.1
#3 DONE 0.0s

#4 [1/4] FROM docker.io/library/base_node_js:0.0.1
#4 DONE 0.0s

#5 [2/4] RUN apt-get install -y --no-install-recommends     python3     python3-pip
#5 CACHED

#6 [3/4] RUN pip3 install nibabel pydicom matplotlib pillow
#6 CACHED

#7 [4/4] RUN pip3 install med2image
#7 CACHED

#8 exporting to image
#8 exporting layers done
#8 writing image sha256:adb47c7f32591db7c6761c44d0bf6d8f323ac87d6e16357cc988bbd8e83e3184 done
#8 naming to docker.io/library/base_python:0.0.1 0.0s done
#8 DONE 0.0s
#1 [internal] load .dockerignore
#1 transferring context: 2B 0.0s done
#1 DONE 0.1s

#2 [internal] load build definition from Dockerfile
#2 transferring dockerfile: 1.33kB 0.1s done
#2 DONE 0.2s

#3 [internal] load metadata for docker.io/library/base_python:0.0.1
#3 DONE 0.0s

#4 [ 1/17] FROM docker.io/library/base_python:0.0.1
#4 DONE 0.0s

#5 [ 9/17] RUN npm --global --loglevel info install puppeteer
#5 CACHED

#6 [11/17] RUN npm --global --loglevel info install websocket
#6 CACHED

#7 [13/17] RUN npm --global --loglevel info install pino
#7 CACHED

#8 [ 6/17] RUN npm --global --loglevel info install request
#8 CACHED

#9 [ 3/17] RUN npm --global --loglevel info install sha256
#9 CACHED

#10 [ 8/17] RUN npm --global --loglevel info install zombie
#10 CACHED

#11 [ 7/17] RUN npm --global --loglevel info install totp-generator
#11 CACHED

#12 [15/17] RUN npm --global --loglevel info install moment
#12 CACHED

#13 [ 4/17] RUN npm --global --loglevel info install eslint-config-standard-with-typescript  @typescript-eslint/eslint-plugin@^5.50.0 eslint@^8.0.1 eslint-plugin-import@^2.25.2 eslint-plugin-n@^15.0.0 eslint-plugin-promise@^6.0.0 typescript
#13 CACHED

#14 [ 5/17] RUN npm --global --loglevel info install express
#14 CACHED

#15 [14/17] RUN npm --global --loglevel info install pino-pretty
#15 CACHED

#16 [ 2/17] RUN npm --global --loglevel info install crypto
#16 CACHED

#17 [12/17] RUN npm --global --loglevel info install pine
#17 CACHED

#18 [10/17] RUN apt-get install -y libnss3 libnspr4 libatk1.0-0 libatk-bridge2.0-0 libcups2 libdrm2 libxkbcommon0 libxcomposite1 libxdamage1 libxfixes3 libxrandr2 libgbm1 libasound2
#18 CACHED

#19 [16/17] RUN pip3 install asyncio
#19 CACHED

#20 [17/17] RUN pip3 install telethon
#20 5.548 Collecting telethon
#20 5.639   Downloading Telethon-1.28.5-py3-none-any.whl (600 kB)
#20 5.919 Collecting rsa
#20 5.933   Downloading rsa-4.9-py3-none-any.whl (34 kB)
#20 6.002 Collecting pyaes
#20 6.015   Downloading pyaes-1.6.1.tar.gz (28 kB)
#20 6.994 Collecting pyasn1>=0.1.3
#20 7.011   Downloading pyasn1-0.5.0-py2.py3-none-any.whl (83 kB)
#20 7.045 Building wheels for collected packages: pyaes
#20 7.048   Building wheel for pyaes (setup.py): started
#20 7.737   Building wheel for pyaes (setup.py): finished with status 'done'
#20 7.739   Created wheel for pyaes: filename=pyaes-1.6.1-py3-none-any.whl size=26345 sha256=ef53cfce3f6ee95451e7ac5122013790691de7d3fdee79e5eaacca4f824a24bb
#20 7.741   Stored in directory: /root/.cache/pip/wheels/33/13/e9/ef9894385084d8e4fab38f5f83afda49a3d593d8afc907c8fd
#20 7.746 Successfully built pyaes
#20 8.293 Installing collected packages: pyasn1, rsa, pyaes, telethon
#20 10.62 Successfully installed pyaes-1.6.1 pyasn1-0.5.0 rsa-4.9 telethon-1.28.5
#20 DONE 11.1s

#21 exporting to image
#21 exporting layers
#21 exporting layers 0.5s done
#21 writing image sha256:2f6b162919cb4ea8cefc34c71a4b76c25bfa0cf0ec422b5cd4833567af5ab242 0.0s done
#21 naming to docker.io/library/flat_trade_token_generator:0.0.1
#21 naming to docker.io/library/flat_trade_token_generator:0.0.1 0.0s done
#21 DONE 0.5s
