#1 [internal] load .dockerignore
#1 transferring context: 2B done
#1 DONE 0.0s

#2 [internal] load build definition from Dockerfile
#2 transferring dockerfile: 453B 0.0s done
#2 DONE 0.1s

#3 [internal] load metadata for docker.io/library/node:20.1.0-bullseye
#3 DONE 5.8s

#4 [1/4] FROM docker.io/library/node:20.1.0-bullseye@sha256:0efc3ef3fea2822c9d16da084c40181ed7f74b6f45141100580f9887ccc8e9a1
#4 DONE 0.0s

#5 [2/4] WORKDIR /app
#5 CACHED

#6 [3/4] RUN apt-get update
#6 CACHED

#7 [4/4] RUN apt-get install -y build-essential cmake git openssh-server gdb pkg-config valgrind systemd-coredump
#7 CACHED

#8 exporting to image
#8 exporting layers done
#8 writing image sha256:520fbe4956f762f320ef365b50d55a9ff78780d770ee8cb7f7e76feedb3ca8ef done
#8 naming to docker.io/library/base_os:0.0.1 done
#8 DONE 0.0s
#1 [internal] load .dockerignore
#1 transferring context: 2B done
#1 DONE 0.1s

#2 [internal] load build definition from Dockerfile
#2 transferring dockerfile: 3.76kB 0.0s done
#2 DONE 0.1s

#3 [internal] load metadata for docker.io/library/base_os:0.0.1
#3 DONE 0.0s

#4 [ 1/77] FROM docker.io/library/base_os:0.0.1
#4 DONE 0.0s

#5 [50/77] RUN npm --global --loglevel info install react-dom
#5 CACHED

#6 [56/77] RUN npm --global --loglevel info install glob
#6 CACHED

#7 [64/77] RUN npm --global --loglevel info install handlebars
#7 CACHED

#8 [69/77] RUN npm --global --loglevel info install fs
#8 CACHED

#9 [ 5/77] RUN npm --global --loglevel info install eslint
#9 CACHED

#10 [54/77] RUN npm --global --loglevel info install tslib
#10 CACHED

#11 [61/77] RUN npm --global --loglevel info install redux
#11 CACHED

#12 [71/77] RUN npm --global --loglevel info install superagent
#12 CACHED

#13 [47/77] RUN npm --global --loglevel info install json5
#13 CACHED

#14 [26/77] RUN npm --global --loglevel info install request
#14 CACHED

#15 [21/77] RUN npm --global --loglevel info install dotenv
#15 CACHED

#16 [20/77] RUN npm --global --loglevel info install redux
#16 CACHED

#17 [51/77] RUN npm --global --loglevel info install fs-extra
#17 CACHED

#18 [15/77] RUN npm --global --loglevel info install grunt-cli
#18 CACHED

#19 [17/77] RUN npm --global --loglevel info install pm2
#19 CACHED

#20 [18/77] RUN npm --global --loglevel info install socket.io
#20 CACHED

#21 [53/77] RUN npm --global --loglevel info install vue
#21 CACHED

#22 [33/77] RUN npm --global --loglevel info install sqlite
#22 CACHED

#23 [75/77] RUN npm --global --loglevel info install mime
#23 CACHED

#24 [74/77] RUN npm --global --loglevel info install chokidar
#24 CACHED

#25 [63/77] RUN npm --global --loglevel info install file-loader
#25 CACHED

#26 [13/77] RUN npm --global --loglevel info install async
#26 CACHED

#27 [ 2/77] RUN npm set progress=true
#27 CACHED

#28 [ 9/77] RUN npm --global --loglevel info install nodemailer
#28 CACHED

#29 [38/77] RUN npm --global --loglevel info install jsdom
#29 CACHED

#30 [23/77] RUN npm --global --loglevel info install winston
#30 CACHED

#31 [72/77] RUN npm --global --loglevel info install vue
#31 CACHED

#32 [10/77] RUN npm --global --loglevel info install gulp
#32 CACHED

#33 [42/77] RUN npm --global --loglevel info install body-parser
#33 CACHED

#34 [48/77] RUN npm --global --loglevel info install helmet
#34 CACHED

#35 [ 7/77] RUN npm --global --loglevel info install nodemon
#35 CACHED

#36 [65/77] RUN npm --global --loglevel info install eslint-plugin-import
#36 CACHED

#37 [35/77] RUN npm --global --loglevel info install angular
#37 CACHED

#38 [43/77] RUN npm --global --loglevel info install husky
#38 CACHED

#39 [40/77] RUN npm --global --loglevel info install chalk
#39 CACHED

#40 [45/77] RUN npm --global --loglevel info install debug
#40 CACHED

#41 [19/77] RUN npm --global --loglevel info install react
#41 CACHED

#42 [11/77] RUN npm --global --loglevel info install molecular
#42 CACHED

#43 [39/77] RUN npm --global --loglevel info install moment
#43 CACHED

#44 [52/77] RUN npm --global --loglevel info install moment
#44 CACHED

#45 [27/77] RUN npm --global --loglevel info install browserify
#45 CACHED

#46 [ 8/77] RUN npm --global --loglevel info install restify
#46 CACHED

#47 [12/77] RUN npm --global --loglevel info install agenda
#47 CACHED

#48 [58/77] RUN npm --global --loglevel info install uuid
#48 CACHED

#49 [76/77] RUN npm --global --loglevel info install cookie-parser
#49 CACHED

#50 [36/77] RUN npm --global --loglevel info install marked
#50 CACHED

#51 [70/77] RUN npm --global --loglevel info install ejs
#51 CACHED

#52 [29/77] RUN npm --global --loglevel info install underscore
#52 CACHED

#53 [34/77] RUN npm --global --loglevel info install webpack
#53 CACHED

#54 [62/77] RUN npm --global --loglevel info install object-assign
#54 CACHED

#55 [24/77] RUN npm --global --loglevel info install sharp
#55 CACHED

#56 [32/77] RUN npm --global --loglevel info install pug
#56 CACHED

#57 [49/77] RUN npm --global --loglevel info install compression
#57 CACHED

#58 [16/77] RUN npm --global --loglevel info install grunt
#58 CACHED

#59 [37/77] RUN npm --global --loglevel info install graphicsmagick
#59 CACHED

#60 [59/77] RUN npm --global --loglevel info install totp
#60 CACHED

#61 [ 4/77] RUN npm --global --loglevel info install lodash
#61 CACHED

#62 [25/77] RUN npm --global --loglevel info install puppeteer
#62 CACHED

#63 [ 3/77] RUN npm --global --loglevel info install express
#63 CACHED

#64 [41/77] RUN npm --global --loglevel info install debug
#64 CACHED

#65 [55/77] RUN npm --global --loglevel info install mkdirp
#65 CACHED

#66 [68/77] RUN npm --global --loglevel info install ws
#66 CACHED

#67 [ 6/77] RUN npm --global --loglevel info install morgan
#67 CACHED

#68 [28/77] RUN npm --global --loglevel info install bower
#68 CACHED

#69 [73/77] RUN npm --global --loglevel info install vue-router
#69 CACHED

#70 [14/77] RUN npm --global --loglevel info install axios
#70 CACHED

#71 [67/77] RUN npm --global --loglevel info install url-loader
#71 CACHED

#72 [44/77] RUN npm --global --loglevel info install bunyan
#72 CACHED

#73 [46/77] RUN npm --global --loglevel info install flat
#73 CACHED

#74 [31/77] RUN npm --global --loglevel info install hapi
#74 CACHED

#75 [30/77] RUN npm --global --loglevel info install uglifyjs2
#75 CACHED

#76 [60/77] RUN npm --global --loglevel info install rxjs
#76 CACHED

#77 [66/77] RUN npm --global --loglevel info install eslint-plugin-react
#77 CACHED

#78 [22/77] RUN npm --global --loglevel info install passport
#78 CACHED

#79 [57/77] RUN npm --global --loglevel info install yargs
#79 CACHED

#80 [77/77] RUN npm --global --loglevel info install speakeasy
#80 CACHED

#81 exporting to image
#81 exporting layers done
#81 writing image sha256:8ca7b37c4d39af5dd20644943b4acd3124874863a458e535c42e84061ae2f948 done
#81 naming to docker.io/library/base_node_js:0.0.1 done
#81 DONE 0.0s
#1 [internal] load .dockerignore
#1 transferring context: 2B done
#1 DONE 0.0s

#2 [internal] load build definition from Dockerfile
#2 transferring dockerfile: 111B 0.0s done
#2 DONE 0.1s

#3 [internal] load metadata for docker.io/library/base_node_js:0.0.1
#3 DONE 0.0s

#4 [1/1] FROM docker.io/library/base_node_js:0.0.1
#4 DONE 3.1s

#5 exporting to image
#5 exporting layers done
#5 writing image sha256:d7c17db38280a7a6d1f2b60a1e870ce4647a022a10103132056fe48d1bb82472 0.0s done
#5 naming to docker.io/library/base_python:0.0.1 0.0s done
#5 DONE 0.0s
