#1 [internal] load .dockerignore
#1 transferring context: 2B done
#1 DONE 0.0s

#2 [internal] load build definition from Dockerfile
#2 transferring dockerfile: 453B 0.0s done
#2 DONE 0.1s

#3 [internal] load metadata for docker.io/library/node:20.1.0-bullseye
#3 DONE 0.9s

#4 [1/4] FROM docker.io/library/node:20.1.0-bullseye@sha256:0efc3ef3fea2822c9d16da084c40181ed7f74b6f45141100580f9887ccc8e9a1
#4 DONE 0.0s

#5 [2/4] WORKDIR /app
#5 CACHED

#6 [3/4] RUN apt-get update
#6 CACHED

#7 [4/4] RUN apt-get install -y build-essential cmake git openssh-server gdb pkg-config valgrind systemd-coredump
#7 CACHED

#8 exporting to image
#8 exporting layers done
#8 writing image sha256:520fbe4956f762f320ef365b50d55a9ff78780d770ee8cb7f7e76feedb3ca8ef done
#8 naming to docker.io/library/base_os:0.0.1 done
#8 DONE 0.0s
#1 [internal] load .dockerignore
#1 transferring context: 2B done
#1 DONE 0.0s

#2 [internal] load build definition from Dockerfile
#2 transferring dockerfile: 3.76kB 0.0s done
#2 DONE 0.1s

#3 [internal] load metadata for docker.io/library/base_os:0.0.1
#3 DONE 0.0s

#4 [ 1/77] FROM docker.io/library/base_os:0.0.1
#4 DONE 0.0s

#5 [31/77] RUN npm --global --loglevel info install hapi
#5 CACHED

#6 [76/77] RUN npm --global --loglevel info install cookie-parser
#6 CACHED

#7 [73/77] RUN npm --global --loglevel info install vue-router
#7 CACHED

#8 [61/77] RUN npm --global --loglevel info install redux
#8 CACHED

#9 [63/77] RUN npm --global --loglevel info install file-loader
#9 CACHED

#10 [66/77] RUN npm --global --loglevel info install eslint-plugin-react
#10 CACHED

#11 [16/77] RUN npm --global --loglevel info install grunt
#11 CACHED

#12 [46/77] RUN npm --global --loglevel info install flat
#12 CACHED

#13 [41/77] RUN npm --global --loglevel info install debug
#13 CACHED

#14 [34/77] RUN npm --global --loglevel info install webpack
#14 CACHED

#15 [59/77] RUN npm --global --loglevel info install totp
#15 CACHED

#16 [33/77] RUN npm --global --loglevel info install sqlite
#16 CACHED

#17 [53/77] RUN npm --global --loglevel info install vue
#17 CACHED

#18 [ 7/77] RUN npm --global --loglevel info install nodemon
#18 CACHED

#19 [69/77] RUN npm --global --loglevel info install fs
#19 CACHED

#20 [12/77] RUN npm --global --loglevel info install agenda
#20 CACHED

#21 [56/77] RUN npm --global --loglevel info install glob
#21 CACHED

#22 [68/77] RUN npm --global --loglevel info install ws
#22 CACHED

#23 [37/77] RUN npm --global --loglevel info install graphicsmagick
#23 CACHED

#24 [55/77] RUN npm --global --loglevel info install mkdirp
#24 CACHED

#25 [ 6/77] RUN npm --global --loglevel info install morgan
#25 CACHED

#26 [57/77] RUN npm --global --loglevel info install yargs
#26 CACHED

#27 [26/77] RUN npm --global --loglevel info install request
#27 CACHED

#28 [64/77] RUN npm --global --loglevel info install handlebars
#28 CACHED

#29 [19/77] RUN npm --global --loglevel info install react
#29 CACHED

#30 [54/77] RUN npm --global --loglevel info install tslib
#30 CACHED

#31 [67/77] RUN npm --global --loglevel info install url-loader
#31 CACHED

#32 [38/77] RUN npm --global --loglevel info install jsdom
#32 CACHED

#33 [ 5/77] RUN npm --global --loglevel info install eslint
#33 CACHED

#34 [48/77] RUN npm --global --loglevel info install helmet
#34 CACHED

#35 [51/77] RUN npm --global --loglevel info install fs-extra
#35 CACHED

#36 [25/77] RUN npm --global --loglevel info install puppeteer
#36 CACHED

#37 [71/77] RUN npm --global --loglevel info install superagent
#37 CACHED

#38 [23/77] RUN npm --global --loglevel info install winston
#38 CACHED

#39 [ 3/77] RUN npm --global --loglevel info install express
#39 CACHED

#40 [ 4/77] RUN npm --global --loglevel info install lodash
#40 CACHED

#41 [58/77] RUN npm --global --loglevel info install uuid
#41 CACHED

#42 [28/77] RUN npm --global --loglevel info install bower
#42 CACHED

#43 [15/77] RUN npm --global --loglevel info install grunt-cli
#43 CACHED

#44 [42/77] RUN npm --global --loglevel info install body-parser
#44 CACHED

#45 [10/77] RUN npm --global --loglevel info install gulp
#45 CACHED

#46 [30/77] RUN npm --global --loglevel info install uglifyjs2
#46 CACHED

#47 [35/77] RUN npm --global --loglevel info install angular
#47 CACHED

#48 [65/77] RUN npm --global --loglevel info install eslint-plugin-import
#48 CACHED

#49 [40/77] RUN npm --global --loglevel info install chalk
#49 CACHED

#50 [47/77] RUN npm --global --loglevel info install json5
#50 CACHED

#51 [39/77] RUN npm --global --loglevel info install moment
#51 CACHED

#52 [43/77] RUN npm --global --loglevel info install husky
#52 CACHED

#53 [62/77] RUN npm --global --loglevel info install object-assign
#53 CACHED

#54 [27/77] RUN npm --global --loglevel info install browserify
#54 CACHED

#55 [22/77] RUN npm --global --loglevel info install passport
#55 CACHED

#56 [17/77] RUN npm --global --loglevel info install pm2
#56 CACHED

#57 [75/77] RUN npm --global --loglevel info install mime
#57 CACHED

#58 [ 8/77] RUN npm --global --loglevel info install restify
#58 CACHED

#59 [13/77] RUN npm --global --loglevel info install async
#59 CACHED

#60 [49/77] RUN npm --global --loglevel info install compression
#60 CACHED

#61 [24/77] RUN npm --global --loglevel info install sharp
#61 CACHED

#62 [14/77] RUN npm --global --loglevel info install axios
#62 CACHED

#63 [18/77] RUN npm --global --loglevel info install socket.io
#63 CACHED

#64 [32/77] RUN npm --global --loglevel info install pug
#64 CACHED

#65 [36/77] RUN npm --global --loglevel info install marked
#65 CACHED

#66 [70/77] RUN npm --global --loglevel info install ejs
#66 CACHED

#67 [52/77] RUN npm --global --loglevel info install moment
#67 CACHED

#68 [ 9/77] RUN npm --global --loglevel info install nodemailer
#68 CACHED

#69 [60/77] RUN npm --global --loglevel info install rxjs
#69 CACHED

#70 [74/77] RUN npm --global --loglevel info install chokidar
#70 CACHED

#71 [21/77] RUN npm --global --loglevel info install dotenv
#71 CACHED

#72 [11/77] RUN npm --global --loglevel info install molecular
#72 CACHED

#73 [20/77] RUN npm --global --loglevel info install redux
#73 CACHED

#74 [29/77] RUN npm --global --loglevel info install underscore
#74 CACHED

#75 [50/77] RUN npm --global --loglevel info install react-dom
#75 CACHED

#76 [72/77] RUN npm --global --loglevel info install vue
#76 CACHED

#77 [ 2/77] RUN npm set progress=true
#77 CACHED

#78 [44/77] RUN npm --global --loglevel info install bunyan
#78 CACHED

#79 [45/77] RUN npm --global --loglevel info install debug
#79 CACHED

#80 [77/77] RUN npm --global --loglevel info install speakeasy
#80 CACHED

#81 exporting to image
#81 exporting layers done
#81 writing image sha256:8ca7b37c4d39af5dd20644943b4acd3124874863a458e535c42e84061ae2f948 0.0s done
#81 naming to docker.io/library/base_node_js:0.0.1
#81 naming to docker.io/library/base_node_js:0.0.1 0.0s done
#81 DONE 0.0s
#1 [internal] load .dockerignore
#1 transferring context: 2B 0.0s done
#1 DONE 0.0s

#2 [internal] load build definition from Dockerfile
#2 transferring dockerfile: 30B 0.0s
#2 transferring dockerfile: 272B 0.1s done
#2 DONE 0.2s

#3 [internal] load metadata for docker.io/library/base_node_js:0.0.1
#3 DONE 0.0s

#4 [1/4] FROM docker.io/library/base_node_js:0.0.1
#4 DONE 0.0s

#5 [2/4] RUN apt-get install -y --no-install-recommends     python3     python3-pip
#5 CACHED

#6 [3/4] RUN pip3 install nibabel pydicom matplotlib pillow
#6 CACHED

#7 [4/4] RUN pip3 install med2image
#7 CACHED

#8 exporting to image
#8 exporting layers done
#8 writing image sha256:78aed3d6cc741ebee74b376663748bebf0706af88b52b8c0fdb27a4b036e7f25 0.0s done
#8 naming to docker.io/library/base_python:0.0.1 0.0s done
#8 DONE 0.1s
#1 [internal] load .dockerignore
#1 transferring context: 2B done
#1 DONE 0.0s

#2 [internal] load build definition from Dockerfile
#2 transferring dockerfile: 526B 0.0s done
#2 DONE 0.1s

#3 [internal] load metadata for docker.io/library/base_python:0.0.1
#3 DONE 0.0s

#4 [1/6] FROM docker.io/library/base_python:0.0.1
#4 DONE 0.0s

#5 [2/6] RUN npm --global --loglevel info install crypto
#5 CACHED

#6 [3/6] RUN npm --global --loglevel info install sha256
#6 CACHED

#7 [4/6] RUN npm --global --loglevel info install eslint-config-standard-with-typescript  @typescript-eslint/eslint-plugin@^5.50.0 eslint@^8.0.1 eslint-plugin-import@^2.25.2 eslint-plugin-n@^15.0.0 eslint-plugin-promise@^6.0.0 typescript
#7 CACHED

#8 [5/6] RUN npm --global config set user root
#8 2.454 npm ERR! `user` is not a valid npm option
#8 2.467 
#8 2.468 npm ERR! A complete log of this run can be found in: /root/.npm/_logs/2023-06-24T14_08_28_261Z-debug-0.log
#8 ERROR: process "/bin/sh -c npm --global config set user root" did not complete successfully: exit code: 1
------
 > [5/6] RUN npm --global config set user root:
 ERR! `user` is not a valid npm option
#8 2.467 
#8 2.468 npm ERR! A complete log of this run can be found in: /root/.npm/_logs/2023-06-24T14_08_28_261Z-debug-0.log
------
Dockerfile:8
--------------------
   6 |     RUN npm --global --loglevel info install sha256
   7 |     RUN npm --global --loglevel info install eslint-config-standard-with-typescript  @typescript-eslint/eslint-plugin@^5.50.0 eslint@^8.0.1 eslint-plugin-import@^2.25.2 eslint-plugin-n@^15.0.0 eslint-plugin-promise@^6.0.0 typescript
   8 | >>> RUN npm --global config set user root 
   9 |     RUN npm --global --loglevel info install express 
  10 |     
--------------------
ERROR: failed to solve: process "/bin/sh -c npm --global config set user root" did not complete successfully: exit code: 1
