#1 [internal] load build definition from Dockerfile
#1 transferring dockerfile: 1.20kB 0.0s done
#1 DONE 0.0s

#2 [internal] load .dockerignore
#2 transferring context: 2B done
#2 DONE 0.1s

#3 [internal] load metadata for docker.io/library/base_python:0.0.1
#3 DONE 0.0s

#4 [ 1/15] FROM docker.io/library/base_python:0.0.1
#4 DONE 0.0s

#5 [ 4/15] RUN npm --global --loglevel info install eslint-config-standard-with-typescript  @typescript-eslint/eslint-plugin@^5.50.0 eslint@^8.0.1 eslint-plugin-import@^2.25.2 eslint-plugin-n@^15.0.0 eslint-plugin-promise@^6.0.0 typescript
#5 CACHED

#6 [ 5/15] RUN npm --global --loglevel info install express
#6 CACHED

#7 [10/15] RUN apt-get install -y libnss3 libnspr4 libatk1.0-0 libatk-bridge2.0-0 libcups2 libdrm2 libxkbcommon0 libxcomposite1 libxdamage1 libxfixes3 libxrandr2 libgbm1 libasound2
#7 CACHED

#8 [ 3/15] RUN npm --global --loglevel info install sha256
#8 CACHED

#9 [12/15] RUN npm --global --loglevel info install pine
#9 CACHED

#10 [ 2/15] RUN npm --global --loglevel info install crypto
#10 CACHED

#11 [ 7/15] RUN npm --global --loglevel info install totp-generator
#11 CACHED

#12 [ 8/15] RUN npm --global --loglevel info install zombie
#12 CACHED

#13 [ 9/15] RUN npm --global --loglevel info install puppeteer
#13 CACHED

#14 [11/15] RUN npm --global --loglevel info install websocket
#14 CACHED

#15 [ 6/15] RUN npm --global --loglevel info install request
#15 CACHED

#16 [13/15] RUN npm --global --loglevel info install pino
#16 CACHED

#17 [14/15] RUN npm --global --loglevel info install pino-pretty
#17 CACHED

#18 [15/15] RUN npm --global --loglevel info install moment
#18 2.398 npm info using npm@9.6.4
#18 2.412 npm info using node@v20.1.0
#18 2.825 npm http fetch GET 200 https://registry.npmjs.org/moment 296ms (cache revalidated)
#18 7.486 
#18 7.486 changed 1 package in 5s
#18 7.492 npm info ok 
#18 DONE 7.7s

#19 exporting to image
#19 exporting layers
#19 exporting layers 0.4s done
#19 writing image sha256:6ec9467d2968592e9316b7cf9cfe2d7c1f8bd9042366b8ecc20d78b87f1790df 0.0s done
#19 naming to docker.io/library/flat_trade_token_generator:0.0.1 0.0s done
#19 DONE 0.4s
