#1 [internal] load .dockerignore
#1 transferring context: 2B 0.0s done
#1 DONE 0.0s

#2 [internal] load build definition from Dockerfile
#2 transferring dockerfile: 30B 0.0s
#2 transferring dockerfile: 453B 0.1s done
#2 DONE 0.1s

#3 [internal] load metadata for docker.io/library/node:20.1.0-bullseye
#3 DONE 32.3s

#4 [1/4] FROM docker.io/library/node:20.1.0-bullseye@sha256:0efc3ef3fea2822c9d16da084c40181ed7f74b6f45141100580f9887ccc8e9a1
#4 DONE 0.0s

#5 [2/4] WORKDIR /app
#5 CACHED

#6 [3/4] RUN apt-get update
#6 CACHED

#7 [4/4] RUN apt-get install -y build-essential cmake git openssh-server gdb pkg-config valgrind systemd-coredump
#7 CACHED

#8 exporting to image
#8 exporting layers done
#8 writing image sha256:520fbe4956f762f320ef365b50d55a9ff78780d770ee8cb7f7e76feedb3ca8ef done
#8 naming to docker.io/library/base_os:0.0.1 done
#8 DONE 0.0s
#1 [internal] load .dockerignore
#1 transferring context: 2B done
#1 DONE 0.0s

#2 [internal] load build definition from Dockerfile
#2 transferring dockerfile: 3.76kB 0.0s done
#2 DONE 0.1s

#3 [internal] load metadata for docker.io/library/base_os:0.0.1
#3 DONE 0.0s

#4 [ 1/77] FROM docker.io/library/base_os:0.0.1
#4 DONE 0.0s

#5 [45/77] RUN npm --global --loglevel info install debug
#5 CACHED

#6 [68/77] RUN npm --global --loglevel info install ws
#6 CACHED

#7 [42/77] RUN npm --global --loglevel info install body-parser
#7 CACHED

#8 [40/77] RUN npm --global --loglevel info install chalk
#8 CACHED

#9 [23/77] RUN npm --global --loglevel info install winston
#9 CACHED

#10 [76/77] RUN npm --global --loglevel info install cookie-parser
#10 CACHED

#11 [71/77] RUN npm --global --loglevel info install superagent
#11 CACHED

#12 [ 2/77] RUN npm set progress=true
#12 CACHED

#13 [18/77] RUN npm --global --loglevel info install socket.io
#13 CACHED

#14 [12/77] RUN npm --global --loglevel info install agenda
#14 CACHED

#15 [24/77] RUN npm --global --loglevel info install sharp
#15 CACHED

#16 [ 8/77] RUN npm --global --loglevel info install restify
#16 CACHED

#17 [70/77] RUN npm --global --loglevel info install ejs
#17 CACHED

#18 [19/77] RUN npm --global --loglevel info install react
#18 CACHED

#19 [60/77] RUN npm --global --loglevel info install rxjs
#19 CACHED

#20 [41/77] RUN npm --global --loglevel info install debug
#20 CACHED

#21 [73/77] RUN npm --global --loglevel info install vue-router
#21 CACHED

#22 [58/77] RUN npm --global --loglevel info install uuid
#22 CACHED

#23 [51/77] RUN npm --global --loglevel info install fs-extra
#23 CACHED

#24 [47/77] RUN npm --global --loglevel info install json5
#24 CACHED

#25 [39/77] RUN npm --global --loglevel info install moment
#25 CACHED

#26 [28/77] RUN npm --global --loglevel info install bower
#26 CACHED

#27 [66/77] RUN npm --global --loglevel info install eslint-plugin-react
#27 CACHED

#28 [10/77] RUN npm --global --loglevel info install gulp
#28 CACHED

#29 [50/77] RUN npm --global --loglevel info install react-dom
#29 CACHED

#30 [43/77] RUN npm --global --loglevel info install husky
#30 CACHED

#31 [69/77] RUN npm --global --loglevel info install fs
#31 CACHED

#32 [ 4/77] RUN npm --global --loglevel info install lodash
#32 CACHED

#33 [67/77] RUN npm --global --loglevel info install url-loader
#33 CACHED

#34 [34/77] RUN npm --global --loglevel info install webpack
#34 CACHED

#35 [63/77] RUN npm --global --loglevel info install file-loader
#35 CACHED

#36 [57/77] RUN npm --global --loglevel info install yargs
#36 CACHED

#37 [14/77] RUN npm --global --loglevel info install axios
#37 CACHED

#38 [44/77] RUN npm --global --loglevel info install bunyan
#38 CACHED

#39 [11/77] RUN npm --global --loglevel info install molecular
#39 CACHED

#40 [32/77] RUN npm --global --loglevel info install pug
#40 CACHED

#41 [21/77] RUN npm --global --loglevel info install dotenv
#41 CACHED

#42 [53/77] RUN npm --global --loglevel info install vue
#42 CACHED

#43 [16/77] RUN npm --global --loglevel info install grunt
#43 CACHED

#44 [13/77] RUN npm --global --loglevel info install async
#44 CACHED

#45 [20/77] RUN npm --global --loglevel info install redux
#45 CACHED

#46 [55/77] RUN npm --global --loglevel info install mkdirp
#46 CACHED

#47 [33/77] RUN npm --global --loglevel info install sqlite
#47 CACHED

#48 [61/77] RUN npm --global --loglevel info install redux
#48 CACHED

#49 [17/77] RUN npm --global --loglevel info install pm2
#49 CACHED

#50 [37/77] RUN npm --global --loglevel info install graphicsmagick
#50 CACHED

#51 [30/77] RUN npm --global --loglevel info install uglifyjs2
#51 CACHED

#52 [74/77] RUN npm --global --loglevel info install chokidar
#52 CACHED

#53 [26/77] RUN npm --global --loglevel info install request
#53 CACHED

#54 [27/77] RUN npm --global --loglevel info install browserify
#54 CACHED

#55 [75/77] RUN npm --global --loglevel info install mime
#55 CACHED

#56 [64/77] RUN npm --global --loglevel info install handlebars
#56 CACHED

#57 [56/77] RUN npm --global --loglevel info install glob
#57 CACHED

#58 [ 6/77] RUN npm --global --loglevel info install morgan
#58 CACHED

#59 [36/77] RUN npm --global --loglevel info install marked
#59 CACHED

#60 [35/77] RUN npm --global --loglevel info install angular
#60 CACHED

#61 [72/77] RUN npm --global --loglevel info install vue
#61 CACHED

#62 [38/77] RUN npm --global --loglevel info install jsdom
#62 CACHED

#63 [54/77] RUN npm --global --loglevel info install tslib
#63 CACHED

#64 [25/77] RUN npm --global --loglevel info install puppeteer
#64 CACHED

#65 [52/77] RUN npm --global --loglevel info install moment
#65 CACHED

#66 [ 3/77] RUN npm --global --loglevel info install express
#66 CACHED

#67 [31/77] RUN npm --global --loglevel info install hapi
#67 CACHED

#68 [62/77] RUN npm --global --loglevel info install object-assign
#68 CACHED

#69 [ 7/77] RUN npm --global --loglevel info install nodemon
#69 CACHED

#70 [22/77] RUN npm --global --loglevel info install passport
#70 CACHED

#71 [59/77] RUN npm --global --loglevel info install totp
#71 CACHED

#72 [46/77] RUN npm --global --loglevel info install flat
#72 CACHED

#73 [48/77] RUN npm --global --loglevel info install helmet
#73 CACHED

#74 [15/77] RUN npm --global --loglevel info install grunt-cli
#74 CACHED

#75 [49/77] RUN npm --global --loglevel info install compression
#75 CACHED

#76 [65/77] RUN npm --global --loglevel info install eslint-plugin-import
#76 CACHED

#77 [ 5/77] RUN npm --global --loglevel info install eslint
#77 CACHED

#78 [29/77] RUN npm --global --loglevel info install underscore
#78 CACHED

#79 [ 9/77] RUN npm --global --loglevel info install nodemailer
#79 CACHED

#80 [77/77] RUN npm --global --loglevel info install speakeasy
#80 CACHED

#81 exporting to image
#81 exporting layers done
#81 writing image sha256:8ca7b37c4d39af5dd20644943b4acd3124874863a458e535c42e84061ae2f948 0.0s done
#81 naming to docker.io/library/base_node_js:0.0.1 0.0s done
#81 DONE 0.0s
#1 [internal] load build definition from Dockerfile
#1 transferring dockerfile: 272B 0.0s done
#1 DONE 0.0s

#2 [internal] load .dockerignore
#2 transferring context: 2B done
#2 DONE 0.1s

#3 [internal] load metadata for docker.io/library/base_node_js:0.0.1
#3 DONE 0.0s

#4 [1/4] FROM docker.io/library/base_node_js:0.0.1
#4 DONE 0.0s

#5 [2/4] RUN apt-get install -y --no-install-recommends     python3     python3-pip
#5 CACHED

#6 [3/4] RUN pip3 install nibabel pydicom matplotlib pillow
#6 CACHED

#7 [4/4] RUN pip3 install med2image
#7 CACHED

#8 exporting to image
#8 exporting layers done
#8 writing image sha256:78aed3d6cc741ebee74b376663748bebf0706af88b52b8c0fdb27a4b036e7f25 0.0s done
#8 naming to docker.io/library/base_python:0.0.1
#8 naming to docker.io/library/base_python:0.0.1 0.0s done
#8 DONE 0.0s
#1 [internal] load .dockerignore
#1 transferring context: 2B done
#1 DONE 0.0s

#2 [internal] load build definition from Dockerfile
#2 transferring dockerfile: 1.37kB 0.0s done
#2 DONE 0.1s

#3 [internal] load metadata for docker.io/library/base_python:0.0.1
#3 DONE 0.0s

#4 [ 1/18] FROM docker.io/library/base_python:0.0.1
#4 DONE 0.0s

#5 [11/18] RUN npm --global --loglevel info install websocket
#5 CACHED

#6 [16/18] RUN pip3 install asyncio
#6 CACHED

#7 [ 8/18] RUN npm --global --loglevel info install zombie
#7 CACHED

#8 [13/18] RUN npm --global --loglevel info install pino
#8 CACHED

#9 [ 2/18] RUN npm --global --loglevel info install crypto
#9 CACHED

#10 [14/18] RUN npm --global --loglevel info install pino-pretty
#10 CACHED

#11 [ 9/18] RUN npm --global --loglevel info install puppeteer
#11 CACHED

#12 [ 4/18] RUN npm --global --loglevel info install eslint-config-standard-with-typescript  @typescript-eslint/eslint-plugin@^5.50.0 eslint@^8.0.1 eslint-plugin-import@^2.25.2 eslint-plugin-n@^15.0.0 eslint-plugin-promise@^6.0.0 typescript
#12 CACHED

#13 [17/18] RUN pip3 install telethon
#13 CACHED

#14 [ 7/18] RUN npm --global --loglevel info install totp-generator
#14 CACHED

#15 [12/18] RUN npm --global --loglevel info install pine
#15 CACHED

#16 [ 5/18] RUN npm --global --loglevel info install express
#16 CACHED

#17 [10/18] RUN apt-get install -y libnss3 libnspr4 libatk1.0-0 libatk-bridge2.0-0 libcups2 libdrm2 libxkbcommon0 libxcomposite1 libxdamage1 libxfixes3 libxrandr2 libgbm1 libasound2
#17 CACHED

#18 [15/18] RUN npm --global --loglevel info install moment
#18 CACHED

#19 [ 3/18] RUN npm --global --loglevel info install sha256
#19 CACHED

#20 [ 6/18] RUN npm --global --loglevel info install request
#20 CACHED

#21 [18/18] RUN pip3 install python-telegram-bot
#21 CACHED

#22 exporting to image
#22 exporting layers done
#22 writing image sha256:839aeb9a51b59e18b4851303e084fb21a5c57cedec0dd50ec01ca7a6a86ff851 done
#22 naming to docker.io/library/flat_trade_token_generator:0.0.1 done
#22 DONE 0.0s
#1 [internal] load build definition from Dockerfile
#1 transferring dockerfile:
#1 transferring dockerfile: 155B done
#1 DONE 0.1s

#2 [internal] load .dockerignore
#2 transferring context: 2B done
#2 DONE 0.2s
Dockerfile:4
--------------------
   2 |     
   3 |     ARG flat_trade_token_generator_latest_tag
   4 | >>> FROM flat_trade_token_generator:${flat_trade_token_generator_latest_tag}
   5 |     
   6 |     
--------------------
ERROR: failed to solve: failed to parse stage name "flat_trade_token_generator:": invalid reference format
