#1 [internal] load build definition from Dockerfile
#1 transferring dockerfile: 453B 0.0s done
#1 DONE 0.0s

#2 [internal] load .dockerignore
#2 transferring context: 2B done
#2 DONE 0.1s

#3 [internal] load metadata for docker.io/library/node:20.1.0-bullseye
#3 DONE 0.8s

#4 [1/4] FROM docker.io/library/node:20.1.0-bullseye@sha256:0efc3ef3fea2822c9d16da084c40181ed7f74b6f45141100580f9887ccc8e9a1
#4 DONE 0.0s

#5 [2/4] WORKDIR /app
#5 CACHED

#6 [3/4] RUN apt-get update
#6 CACHED

#7 [4/4] RUN apt-get install -y build-essential cmake git openssh-server gdb pkg-config valgrind systemd-coredump
#7 CACHED

#8 exporting to image
#8 exporting layers done
#8 writing image sha256:520fbe4956f762f320ef365b50d55a9ff78780d770ee8cb7f7e76feedb3ca8ef 0.0s done
#8 naming to docker.io/library/base_os:0.0.1 0.0s done
#8 DONE 0.0s
#1 [internal] load .dockerignore
#1 transferring context: 2B 0.0s done
#1 DONE 0.0s

#2 [internal] load build definition from Dockerfile
#2 transferring dockerfile: 3.76kB 0.1s done
#2 DONE 0.2s

#3 [internal] load metadata for docker.io/library/base_os:0.0.1
#3 DONE 0.0s

#4 [ 1/77] FROM docker.io/library/base_os:0.0.1
#4 DONE 0.0s

#5 [46/77] RUN npm --global --loglevel info install flat
#5 CACHED

#6 [60/77] RUN npm --global --loglevel info install rxjs
#6 CACHED

#7 [39/77] RUN npm --global --loglevel info install moment
#7 CACHED

#8 [10/77] RUN npm --global --loglevel info install gulp
#8 CACHED

#9 [54/77] RUN npm --global --loglevel info install tslib
#9 CACHED

#10 [41/77] RUN npm --global --loglevel info install debug
#10 CACHED

#11 [14/77] RUN npm --global --loglevel info install axios
#11 CACHED

#12 [53/77] RUN npm --global --loglevel info install vue
#12 CACHED

#13 [17/77] RUN npm --global --loglevel info install pm2
#13 CACHED

#14 [68/77] RUN npm --global --loglevel info install ws
#14 CACHED

#15 [26/77] RUN npm --global --loglevel info install request
#15 CACHED

#16 [62/77] RUN npm --global --loglevel info install object-assign
#16 CACHED

#17 [15/77] RUN npm --global --loglevel info install grunt-cli
#17 CACHED

#18 [59/77] RUN npm --global --loglevel info install totp
#18 CACHED

#19 [38/77] RUN npm --global --loglevel info install jsdom
#19 CACHED

#20 [42/77] RUN npm --global --loglevel info install body-parser
#20 CACHED

#21 [50/77] RUN npm --global --loglevel info install react-dom
#21 CACHED

#22 [48/77] RUN npm --global --loglevel info install helmet
#22 CACHED

#23 [37/77] RUN npm --global --loglevel info install graphicsmagick
#23 CACHED

#24 [72/77] RUN npm --global --loglevel info install vue
#24 CACHED

#25 [65/77] RUN npm --global --loglevel info install eslint-plugin-import
#25 CACHED

#26 [61/77] RUN npm --global --loglevel info install redux
#26 CACHED

#27 [ 3/77] RUN npm --global --loglevel info install express
#27 CACHED

#28 [19/77] RUN npm --global --loglevel info install react
#28 CACHED

#29 [ 6/77] RUN npm --global --loglevel info install morgan
#29 CACHED

#30 [33/77] RUN npm --global --loglevel info install sqlite
#30 CACHED

#31 [45/77] RUN npm --global --loglevel info install debug
#31 CACHED

#32 [11/77] RUN npm --global --loglevel info install molecular
#32 CACHED

#33 [73/77] RUN npm --global --loglevel info install vue-router
#33 CACHED

#34 [27/77] RUN npm --global --loglevel info install browserify
#34 CACHED

#35 [44/77] RUN npm --global --loglevel info install bunyan
#35 CACHED

#36 [30/77] RUN npm --global --loglevel info install uglifyjs2
#36 CACHED

#37 [35/77] RUN npm --global --loglevel info install angular
#37 CACHED

#38 [18/77] RUN npm --global --loglevel info install socket.io
#38 CACHED

#39 [25/77] RUN npm --global --loglevel info install puppeteer
#39 CACHED

#40 [ 4/77] RUN npm --global --loglevel info install lodash
#40 CACHED

#41 [63/77] RUN npm --global --loglevel info install file-loader
#41 CACHED

#42 [76/77] RUN npm --global --loglevel info install cookie-parser
#42 CACHED

#43 [34/77] RUN npm --global --loglevel info install webpack
#43 CACHED

#44 [74/77] RUN npm --global --loglevel info install chokidar
#44 CACHED

#45 [28/77] RUN npm --global --loglevel info install bower
#45 CACHED

#46 [ 9/77] RUN npm --global --loglevel info install nodemailer
#46 CACHED

#47 [70/77] RUN npm --global --loglevel info install ejs
#47 CACHED

#48 [ 7/77] RUN npm --global --loglevel info install nodemon
#48 CACHED

#49 [22/77] RUN npm --global --loglevel info install passport
#49 CACHED

#50 [55/77] RUN npm --global --loglevel info install mkdirp
#50 CACHED

#51 [16/77] RUN npm --global --loglevel info install grunt
#51 CACHED

#52 [ 5/77] RUN npm --global --loglevel info install eslint
#52 CACHED

#53 [75/77] RUN npm --global --loglevel info install mime
#53 CACHED

#54 [66/77] RUN npm --global --loglevel info install eslint-plugin-react
#54 CACHED

#55 [13/77] RUN npm --global --loglevel info install async
#55 CACHED

#56 [32/77] RUN npm --global --loglevel info install pug
#56 CACHED

#57 [52/77] RUN npm --global --loglevel info install moment
#57 CACHED

#58 [56/77] RUN npm --global --loglevel info install glob
#58 CACHED

#59 [ 8/77] RUN npm --global --loglevel info install restify
#59 CACHED

#60 [49/77] RUN npm --global --loglevel info install compression
#60 CACHED

#61 [71/77] RUN npm --global --loglevel info install superagent
#61 CACHED

#62 [36/77] RUN npm --global --loglevel info install marked
#62 CACHED

#63 [69/77] RUN npm --global --loglevel info install fs
#63 CACHED

#64 [64/77] RUN npm --global --loglevel info install handlebars
#64 CACHED

#65 [ 2/77] RUN npm set progress=true
#65 CACHED

#66 [58/77] RUN npm --global --loglevel info install uuid
#66 CACHED

#67 [67/77] RUN npm --global --loglevel info install url-loader
#67 CACHED

#68 [57/77] RUN npm --global --loglevel info install yargs
#68 CACHED

#69 [20/77] RUN npm --global --loglevel info install redux
#69 CACHED

#70 [31/77] RUN npm --global --loglevel info install hapi
#70 CACHED

#71 [12/77] RUN npm --global --loglevel info install agenda
#71 CACHED

#72 [29/77] RUN npm --global --loglevel info install underscore
#72 CACHED

#73 [47/77] RUN npm --global --loglevel info install json5
#73 CACHED

#74 [43/77] RUN npm --global --loglevel info install husky
#74 CACHED

#75 [51/77] RUN npm --global --loglevel info install fs-extra
#75 CACHED

#76 [21/77] RUN npm --global --loglevel info install dotenv
#76 CACHED

#77 [23/77] RUN npm --global --loglevel info install winston
#77 CACHED

#78 [24/77] RUN npm --global --loglevel info install sharp
#78 CACHED

#79 [40/77] RUN npm --global --loglevel info install chalk
#79 CACHED

#80 [77/77] RUN npm --global --loglevel info install speakeasy
#80 CACHED

#81 exporting to image
#81 exporting layers done
#81 writing image sha256:8ca7b37c4d39af5dd20644943b4acd3124874863a458e535c42e84061ae2f948 done
#81 naming to docker.io/library/base_node_js:0.0.1 0.0s done
#81 DONE 0.0s
#1 [internal] load build definition from Dockerfile
#1 transferring dockerfile: 272B done
#1 DONE 0.1s

#2 [internal] load .dockerignore
#2 transferring context: 2B done
#2 DONE 0.1s

#3 [internal] load metadata for docker.io/library/base_node_js:0.0.1
#3 DONE 0.0s

#4 [1/4] FROM docker.io/library/base_node_js:0.0.1
#4 DONE 0.0s

#5 [2/4] RUN apt-get install -y --no-install-recommends     python3     python3-pip
#5 CACHED

#6 [3/4] RUN pip3 install nibabel pydicom matplotlib pillow
#6 CACHED

#7 [4/4] RUN pip3 install med2image
#7 CACHED

#8 exporting to image
#8 exporting layers done
#8 writing image sha256:78aed3d6cc741ebee74b376663748bebf0706af88b52b8c0fdb27a4b036e7f25 done
#8 naming to docker.io/library/base_python:0.0.1 done
#8 DONE 0.0s
ERROR: invalid tag "flat_trade_token_generator:": invalid reference format
