#1 [internal] load .dockerignore
#1 transferring context: 2B 0.0s done
#1 DONE 0.0s

#2 [internal] load build definition from Dockerfile
#2 transferring dockerfile: 1.05kB 0.0s done
#2 DONE 0.1s

#3 [internal] load metadata for docker.io/library/base_python:0.0.1
#3 DONE 0.0s

#4 [ 1/12] FROM docker.io/library/base_python:0.0.1
#4 DONE 0.0s

#5 [ 9/12] RUN npm --global --loglevel info install puppeteer
#5 CACHED

#6 [ 7/12] RUN npm --global --loglevel info install totp-generator
#6 CACHED

#7 [10/12] RUN apt-get install -y libnss3 libnspr4 libatk1.0-0 libatk-bridge2.0-0 libcups2 libdrm2 libxkbcommon0 libxcomposite1 libxdamage1 libxfixes3 libxrandr2 libgbm1 libasound2
#7 CACHED

#8 [ 6/12] RUN npm --global --loglevel info install request
#8 CACHED

#9 [ 4/12] RUN npm --global --loglevel info install eslint-config-standard-with-typescript  @typescript-eslint/eslint-plugin@^5.50.0 eslint@^8.0.1 eslint-plugin-import@^2.25.2 eslint-plugin-n@^15.0.0 eslint-plugin-promise@^6.0.0 typescript
#9 CACHED

#10 [ 8/12] RUN npm --global --loglevel info install zombie
#10 CACHED

#11 [ 2/12] RUN npm --global --loglevel info install crypto
#11 CACHED

#12 [ 3/12] RUN npm --global --loglevel info install sha256
#12 CACHED

#13 [ 5/12] RUN npm --global --loglevel info install express
#13 CACHED

#14 [11/12] RUN npm --global --loglevel info install websocket
#14 CACHED

#15 [12/12] RUN npm --global --loglevel info install pine
#15 2.847 npm info using npm@9.6.4
#15 2.855 npm info using node@v20.1.0
#15 4.572 npm http fetch GET 200 https://registry.npmjs.org/pine 1563ms (cache miss)
#15 5.815 npm http fetch GET 200 https://registry.npmjs.org/lodash-node 1213ms (cache miss)
#15 5.842 npm http fetch GET 200 https://registry.npmjs.org/caller 1243ms (cache miss)
#15 5.870 npm http fetch GET 200 https://registry.npmjs.org/winston 1266ms (cache revalidated)
#15 6.048 npm http fetch GET 200 https://registry.npmjs.org/async 139ms (cache updated)
#15 6.092 npm http fetch GET 200 https://registry.npmjs.org/colors 180ms (cache revalidated)
#15 6.115 npm http fetch GET 200 https://registry.npmjs.org/stack-trace 196ms (cache revalidated)
#15 6.127 npm http fetch GET 200 https://registry.npmjs.org/isstream 211ms (cache revalidated)
#15 7.108 npm http fetch GET 200 https://registry.npmjs.org/eyes 1192ms (cache miss)
#15 7.127 npm http fetch GET 200 https://registry.npmjs.org/cycle 1214ms (cache miss)
#15 7.228 npm http fetch GET 200 https://registry.npmjs.org/lodash 58ms (cache revalidated)
#15 8.019 npm http fetch GET 200 https://registry.npmjs.org/cycle/-/cycle-1.0.3.tgz 651ms (cache miss)
#15 8.035 npm http fetch GET 200 https://registry.npmjs.org/pine/-/pine-1.1.1.tgz 681ms (cache miss)
#15 8.058 npm http fetch GET 200 https://registry.npmjs.org/eyes/-/eyes-0.1.8.tgz 699ms (cache miss)
#15 8.385 npm http fetch GET 200 https://registry.npmjs.org/colors/-/colors-1.0.3.tgz 1021ms (cache miss)
#15 8.447 npm http fetch GET 200 https://registry.npmjs.org/winston/-/winston-2.4.7.tgz 1074ms (cache miss)
#15 9.645 npm http fetch GET 200 https://registry.npmjs.org/lodash-node/-/lodash-node-2.4.1.tgz 2267ms (cache miss)
#15 9.653 npm WARN deprecated lodash-node@2.4.1: This package is discontinued. Use lodash@^4.0.0.
#15 20.52 npm http fetch GET 200 https://registry.npmjs.org/caller/-/caller-1.1.0.tgz 13137ms attempt #2 (cache miss)
#15 20.54 
#15 20.54 added 11 packages in 18s
#15 20.55 npm info ok 
#15 DONE 20.9s

#16 exporting to image
#16 exporting layers
#16 exporting layers 0.7s done
#16 writing image sha256:33076166a2b2490682b0d22459e27f2bebfc2a2541e5a2e6c4caca1be5cdd15e 0.0s done
#16 naming to docker.io/library/flat_trade_token_generator:0.0.1 0.0s done
#16 DONE 0.8s
