#1 [internal] load build definition from Dockerfile
#1 transferring dockerfile: 453B done
#1 DONE 0.0s

#2 [internal] load .dockerignore
#2 transferring context: 2B done
#2 DONE 0.1s

#3 [internal] load metadata for docker.io/library/node:20.1.0-bullseye
#3 DONE 0.8s

#4 [1/4] FROM docker.io/library/node:20.1.0-bullseye@sha256:0efc3ef3fea2822c9d16da084c40181ed7f74b6f45141100580f9887ccc8e9a1
#4 DONE 0.0s

#5 [3/4] RUN apt-get update
#5 CACHED

#6 [2/4] WORKDIR /app
#6 CACHED

#7 [4/4] RUN apt-get install -y build-essential cmake git openssh-server gdb pkg-config valgrind systemd-coredump
#7 CACHED

#8 exporting to image
#8 exporting layers done
#8 writing image sha256:520fbe4956f762f320ef365b50d55a9ff78780d770ee8cb7f7e76feedb3ca8ef done
#8 naming to docker.io/library/base_os:0.0.1 done
#8 DONE 0.0s
#1 [internal] load build definition from Dockerfile
#1 transferring dockerfile: 134B 0.0s done
#1 DONE 0.0s

#2 [internal] load .dockerignore
#2 transferring context: 2B 0.0s done
#2 DONE 0.0s

#3 [internal] load metadata for docker.io/library/base_os:0.0.1
#3 DONE 0.0s

#4 [1/3] FROM docker.io/library/base_os:0.0.1
#4 DONE 0.0s

#5 [2/3] RUN npm set progress=true
#5 CACHED

#6 [3/3] RUN npm --global --loglevel info install express
#6 CACHED

#7 exporting to image
#7 exporting layers done
#7 writing image sha256:583bfada914d607f4e06df42a1155f809f1de6c3531c88a7b5afd5b72a17ea60 0.0s done
#7 naming to docker.io/library/base_node_js:0.0.1 0.0s done
#7 DONE 0.0s
