#1 [internal] load build definition from Dockerfile
#1 transferring dockerfile: 453B done
#1 DONE 0.0s

#2 [internal] load .dockerignore
#2 transferring context: 2B done
#2 DONE 0.1s

#3 [internal] load metadata for docker.io/library/node:20.1.0-bullseye
#3 DONE 0.9s

#4 [1/4] FROM docker.io/library/node:20.1.0-bullseye@sha256:0efc3ef3fea2822c9d16da084c40181ed7f74b6f45141100580f9887ccc8e9a1
#4 DONE 0.0s

#5 [2/4] WORKDIR /app
#5 CACHED

#6 [3/4] RUN apt-get update
#6 CACHED

#7 [4/4] RUN apt-get install -y build-essential cmake git openssh-server gdb pkg-config valgrind systemd-coredump
#7 CACHED

#8 exporting to image
#8 exporting layers done
#8 writing image sha256:520fbe4956f762f320ef365b50d55a9ff78780d770ee8cb7f7e76feedb3ca8ef 0.0s done
#8 naming to docker.io/library/base_os:0.0.1 0.0s done
#8 DONE 0.0s
#1 [internal] load .dockerignore
#1 transferring context: 2B done
#1 DONE 0.0s

#2 [internal] load build definition from Dockerfile
#2 transferring dockerfile: 184B 0.1s done
#2 DONE 0.1s

#3 [internal] load metadata for docker.io/library/base_os:0.0.1
#3 DONE 0.0s

#4 [1/4] FROM docker.io/library/base_os:0.0.1
#4 DONE 0.0s

#5 [2/4] RUN npm set progress=true
#5 CACHED

#6 [3/4] RUN npm --global --loglevel info install express
#6 CACHED

#7 [4/4] RUN npm --global --loglevel info install lodash
#7 2.274 npm info using npm@9.6.4
#7 2.283 npm info using node@v20.1.0
#7 2.716 npm http fetch GET 200 https://registry.npmjs.org/lodash 317ms (cache miss)
#7 4.408 npm http fetch GET 200 https://registry.npmjs.org/lodash/-/lodash-4.17.21.tgz 1631ms (cache miss)
#7 4.429 
#7 4.429 added 1 package in 2s
#7 4.434 npm info ok 
#7 DONE 4.7s

#8 exporting to image
#8 exporting layers
#8 exporting layers 0.4s done
#8 writing image sha256:4aee9ddbba00cbb428839be4c59308b4e6453df834b9a14a0d8f1725f50e5c00 done
#8 naming to docker.io/library/base_node_js:0.0.1 0.0s done
#8 DONE 0.5s
