#1 [internal] load .dockerignore
#1 transferring context: 2B done
#1 DONE 0.0s

#2 [internal] load build definition from Dockerfile
#2 transferring dockerfile: 1.09kB 0.1s done
#2 DONE 0.1s

#3 [internal] load metadata for docker.io/library/base_python:0.0.1
#3 DONE 0.0s

#4 [ 1/13] FROM docker.io/library/base_python:0.0.1
#4 DONE 0.0s

#5 [ 2/13] RUN npm --global --loglevel info install crypto
#5 CACHED

#6 [ 5/13] RUN npm --global --loglevel info install express
#6 CACHED

#7 [ 3/13] RUN npm --global --loglevel info install sha256
#7 CACHED

#8 [10/13] RUN apt-get install -y libnss3 libnspr4 libatk1.0-0 libatk-bridge2.0-0 libcups2 libdrm2 libxkbcommon0 libxcomposite1 libxdamage1 libxfixes3 libxrandr2 libgbm1 libasound2
#8 CACHED

#9 [ 4/13] RUN npm --global --loglevel info install eslint-config-standard-with-typescript  @typescript-eslint/eslint-plugin@^5.50.0 eslint@^8.0.1 eslint-plugin-import@^2.25.2 eslint-plugin-n@^15.0.0 eslint-plugin-promise@^6.0.0 typescript
#9 CACHED

#10 [ 6/13] RUN npm --global --loglevel info install request
#10 CACHED

#11 [ 7/13] RUN npm --global --loglevel info install totp-generator
#11 CACHED

#12 [ 8/13] RUN npm --global --loglevel info install zombie
#12 CACHED

#13 [ 9/13] RUN npm --global --loglevel info install puppeteer
#13 CACHED

#14 [11/13] RUN npm --global --loglevel info install websocket
#14 CACHED

#15 [12/13] RUN npm --global --loglevel info install pine
#15 CACHED

#16 [13/13] RUN npm --global --loglevel info install pino
#16 2.401 npm info using npm@9.6.4
#16 2.414 npm info using node@v20.1.0
#16 2.828 npm http fetch GET 200 https://registry.npmjs.org/pino 295ms (cache revalidated)
#16 3.095 npm http fetch GET 200 https://registry.npmjs.org/atomic-sleep 230ms (cache revalidated)
#16 3.218 npm http fetch GET 200 https://registry.npmjs.org/fast-redact 349ms (cache revalidated)
#16 3.228 npm http fetch GET 200 https://registry.npmjs.org/safe-stable-stringify 345ms (cache revalidated)
#16 3.247 npm http fetch GET 200 https://registry.npmjs.org/quick-format-unescaped 369ms (cache revalidated)
#16 3.261 npm http fetch GET 200 https://registry.npmjs.org/sonic-boom 376ms (cache revalidated)
#16 3.271 npm http fetch GET 200 https://registry.npmjs.org/pino-abstract-transport 398ms (cache revalidated)
#16 3.281 npm http fetch GET 200 https://registry.npmjs.org/process-warning 404ms (cache revalidated)
#16 3.290 npm http fetch GET 200 https://registry.npmjs.org/thread-stream 403ms (cache revalidated)
#16 3.302 npm http fetch GET 200 https://registry.npmjs.org/real-require 421ms (cache revalidated)
#16 3.313 npm http fetch GET 200 https://registry.npmjs.org/on-exit-leak-free 441ms (cache revalidated)
#16 3.342 npm http fetch GET 200 https://registry.npmjs.org/pino-std-serializers 467ms (cache updated)
#16 3.494 npm http fetch GET 200 https://registry.npmjs.org/split2 83ms (cache revalidated)
#16 3.505 npm http fetch GET 200 https://registry.npmjs.org/readable-stream 94ms (cache revalidated)
#16 3.669 npm http fetch GET 200 https://registry.npmjs.org/buffer 125ms (cache revalidated)
#16 3.690 npm http fetch GET 200 https://registry.npmjs.org/events 141ms (cache revalidated)
#16 3.708 npm http fetch GET 200 https://registry.npmjs.org/abort-controller 166ms (cache revalidated)
#16 3.722 npm http fetch GET 200 https://registry.npmjs.org/process 171ms (cache revalidated)
#16 3.833 npm http fetch GET 200 https://registry.npmjs.org/ieee754 82ms (cache revalidated)
#16 3.849 npm http fetch GET 200 https://registry.npmjs.org/base64-js 99ms (cache revalidated)
#16 3.859 npm http fetch GET 200 https://registry.npmjs.org/event-target-shim 111ms (cache revalidated)
#16 4.801 npm http fetch GET 200 https://registry.npmjs.org/pino-std-serializers/-/pino-std-serializers-6.2.2.tgz 770ms (cache miss)
#16 5.092 
#16 5.092 added 21 packages in 3s
#16 5.093 
#16 5.095 3 packages are looking for funding
#16 5.096   run `npm fund` for details
#16 5.101 npm info ok 
#16 DONE 5.3s

#17 exporting to image
#17 exporting layers
#17 exporting layers 0.4s done
#17 writing image sha256:2e7d630b3bf7daad0fcf983a0dc7bdf9dcdaabcb7d723bc9324b61e90ade4321
#17 writing image sha256:2e7d630b3bf7daad0fcf983a0dc7bdf9dcdaabcb7d723bc9324b61e90ade4321 done
#17 naming to docker.io/library/flat_trade_token_generator:0.0.1 0.0s done
#17 DONE 0.4s
