#1 [internal] load .dockerignore
#1 transferring context: 2B 0.0s done
#1 DONE 0.1s

#2 [internal] load build definition from Dockerfile
#2 transferring dockerfile: 453B 0.0s done
#2 DONE 0.1s

#3 [internal] load metadata for docker.io/library/node:20.1.0-bullseye
#3 DONE 1.9s

#4 [1/4] FROM docker.io/library/node:20.1.0-bullseye@sha256:0efc3ef3fea2822c9d16da084c40181ed7f74b6f45141100580f9887ccc8e9a1
#4 DONE 0.0s

#5 [2/4] WORKDIR /app
#5 CACHED

#6 [3/4] RUN apt-get update
#6 CACHED

#7 [4/4] RUN apt-get install -y build-essential cmake git openssh-server gdb pkg-config valgrind systemd-coredump
#7 CACHED

#8 exporting to image
#8 exporting layers done
#8 writing image sha256:520fbe4956f762f320ef365b50d55a9ff78780d770ee8cb7f7e76feedb3ca8ef done
#8 naming to docker.io/library/base_os:0.0.1 0.0s done
#8 DONE 0.0s
#1 [internal] load .dockerignore
#1 transferring context: 2B 0.0s done
#1 DONE 0.0s

#2 [internal] load build definition from Dockerfile
#2 transferring dockerfile: 3.76kB 0.0s done
#2 DONE 0.1s

#3 [internal] load metadata for docker.io/library/base_os:0.0.1
#3 DONE 0.0s

#4 [ 1/77] FROM docker.io/library/base_os:0.0.1
#4 DONE 0.0s

#5 [14/77] RUN npm --global --loglevel info install axios
#5 CACHED

#6 [49/77] RUN npm --global --loglevel info install compression
#6 CACHED

#7 [33/77] RUN npm --global --loglevel info install sqlite
#7 CACHED

#8 [73/77] RUN npm --global --loglevel info install vue-router
#8 CACHED

#9 [52/77] RUN npm --global --loglevel info install moment
#9 CACHED

#10 [51/77] RUN npm --global --loglevel info install fs-extra
#10 CACHED

#11 [ 7/77] RUN npm --global --loglevel info install nodemon
#11 CACHED

#12 [60/77] RUN npm --global --loglevel info install rxjs
#12 CACHED

#13 [76/77] RUN npm --global --loglevel info install cookie-parser
#13 CACHED

#14 [ 6/77] RUN npm --global --loglevel info install morgan
#14 CACHED

#15 [15/77] RUN npm --global --loglevel info install grunt-cli
#15 CACHED

#16 [27/77] RUN npm --global --loglevel info install browserify
#16 CACHED

#17 [34/77] RUN npm --global --loglevel info install webpack
#17 CACHED

#18 [26/77] RUN npm --global --loglevel info install request
#18 CACHED

#19 [41/77] RUN npm --global --loglevel info install debug
#19 CACHED

#20 [64/77] RUN npm --global --loglevel info install handlebars
#20 CACHED

#21 [66/77] RUN npm --global --loglevel info install eslint-plugin-react
#21 CACHED

#22 [31/77] RUN npm --global --loglevel info install hapi
#22 CACHED

#23 [65/77] RUN npm --global --loglevel info install eslint-plugin-import
#23 CACHED

#24 [23/77] RUN npm --global --loglevel info install winston
#24 CACHED

#25 [ 9/77] RUN npm --global --loglevel info install nodemailer
#25 CACHED

#26 [18/77] RUN npm --global --loglevel info install socket.io
#26 CACHED

#27 [63/77] RUN npm --global --loglevel info install file-loader
#27 CACHED

#28 [ 2/77] RUN npm set progress=true
#28 CACHED

#29 [39/77] RUN npm --global --loglevel info install moment
#29 CACHED

#30 [62/77] RUN npm --global --loglevel info install object-assign
#30 CACHED

#31 [38/77] RUN npm --global --loglevel info install jsdom
#31 CACHED

#32 [75/77] RUN npm --global --loglevel info install mime
#32 CACHED

#33 [56/77] RUN npm --global --loglevel info install glob
#33 CACHED

#34 [25/77] RUN npm --global --loglevel info install puppeteer
#34 CACHED

#35 [19/77] RUN npm --global --loglevel info install react
#35 CACHED

#36 [ 4/77] RUN npm --global --loglevel info install lodash
#36 CACHED

#37 [55/77] RUN npm --global --loglevel info install mkdirp
#37 CACHED

#38 [32/77] RUN npm --global --loglevel info install pug
#38 CACHED

#39 [ 5/77] RUN npm --global --loglevel info install eslint
#39 CACHED

#40 [ 8/77] RUN npm --global --loglevel info install restify
#40 CACHED

#41 [68/77] RUN npm --global --loglevel info install ws
#41 CACHED

#42 [58/77] RUN npm --global --loglevel info install uuid
#42 CACHED

#43 [54/77] RUN npm --global --loglevel info install tslib
#43 CACHED

#44 [71/77] RUN npm --global --loglevel info install superagent
#44 CACHED

#45 [70/77] RUN npm --global --loglevel info install ejs
#45 CACHED

#46 [59/77] RUN npm --global --loglevel info install totp
#46 CACHED

#47 [29/77] RUN npm --global --loglevel info install underscore
#47 CACHED

#48 [11/77] RUN npm --global --loglevel info install molecular
#48 CACHED

#49 [37/77] RUN npm --global --loglevel info install graphicsmagick
#49 CACHED

#50 [48/77] RUN npm --global --loglevel info install helmet
#50 CACHED

#51 [30/77] RUN npm --global --loglevel info install uglifyjs2
#51 CACHED

#52 [44/77] RUN npm --global --loglevel info install bunyan
#52 CACHED

#53 [17/77] RUN npm --global --loglevel info install pm2
#53 CACHED

#54 [ 3/77] RUN npm --global --loglevel info install express
#54 CACHED

#55 [43/77] RUN npm --global --loglevel info install husky
#55 CACHED

#56 [10/77] RUN npm --global --loglevel info install gulp
#56 CACHED

#57 [57/77] RUN npm --global --loglevel info install yargs
#57 CACHED

#58 [42/77] RUN npm --global --loglevel info install body-parser
#58 CACHED

#59 [67/77] RUN npm --global --loglevel info install url-loader
#59 CACHED

#60 [12/77] RUN npm --global --loglevel info install agenda
#60 CACHED

#61 [16/77] RUN npm --global --loglevel info install grunt
#61 CACHED

#62 [13/77] RUN npm --global --loglevel info install async
#62 CACHED

#63 [22/77] RUN npm --global --loglevel info install passport
#63 CACHED

#64 [24/77] RUN npm --global --loglevel info install sharp
#64 CACHED

#65 [21/77] RUN npm --global --loglevel info install dotenv
#65 CACHED

#66 [28/77] RUN npm --global --loglevel info install bower
#66 CACHED

#67 [72/77] RUN npm --global --loglevel info install vue
#67 CACHED

#68 [74/77] RUN npm --global --loglevel info install chokidar
#68 CACHED

#69 [69/77] RUN npm --global --loglevel info install fs
#69 CACHED

#70 [50/77] RUN npm --global --loglevel info install react-dom
#70 CACHED

#71 [53/77] RUN npm --global --loglevel info install vue
#71 CACHED

#72 [46/77] RUN npm --global --loglevel info install flat
#72 CACHED

#73 [47/77] RUN npm --global --loglevel info install json5
#73 CACHED

#74 [45/77] RUN npm --global --loglevel info install debug
#74 CACHED

#75 [40/77] RUN npm --global --loglevel info install chalk
#75 CACHED

#76 [35/77] RUN npm --global --loglevel info install angular
#76 CACHED

#77 [61/77] RUN npm --global --loglevel info install redux
#77 CACHED

#78 [36/77] RUN npm --global --loglevel info install marked
#78 CACHED

#79 [20/77] RUN npm --global --loglevel info install redux
#79 CACHED

#80 [77/77] RUN npm --global --loglevel info install speakeasy
#80 CACHED

#81 exporting to image
#81 exporting layers done
#81 writing image sha256:8ca7b37c4d39af5dd20644943b4acd3124874863a458e535c42e84061ae2f948 0.0s done
#81 naming to docker.io/library/base_node_js:0.0.1 0.0s done
#81 DONE 0.0s
