#1 [internal] load build definition from Dockerfile
#1 transferring dockerfile: 1.15kB done
#1 DONE 0.1s

#2 [internal] load .dockerignore
#2 transferring context: 2B done
#2 DONE 0.1s

#3 [internal] load metadata for docker.io/library/base_python:0.0.1
#3 DONE 0.0s

#4 [ 1/14] FROM docker.io/library/base_python:0.0.1
#4 DONE 0.0s

#5 [ 8/14] RUN npm --global --loglevel info install zombie
#5 CACHED

#6 [ 6/14] RUN npm --global --loglevel info install request
#6 CACHED

#7 [12/14] RUN npm --global --loglevel info install pine
#7 CACHED

#8 [ 2/14] RUN npm --global --loglevel info install crypto
#8 CACHED

#9 [ 5/14] RUN npm --global --loglevel info install express
#9 CACHED

#10 [11/14] RUN npm --global --loglevel info install websocket
#10 CACHED

#11 [ 3/14] RUN npm --global --loglevel info install sha256
#11 CACHED

#12 [ 7/14] RUN npm --global --loglevel info install totp-generator
#12 CACHED

#13 [ 4/14] RUN npm --global --loglevel info install eslint-config-standard-with-typescript  @typescript-eslint/eslint-plugin@^5.50.0 eslint@^8.0.1 eslint-plugin-import@^2.25.2 eslint-plugin-n@^15.0.0 eslint-plugin-promise@^6.0.0 typescript
#13 CACHED

#14 [10/14] RUN apt-get install -y libnss3 libnspr4 libatk1.0-0 libatk-bridge2.0-0 libcups2 libdrm2 libxkbcommon0 libxcomposite1 libxdamage1 libxfixes3 libxrandr2 libgbm1 libasound2
#14 CACHED

#15 [ 9/14] RUN npm --global --loglevel info install puppeteer
#15 CACHED

#16 [13/14] RUN npm --global --loglevel info install pino
#16 CACHED

#17 [14/14] RUN npm --global --loglevel info install pino-pretty
#17 2.383 npm info using npm@9.6.4
#17 2.395 npm info using node@v20.1.0
#17 2.821 npm http fetch GET 200 https://registry.npmjs.org/pino-pretty 307ms (cache miss)
#17 3.174 npm http fetch GET 200 https://registry.npmjs.org/on-exit-leak-free 306ms (cache revalidated)
#17 3.184 npm http fetch GET 200 https://registry.npmjs.org/dateformat 329ms (cache revalidated)
#17 3.255 npm http fetch GET 200 https://registry.npmjs.org/pump 382ms (cache revalidated)
#17 3.264 npm http fetch GET 200 https://registry.npmjs.org/minimist 399ms (cache revalidated)
#17 3.274 npm http fetch GET 200 https://registry.npmjs.org/fast-safe-stringify 414ms (cache revalidated)
#17 3.284 npm http fetch GET 200 https://registry.npmjs.org/readable-stream 408ms (cache revalidated)
#17 3.296 npm http fetch GET 200 https://registry.npmjs.org/strip-json-comments 413ms (cache revalidated)
#17 3.305 npm http fetch GET 200 https://registry.npmjs.org/pino-abstract-transport 433ms (cache revalidated)
#17 3.315 npm http fetch GET 200 https://registry.npmjs.org/fast-copy 457ms (cache miss)
#17 3.326 npm http fetch GET 200 https://registry.npmjs.org/help-me 462ms (cache miss)
#17 3.334 npm http fetch GET 200 https://registry.npmjs.org/secure-json-parse 455ms (cache miss)
#17 3.350 npm http fetch GET 200 https://registry.npmjs.org/colorette 498ms (cache miss)
#17 4.222 npm http fetch GET 200 https://registry.npmjs.org/joycon 1359ms (cache miss)
#17 4.293 npm http fetch GET 200 https://registry.npmjs.org/sonic-boom 1412ms (cache revalidated)
#17 4.571 npm http fetch GET 200 https://registry.npmjs.org/once 170ms (cache revalidated)
#17 4.580 npm http fetch GET 200 https://registry.npmjs.org/buffer 171ms (cache revalidated)
#17 4.588 npm http fetch GET 200 https://registry.npmjs.org/end-of-stream 193ms (cache revalidated)
#17 4.608 npm http fetch GET 200 https://registry.npmjs.org/events 193ms (cache revalidated)
#17 4.616 npm http fetch GET 200 https://registry.npmjs.org/abort-controller 213ms (cache revalidated)
#17 4.623 npm http fetch GET 200 https://registry.npmjs.org/glob 234ms (cache revalidated)
#17 4.644 npm http fetch GET 200 https://registry.npmjs.org/process 230ms (cache revalidated)
#17 4.660 npm http fetch GET 200 https://registry.npmjs.org/atomic-sleep 244ms (cache revalidated)
#17 4.668 npm http fetch GET 200 https://registry.npmjs.org/split2 275ms (cache revalidated)
#17 4.906 npm http fetch GET 200 https://registry.npmjs.org/fs.realpath 214ms (cache revalidated)
#17 4.914 npm http fetch GET 200 https://registry.npmjs.org/inflight 220ms (cache revalidated)
#17 4.946 npm http fetch GET 200 https://registry.npmjs.org/minimatch 238ms (cache revalidated)
#17 4.959 npm http fetch GET 200 https://registry.npmjs.org/util-deprecate 241ms (cache revalidated)
#17 4.975 npm http fetch GET 200 https://registry.npmjs.org/string_decoder 258ms (cache revalidated)
#17 4.984 npm http fetch GET 200 https://registry.npmjs.org/inherits 273ms (cache revalidated)
#17 4.991 npm http fetch GET 200 https://registry.npmjs.org/inherits 286ms (cache revalidated)
#17 5.081 npm http fetch GET 200 https://registry.npmjs.org/brace-expansion 59ms (cache revalidated)
#17 5.099 npm http fetch GET 200 https://registry.npmjs.org/wrappy 78ms (cache revalidated)
#17 5.169 npm http fetch GET 200 https://registry.npmjs.org/balanced-match 52ms (cache revalidated)
#17 5.297 npm http fetch GET 200 https://registry.npmjs.org/ieee754 67ms (cache revalidated)
#17 5.305 npm http fetch GET 200 https://registry.npmjs.org/event-target-shim 79ms (cache revalidated)
#17 5.316 npm http fetch GET 200 https://registry.npmjs.org/base64-js 89ms (cache revalidated)
#17 5.437 npm http fetch GET 200 https://registry.npmjs.org/safe-buffer 77ms (cache revalidated)
#17 6.338 npm http fetch GET 200 https://registry.npmjs.org/colorette/-/colorette-2.0.20.tgz 673ms (cache miss)
#17 6.382 npm http fetch GET 200 https://registry.npmjs.org/joycon/-/joycon-3.1.1.tgz 720ms (cache miss)
#17 6.477 npm http fetch GET 200 https://registry.npmjs.org/glob/-/glob-8.1.0.tgz 832ms (cache miss)
#17 6.531 npm http fetch GET 200 https://registry.npmjs.org/secure-json-parse/-/secure-json-parse-2.7.0.tgz 880ms (cache miss)
#17 6.583 npm http fetch GET 200 https://registry.npmjs.org/help-me/-/help-me-4.2.0.tgz 926ms (cache miss)
#17 6.701 npm http fetch GET 200 https://registry.npmjs.org/pino-pretty/-/pino-pretty-10.0.0.tgz 1070ms (cache miss)
#17 6.719 npm http fetch GET 200 https://registry.npmjs.org/fast-copy/-/fast-copy-3.0.1.tgz 1039ms (cache miss)
#17 6.754 
#17 6.754 added 38 packages in 4s
#17 6.756 
#17 6.758 7 packages are looking for funding
#17 6.759   run `npm fund` for details
#17 6.764 npm info ok 
#17 DONE 7.0s

#18 exporting to image
#18 exporting layers
#18 exporting layers 0.4s done
#18 writing image sha256:d816e9b4d2e5bb9755abaebf92b6a2677b820af1a5eb8dd68ea068d50d7647d5 0.0s done
#18 naming to docker.io/library/flat_trade_token_generator:0.0.1 0.0s done
#18 DONE 0.4s
