#1 [internal] load .dockerignore
#1 transferring context: 2B done
#1 DONE 0.0s

#2 [internal] load build definition from Dockerfile
#2 transferring dockerfile: 453B 0.0s done
#2 DONE 0.1s

#3 [internal] load metadata for docker.io/library/node:20.1.0-bullseye
#3 DONE 0.8s

#4 [1/4] FROM docker.io/library/node:20.1.0-bullseye@sha256:0efc3ef3fea2822c9d16da084c40181ed7f74b6f45141100580f9887ccc8e9a1
#4 DONE 0.0s

#5 [2/4] WORKDIR /app
#5 CACHED

#6 [3/4] RUN apt-get update
#6 CACHED

#7 [4/4] RUN apt-get install -y build-essential cmake git openssh-server gdb pkg-config valgrind systemd-coredump
#7 CACHED

#8 exporting to image
#8 exporting layers done
#8 writing image sha256:520fbe4956f762f320ef365b50d55a9ff78780d770ee8cb7f7e76feedb3ca8ef 0.0s done
#8 naming to docker.io/library/base_os:0.0.1 0.0s done
#8 DONE 0.0s
#1 [internal] load build definition from Dockerfile
#1 transferring dockerfile: 3.82kB done
#1 DONE 0.1s

#2 [internal] load .dockerignore
#2 transferring context: 2B done
#2 DONE 0.1s

#3 [internal] load metadata for docker.io/library/base_os:0.0.1
#3 DONE 0.0s

#4 [ 1/78] FROM docker.io/library/base_os:0.0.1
#4 DONE 0.0s

#5 [18/78] RUN npm --global --loglevel info install socket.io
#5 CACHED

#6 [24/78] RUN npm --global --loglevel info install sharp
#6 CACHED

#7 [ 2/78] RUN npm set progress=true
#7 CACHED

#8 [ 6/78] RUN npm --global --loglevel info install morgan
#8 CACHED

#9 [11/78] RUN npm --global --loglevel info install molecular
#9 CACHED

#10 [13/78] RUN npm --global --loglevel info install async
#10 CACHED

#11 [16/78] RUN npm --global --loglevel info install grunt
#11 CACHED

#12 [25/78] RUN npm --global --loglevel info install puppeteer
#12 CACHED

#13 [ 3/78] RUN npm --global --loglevel info install express
#13 CACHED

#14 [10/78] RUN npm --global --loglevel info install gulp
#14 CACHED

#15 [23/78] RUN npm --global --loglevel info install winston
#15 CACHED

#16 [20/78] RUN npm --global --loglevel info install redux
#16 CACHED

#17 [21/78] RUN npm --global --loglevel info install dotenv
#17 CACHED

#18 [28/78] RUN npm --global --loglevel info install bower
#18 CACHED

#19 [15/78] RUN npm --global --loglevel info install grunt-cli
#19 CACHED

#20 [26/78] RUN npm --global --loglevel info install request
#20 CACHED

#21 [ 5/78] RUN npm --global --loglevel info install eslint
#21 CACHED

#22 [27/78] RUN npm --global --loglevel info install browserify
#22 CACHED

#23 [19/78] RUN npm --global --loglevel info install react
#23 CACHED

#24 [ 7/78] RUN npm --global --loglevel info install nodemon
#24 CACHED

#25 [ 4/78] RUN npm --global --loglevel info install lodash
#25 CACHED

#26 [ 9/78] RUN npm --global --loglevel info install nodemailer
#26 CACHED

#27 [14/78] RUN npm --global --loglevel info install axios
#27 CACHED

#28 [ 8/78] RUN npm --global --loglevel info install restify
#28 CACHED

#29 [17/78] RUN npm --global --loglevel info install pm2
#29 CACHED

#30 [12/78] RUN npm --global --loglevel info install agenda
#30 CACHED

#31 [22/78] RUN npm --global --loglevel info install passport
#31 CACHED

#32 [29/78] RUN npm --global --loglevel info install underscore
#32 CACHED

#33 [30/78] RUN npm --global --loglevel info install uglifyjs2
#33 2.219 npm info using npm@9.6.4
#33 2.231 npm info using node@v20.1.0
#33 3.820 npm http fetch GET 200 https://registry.npmjs.org/uglifyjs2 1471ms (cache miss)
#33 5.097 npm http fetch GET 200 https://registry.npmjs.org/uglifyjs2/-/uglifyjs2-0.0.1.tgz 1208ms (cache miss)
#33 5.107 npm WARN deprecated uglifyjs2@0.0.1: uglifyjs2 is deprecated - use uglify-js instead.
#33 5.117 
#33 5.117 added 1 package in 3s
#33 5.122 npm info ok 
#33 DONE 5.3s

#34 [31/78] RUN npm --global --loglevel info install hapi
#34 2.445 npm info using npm@9.6.4
#34 2.458 npm info using node@v20.1.0
#34 4.077 npm http fetch GET 200 https://registry.npmjs.org/hapi 1505ms (cache miss)
#34 4.485 npm http fetch GET 200 https://registry.npmjs.org/boom 367ms (cache miss)
#34 4.506 npm http fetch GET 200 https://registry.npmjs.org/hoek 375ms (cache miss)
#34 4.523 npm http fetch GET 200 https://registry.npmjs.org/joi 390ms (cache miss)
#34 4.709 npm http fetch GET 200 https://registry.npmjs.org/somever 570ms (cache miss)
#34 5.337 npm http fetch GET 200 https://registry.npmjs.org/accept 1223ms (cache miss)
#34 5.621 npm http fetch GET 200 https://registry.npmjs.org/ammo 1506ms (cache miss)
#34 5.661 npm http fetch GET 200 https://registry.npmjs.org/subtext 1519ms (cache miss)
#34 5.671 npm http fetch GET 200 https://registry.npmjs.org/teamwork 1528ms (cache miss)
#34 5.687 npm http fetch GET 200 https://registry.npmjs.org/topo 1541ms (cache miss)
#34 5.699 npm http fetch GET 200 https://registry.npmjs.org/bounce 1578ms (cache miss)
#34 5.711 npm http fetch GET 200 https://registry.npmjs.org/mimos 1576ms (cache miss)
#34 5.731 npm http fetch GET 200 https://registry.npmjs.org/heavy 1603ms (cache miss)
#34 5.741 npm http fetch GET 200 https://registry.npmjs.org/call 1618ms (cache miss)
#34 5.758 npm http fetch GET 200 https://registry.npmjs.org/catbox-memory 1630ms (cache miss)
#34 5.768 npm http fetch GET 200 https://registry.npmjs.org/podium 1631ms (cache miss)
#34 5.780 npm http fetch GET 200 https://registry.npmjs.org/statehood 1638ms (cache miss)
#34 5.802 npm http fetch GET 200 https://registry.npmjs.org/shot 1665ms (cache miss)
#34 5.809 npm http fetch GET 200 https://registry.npmjs.org/catbox 1684ms (cache miss)
#34 6.061 npm http fetch GET 200 https://registry.npmjs.org/hapi/-/hapi-18.1.0.tgz 213ms (cache miss)
#34 6.069 npm WARN deprecated hapi@18.1.0: This version contains severe security issues and defects and should not be used! Please upgrade to the latest version of @hapi/hapi or consider a commercial license (https://github.com/hapijs/hapi/issues/4114)
#34 6.626 npm http fetch GET 200 https://registry.npmjs.org/topo/-/topo-3.0.3.tgz 441ms (cache miss)
#34 6.683 npm http fetch GET 200 https://registry.npmjs.org/teamwork/-/teamwork-3.0.3.tgz 496ms (cache miss)
#34 6.695 npm http fetch GET 200 https://registry.npmjs.org/catbox/-/catbox-10.0.6.tgz 461ms (cache miss)
#34 6.712 npm http fetch GET 200 https://registry.npmjs.org/shot/-/shot-4.0.7.tgz 519ms (cache miss)
#34 6.718 npm http fetch GET 200 https://registry.npmjs.org/subtext/-/subtext-6.0.12.tgz 519ms (cache miss)
#34 6.726 npm http fetch GET 200 https://registry.npmjs.org/accept/-/accept-3.1.3.tgz 480ms (cache miss)
#34 6.752 npm http fetch GET 200 https://registry.npmjs.org/heavy/-/heavy-6.1.2.tgz 536ms (cache miss)
#34 6.762 npm http fetch GET 200 https://registry.npmjs.org/hoek/-/hoek-6.1.2.tgz 548ms (cache miss)
#34 6.778 npm http fetch GET 200 https://registry.npmjs.org/mimos/-/mimos-4.0.2.tgz 574ms (cache miss)
#34 6.785 npm http fetch GET 200 https://registry.npmjs.org/boom/-/boom-7.3.0.tgz 543ms (cache miss)
#34 6.789 npm http fetch GET 200 https://registry.npmjs.org/ammo/-/ammo-3.0.3.tgz 544ms (cache miss)
#34 6.800 npm http fetch GET 200 https://registry.npmjs.org/catbox-memory/-/catbox-memory-4.0.1.tgz 579ms (cache miss)
#34 6.808 npm http fetch GET 200 https://registry.npmjs.org/somever/-/somever-2.0.0.tgz 618ms (cache miss)
#34 6.815 npm http fetch GET 200 https://registry.npmjs.org/bounce/-/bounce-1.2.3.tgz 575ms (cache miss)
#34 6.822 npm http fetch GET 200 https://registry.npmjs.org/podium/-/podium-3.2.0.tgz 620ms (cache miss)
#34 6.840 npm http fetch GET 200 https://registry.npmjs.org/call/-/call-5.0.3.tgz 616ms (cache miss)
#34 6.848 npm http fetch GET 200 https://registry.npmjs.org/statehood/-/statehood-6.0.9.tgz 653ms (cache miss)
#34 6.900 npm http fetch GET 200 https://registry.npmjs.org/joi/-/joi-14.3.1.tgz 692ms (cache miss)
#34 6.926 
#34 6.926 added 19 packages in 5s
#34 6.931 npm info ok 
#34 DONE 7.2s

#35 [32/78] RUN npm --global --loglevel info install pug
#35 2.463 npm info using npm@9.6.4
#35 2.474 npm info using node@v20.1.0
#35 2.867 npm http fetch GET 200 https://registry.npmjs.org/pug 273ms (cache miss)
#35 3.004 npm http fetch GET 200 https://registry.npmjs.org/pug-code-gen 108ms (cache miss)
#35 3.104 npm http fetch GET 200 https://registry.npmjs.org/pug-strip-comments 194ms (cache miss)
#35 3.114 npm http fetch GET 200 https://registry.npmjs.org/pug-load 210ms (cache miss)
#35 3.122 npm http fetch GET 200 https://registry.npmjs.org/pug-runtime 214ms (cache miss)
#35 3.136 npm http fetch GET 200 https://registry.npmjs.org/pug-lexer 234ms (cache miss)
#35 3.144 npm http fetch GET 200 https://registry.npmjs.org/pug-filters 245ms (cache miss)
#35 4.177 npm http fetch GET 200 https://registry.npmjs.org/pug-parser 1271ms (cache miss)
#35 4.200 npm http fetch GET 200 https://registry.npmjs.org/pug-linker 1297ms (cache miss)
#35 4.482 npm http fetch GET 200 https://registry.npmjs.org/doctypes 229ms (cache miss)
#35 4.490 npm http fetch GET 200 https://registry.npmjs.org/jstransformer 226ms (cache miss)
#35 4.512 npm http fetch GET 200 https://registry.npmjs.org/js-stringify 257ms (cache miss)
#35 4.521 npm http fetch GET 200 https://registry.npmjs.org/void-elements 261ms (cache miss)
#35 4.546 npm http fetch GET 200 https://registry.npmjs.org/resolve 279ms (cache hit)
#35 4.556 npm http fetch GET 200 https://registry.npmjs.org/object-assign 282ms (cache hit)
#35 4.567 npm http fetch GET 200 https://registry.npmjs.org/pug-error 309ms (cache miss)
#35 4.576 npm http fetch GET 200 https://registry.npmjs.org/pug-attrs 320ms (cache miss)
#35 4.593 npm http fetch GET 200 https://registry.npmjs.org/with 332ms (cache miss)
#35 4.602 npm http fetch GET 200 https://registry.npmjs.org/token-stream 325ms (cache miss)
#35 4.611 npm http fetch GET 200 https://registry.npmjs.org/pug-walk 346ms (cache miss)
#35 5.412 npm http fetch GET 200 https://registry.npmjs.org/constantinople 1161ms (cache miss)
#35 5.568 npm http fetch GET 200 https://registry.npmjs.org/is-expression 1297ms (cache miss)
#35 5.614 npm http fetch GET 200 https://registry.npmjs.org/character-parser 1345ms (cache miss)
#35 5.986 npm http fetch GET 200 https://registry.npmjs.org/assert-never 273ms (cache miss)
#35 6.061 npm http fetch GET 200 https://registry.npmjs.org/@babel%2fparser 352ms (cache miss)
#35 6.076 npm http fetch GET 200 https://registry.npmjs.org/@babel%2ftypes 366ms (cache miss)
#35 6.086 npm http fetch GET 200 https://registry.npmjs.org/@babel%2ftypes 381ms (cache miss)
#35 6.097 npm http fetch GET 200 https://registry.npmjs.org/@babel%2fparser 395ms (cache miss)
#35 6.902 npm http fetch GET 200 https://registry.npmjs.org/babel-walk 1188ms (cache miss)
#35 7.004 npm http fetch GET 200 https://registry.npmjs.org/to-fast-properties 62ms (cache miss)
#35 7.028 npm http fetch GET 200 https://registry.npmjs.org/@babel%2fhelper-validator-identifier 89ms (cache revalidated)
#35 7.042 npm http fetch GET 200 https://registry.npmjs.org/@babel%2fhelper-string-parser 108ms (cache miss)
#35 7.157 npm http fetch GET 200 https://registry.npmjs.org/is-core-module 40ms (cache hit)
#35 7.164 npm http fetch GET 200 https://registry.npmjs.org/path-parse 42ms (cache hit)
#35 7.170 npm http fetch GET 200 https://registry.npmjs.org/supports-preserve-symlinks-flag 45ms (cache hit)
#35 7.211 npm http fetch GET 200 https://registry.npmjs.org/promise 97ms (cache miss)
#35 7.224 npm http fetch GET 200 https://registry.npmjs.org/is-promise 111ms (cache miss)
#35 7.303 npm http fetch GET 200 https://registry.npmjs.org/asap 61ms (cache miss)
#35 7.342 npm http fetch GET 200 https://registry.npmjs.org/acorn 18ms (cache hit)
#35 7.398 npm http fetch GET 200 https://registry.npmjs.org/is-regex 76ms (cache miss)
#35 7.429 npm http fetch GET 200 https://registry.npmjs.org/call-bind 17ms (cache hit)
#35 7.437 npm http fetch GET 200 https://registry.npmjs.org/has-tostringtag 23ms (cache hit)
#35 7.494 npm http fetch GET 200 https://registry.npmjs.org/function-bind 26ms (cache hit)
#35 7.503 npm http fetch GET 200 https://registry.npmjs.org/get-intrinsic 33ms (cache hit)
#35 7.510 npm http fetch GET 200 https://registry.npmjs.org/has-symbols 37ms (cache hit)
#35 7.556 npm http fetch GET 200 https://registry.npmjs.org/has-proto 29ms (cache hit)
#35 7.563 npm http fetch GET 200 https://registry.npmjs.org/has 38ms (cache hit)
#35 9.181 npm http fetch GET 200 https://registry.npmjs.org/is-expression/-/is-expression-4.0.0.tgz 1279ms (cache miss)
#35 9.188 npm http fetch GET 200 https://registry.npmjs.org/babel-walk/-/babel-walk-3.0.0-canary-5.tgz 1307ms (cache miss)
#35 9.195 npm http fetch GET 200 https://registry.npmjs.org/token-stream/-/token-stream-1.0.0.tgz 1304ms (cache miss)
#35 9.201 npm http fetch GET 200 https://registry.npmjs.org/assert-never/-/assert-never-1.2.1.tgz 1324ms (cache miss)
#35 9.242 npm http fetch GET 200 https://registry.npmjs.org/is-promise/-/is-promise-2.2.2.tgz 1327ms (cache miss)
#35 9.265 npm http fetch GET 200 https://registry.npmjs.org/constantinople/-/constantinople-4.0.1.tgz 1317ms (cache miss)
#35 9.292 npm http fetch GET 200 https://registry.npmjs.org/pug-walk/-/pug-walk-2.0.0.tgz 1375ms (cache miss)
#35 9.305 npm http fetch GET 200 https://registry.npmjs.org/void-elements/-/void-elements-3.1.0.tgz 1370ms (cache miss)
#35 9.312 npm http fetch GET 200 https://registry.npmjs.org/js-stringify/-/js-stringify-1.0.2.tgz 1370ms (cache miss)
#35 9.317 npm http fetch GET 200 https://registry.npmjs.org/doctypes/-/doctypes-1.1.0.tgz 1372ms (cache miss)
#35 9.324 npm http fetch GET 200 https://registry.npmjs.org/pug-filters/-/pug-filters-4.0.0.tgz 1347ms (cache miss)
#35 9.333 npm http fetch GET 200 https://registry.npmjs.org/pug-runtime/-/pug-runtime-3.0.1.tgz 1379ms (cache miss)
#35 9.340 npm http fetch GET 200 https://registry.npmjs.org/pug-parser/-/pug-parser-6.0.0.tgz 1373ms (cache miss)
#35 9.358 npm http fetch GET 200 https://registry.npmjs.org/jstransformer/-/jstransformer-1.0.0.tgz 1438ms (cache miss)
#35 9.368 npm http fetch GET 200 https://registry.npmjs.org/pug-error/-/pug-error-2.0.0.tgz 1431ms (cache miss)
#35 9.375 npm http fetch GET 200 https://registry.npmjs.org/pug-attrs/-/pug-attrs-3.0.0.tgz 1435ms (cache miss)
#35 9.380 npm http fetch GET 200 https://registry.npmjs.org/pug-strip-comments/-/pug-strip-comments-2.0.0.tgz 1430ms (cache miss)
#35 9.387 npm http fetch GET 200 https://registry.npmjs.org/pug-linker/-/pug-linker-4.0.0.tgz 1413ms (cache miss)
#35 9.407 npm http fetch GET 200 https://registry.npmjs.org/pug-load/-/pug-load-3.0.0.tgz 1435ms (cache miss)
#35 9.422 npm http fetch GET 200 https://registry.npmjs.org/character-parser/-/character-parser-2.2.0.tgz 1518ms (cache miss)
#35 9.431 npm http fetch GET 200 https://registry.npmjs.org/pug-lexer/-/pug-lexer-5.0.1.tgz 1451ms (cache miss)
#35 9.439 npm http fetch GET 200 https://registry.npmjs.org/to-fast-properties/-/to-fast-properties-2.0.0.tgz 1516ms (cache miss)
#35 9.473 npm http fetch GET 200 https://registry.npmjs.org/pug/-/pug-3.0.2.tgz 1600ms (cache miss)
#35 9.488 npm http fetch GET 200 https://registry.npmjs.org/pug-code-gen/-/pug-code-gen-3.0.2.tgz 1505ms (cache miss)
#35 9.514 npm http fetch GET 200 https://registry.npmjs.org/asap/-/asap-2.0.6.tgz 1608ms (cache miss)
#35 9.536 npm http fetch GET 200 https://registry.npmjs.org/@babel/helper-string-parser/-/helper-string-parser-7.21.5.tgz 1607ms (cache miss)
#35 9.560 npm http fetch GET 200 https://registry.npmjs.org/is-regex/-/is-regex-1.1.4.tgz 1659ms (cache miss)
#35 9.591 npm http fetch GET 200 https://registry.npmjs.org/with/-/with-7.0.2.tgz 1658ms (cache miss)
#35 9.679 npm http fetch GET 200 https://registry.npmjs.org/promise/-/promise-7.3.1.tgz 1769ms (cache miss)
#35 10.34 npm http fetch GET 200 https://registry.npmjs.org/@babel/parser/-/parser-7.22.3.tgz 2413ms (cache miss)
#35 10.41 npm http fetch GET 200 https://registry.npmjs.org/@babel/types/-/types-7.22.3.tgz 2488ms (cache miss)
#35 10.47 
#35 10.47 added 45 packages in 8s
#35 10.47 
#35 10.47 9 packages are looking for funding
#35 10.47   run `npm fund` for details
#35 10.47 npm info ok 
#35 DONE 10.7s

#36 [33/78] RUN npm --global --loglevel info install sqlite
#36 2.504 npm info using npm@9.6.4
#36 2.512 npm info using node@v20.1.0
#36 2.964 npm http fetch GET 200 https://registry.npmjs.org/sqlite 321ms (cache miss)
#36 3.168 npm http fetch GET 200 https://registry.npmjs.org/sqlite/-/sqlite-4.2.1.tgz 141ms (cache miss)
#36 3.189 
#36 3.189 added 1 package in 821ms
#36 3.194 npm info ok 
#36 DONE 3.4s

#37 [34/78] RUN npm --global --loglevel info install webpack
#37 2.433 npm info using npm@9.6.4
#37 2.443 npm info using node@v20.1.0
#37 3.058 npm http fetch GET 200 https://registry.npmjs.org/webpack 498ms (cache miss)
#37 3.754 npm http fetch GET 200 https://registry.npmjs.org/@types%2feslint-scope 623ms (cache miss)
#37 3.886 npm http fetch GET 200 https://registry.npmjs.org/acorn 742ms (cache hit)
#37 3.900 npm http fetch GET 200 https://registry.npmjs.org/events 739ms (cache hit)
#37 3.909 npm http fetch GET 200 https://registry.npmjs.org/mime-types 738ms (cache hit)
#37 3.963 npm http fetch GET 200 https://registry.npmjs.org/glob-to-regexp 800ms (cache miss)
#37 3.971 npm http fetch GET 200 https://registry.npmjs.org/eslint-scope 812ms (cache revalidated)
#37 3.983 npm http fetch GET 200 https://registry.npmjs.org/graceful-fs 817ms (cache revalidated)
#37 3.995 npm http fetch GET 200 https://registry.npmjs.org/chrome-trace-event 845ms (cache miss)
#37 4.004 npm http fetch GET 200 https://registry.npmjs.org/webpack-sources 811ms (cache miss)
#37 4.014 npm http fetch GET 200 https://registry.npmjs.org/json-parse-even-better-errors 846ms (cache revalidated)
#37 4.033 npm http fetch GET 200 https://registry.npmjs.org/terser-webpack-plugin 844ms (cache miss)
#37 4.063 npm http fetch GET 200 https://registry.npmjs.org/loader-runner 893ms (cache miss)
#37 4.093 npm http fetch GET 200 https://registry.npmjs.org/@types%2festree 959ms (cache miss)
#37 4.136 npm http fetch GET 200 https://registry.npmjs.org/acorn-import-assertions 990ms (cache miss)
#37 4.178 npm http fetch GET 200 https://registry.npmjs.org/tapable 1001ms (cache miss)
#37 4.192 npm http fetch GET 200 https://registry.npmjs.org/watchpack 1001ms (cache miss)
#37 4.224 npm http fetch GET 200 https://registry.npmjs.org/schema-utils 1049ms (cache miss)
#37 4.242 npm http fetch GET 200 https://registry.npmjs.org/neo-async 1069ms (cache miss)
#37 4.258 npm http fetch GET 200 https://registry.npmjs.org/es-module-lexer 1103ms (cache miss)
#37 4.280 npm http fetch GET 200 https://registry.npmjs.org/@webassemblyjs%2fast 1142ms (cache miss)
#37 4.291 npm http fetch GET 200 https://registry.npmjs.org/@webassemblyjs%2fwasm-parser 1149ms (cache miss)
#37 4.302 npm http fetch GET 200 https://registry.npmjs.org/@webassemblyjs%2fwasm-edit 1162ms (cache miss)
#37 4.311 npm http fetch GET 200 https://registry.npmjs.org/enhanced-resolve 1158ms (cache miss)
#37 4.328 npm http fetch GET 200 https://registry.npmjs.org/browserslist 1181ms (cache miss)
#37 5.467 npm http fetch GET 200 https://registry.npmjs.org/serialize-javascript 851ms (cache miss)
#37 5.481 npm http fetch GET 200 https://registry.npmjs.org/@webassemblyjs%2fieee754 899ms (cache miss)
#37 5.544 npm http fetch GET 200 https://registry.npmjs.org/mime-db 942ms (cache hit)
#37 5.560 npm http fetch GET 200 https://registry.npmjs.org/ajv 953ms (cache hit)
#37 5.608 npm http fetch GET 200 https://registry.npmjs.org/update-browserslist-db 1014ms (cache miss)
#37 5.616 npm http fetch GET 200 https://registry.npmjs.org/@webassemblyjs%2fhelper-numbers 1062ms (cache miss)
#37 5.627 npm http fetch GET 200 https://registry.npmjs.org/@webassemblyjs%2fwasm-gen 1064ms (cache miss)
#37 5.643 npm http fetch GET 200 https://registry.npmjs.org/ajv-keywords 1034ms (cache miss)
#37 5.672 npm http fetch GET 200 https://registry.npmjs.org/estraverse 1072ms (cache revalidated)
#37 5.683 npm http fetch GET 200 https://registry.npmjs.org/esrecurse 1086ms (cache revalidated)
#37 5.695 npm http fetch GET 200 https://registry.npmjs.org/@webassemblyjs%2futf8 1110ms (cache miss)
#37 5.709 npm http fetch GET 200 https://registry.npmjs.org/@jridgewell%2ftrace-mapping 1097ms (cache miss)
#37 5.721 npm http fetch GET 200 https://registry.npmjs.org/@webassemblyjs%2fhelper-api-error 1141ms (cache miss)
#37 5.729 npm http fetch GET 200 https://registry.npmjs.org/@types%2fjson-schema 1124ms (cache miss)
#37 5.761 npm http fetch GET 200 https://registry.npmjs.org/@webassemblyjs%2fleb128 1177ms (cache miss)
#37 5.771 npm http fetch GET 200 https://registry.npmjs.org/@webassemblyjs%2fwast-printer 1202ms (cache miss)
#37 5.771 npm http fetch GET 200 https://registry.npmjs.org/jest-worker 1156ms (cache miss)
#37 5.787 npm http fetch GET 200 https://registry.npmjs.org/terser 1169ms (cache miss)
#37 5.816 npm http fetch GET 200 https://registry.npmjs.org/@webassemblyjs%2fhelper-wasm-bytecode 1260ms (cache miss)
#37 5.829 npm http fetch GET 200 https://registry.npmjs.org/node-releases 1236ms (cache miss)
#37 5.838 npm http fetch GET 200 https://registry.npmjs.org/@webassemblyjs%2fwasm-opt 1273ms (cache miss)
#37 5.840 npm http fetch GET 200 https://registry.npmjs.org/@webassemblyjs%2fhelper-buffer 1282ms (cache miss)
#37 5.877 npm http fetch GET 200 https://registry.npmjs.org/@webassemblyjs%2fhelper-wasm-section 1317ms (cache miss)
#37 5.893 npm http fetch GET 200 https://registry.npmjs.org/@types%2feslint 1341ms (cache miss)
#37 5.933 npm http fetch GET 200 https://registry.npmjs.org/caniuse-lite 1345ms (cache miss)
#37 5.963 npm http fetch GET 200 https://registry.npmjs.org/electron-to-chromium 1373ms (cache miss)
#37 6.236 npm http fetch GET 200 https://registry.npmjs.org/@xtuc%2flong 152ms (cache miss)
#37 6.256 npm http fetch GET 200 https://registry.npmjs.org/@webassemblyjs%2ffloating-point-hex-parser 174ms (cache miss)
#37 6.475 npm http fetch GET 200 https://registry.npmjs.org/@xtuc%2fieee754 97ms (cache miss)
#37 6.577 npm http fetch GET 200 https://registry.npmjs.org/escalade 64ms (cache revalidated)
#37 6.588 npm http fetch GET 200 https://registry.npmjs.org/picocolors 75ms (cache miss)
#37 6.676 npm http fetch GET 200 https://registry.npmjs.org/fast-deep-equal 43ms (cache hit)
#37 6.684 npm http fetch GET 200 https://registry.npmjs.org/fast-json-stable-stringify 49ms (cache hit)
#37 6.688 npm http fetch GET 200 https://registry.npmjs.org/json-schema-traverse 52ms (cache hit)
#37 6.694 npm http fetch GET 200 https://registry.npmjs.org/uri-js 55ms (cache hit)
#37 6.722 npm http fetch GET 200 https://registry.npmjs.org/punycode 8ms (cache hit)
#37 6.869 npm http fetch GET 200 https://registry.npmjs.org/randombytes 57ms (cache hit)
#37 6.932 npm http fetch GET 200 https://registry.npmjs.org/supports-color 122ms (cache revalidated)
#37 6.956 npm http fetch GET 200 https://registry.npmjs.org/commander 138ms (cache revalidated)
#37 6.982 npm http fetch GET 200 https://registry.npmjs.org/source-map-support 161ms (cache revalidated)
#37 7.004 npm http fetch GET 200 https://registry.npmjs.org/@types%2fnode 214ms (cache revalidated)
#37 7.043 npm http fetch GET 200 https://registry.npmjs.org/@jridgewell%2fresolve-uri 261ms (cache miss)
#37 7.053 npm http fetch GET 200 https://registry.npmjs.org/@jridgewell%2fsourcemap-codec 264ms (cache miss)
#37 7.061 npm http fetch GET 200 https://registry.npmjs.org/@jridgewell%2fsource-map 246ms (cache miss)
#37 7.068 npm http fetch GET 200 https://registry.npmjs.org/merge-stream 270ms (cache miss)
#37 7.153 npm http fetch GET 200 https://registry.npmjs.org/has-flag 44ms (cache revalidated)
#37 7.178 npm http fetch GET 200 https://registry.npmjs.org/safe-buffer 8ms (cache hit)
#37 7.265 npm http fetch GET 200 https://registry.npmjs.org/source-map 25ms (cache hit)
#37 7.277 npm http fetch GET 200 https://registry.npmjs.org/buffer-from 43ms (cache hit)
#37 7.324 npm http fetch GET 200 https://registry.npmjs.org/@jridgewell%2fgen-mapping 92ms (cache miss)
#37 7.420 npm http fetch GET 200 https://registry.npmjs.org/@jridgewell%2fset-array 82ms (cache miss)
#37 9.854 npm http fetch GET 200 https://registry.npmjs.org/picocolors/-/picocolors-1.0.0.tgz 2084ms (cache miss)
#37 9.862 npm http fetch GET 200 https://registry.npmjs.org/@jridgewell/gen-mapping/-/gen-mapping-0.3.3.tgz 2087ms (cache miss)
#37 9.869 npm http fetch GET 200 https://registry.npmjs.org/@jridgewell/set-array/-/set-array-1.1.2.tgz 2096ms (cache miss)
#37 9.875 npm http fetch GET 200 https://registry.npmjs.org/supports-color/-/supports-color-8.1.1.tgz 2091ms (cache miss)
#37 9.882 npm http fetch GET 200 https://registry.npmjs.org/merge-stream/-/merge-stream-2.0.0.tgz 2095ms (cache miss)
#37 9.891 npm http fetch GET 200 https://registry.npmjs.org/@jridgewell/sourcemap-codec/-/sourcemap-codec-1.4.14.tgz 2100ms (cache miss)
#37 9.941 npm http fetch GET 200 https://registry.npmjs.org/update-browserslist-db/-/update-browserslist-db-1.0.11.tgz 2128ms (cache miss)
#37 9.948 npm http fetch GET 200 https://registry.npmjs.org/node-releases/-/node-releases-2.0.12.tgz 2133ms (cache miss)
#37 9.957 npm http fetch GET 200 https://registry.npmjs.org/@xtuc/ieee754/-/ieee754-1.2.0.tgz 2119ms (cache miss)
#37 9.963 npm http fetch GET 200 https://registry.npmjs.org/@webassemblyjs/utf8/-/utf8-1.11.6.tgz 2123ms (cache miss)
#37 9.969 npm http fetch GET 200 https://registry.npmjs.org/@webassemblyjs/leb128/-/leb128-1.11.6.tgz 2127ms (cache miss)
#37 9.974 npm http fetch GET 200 https://registry.npmjs.org/@webassemblyjs/ieee754/-/ieee754-1.11.6.tgz 2129ms (cache miss)
#37 10.01 npm http fetch GET 200 https://registry.npmjs.org/serialize-javascript/-/serialize-javascript-6.0.1.tgz 2211ms (cache miss)
#37 10.02 npm http fetch GET 200 https://registry.npmjs.org/@webassemblyjs/wast-printer/-/wast-printer-1.11.6.tgz 2177ms (cache miss)
#37 10.03 npm http fetch GET 200 https://registry.npmjs.org/@webassemblyjs/floating-point-hex-parser/-/floating-point-hex-parser-1.11.6.tgz 2166ms (cache miss)
#37 10.03 npm http fetch GET 200 https://registry.npmjs.org/@webassemblyjs/helper-wasm-bytecode/-/helper-wasm-bytecode-1.11.6.tgz 2126ms (cache miss)
#37 10.04 npm http fetch GET 200 https://registry.npmjs.org/@types/json-schema/-/json-schema-7.0.12.tgz 2124ms (cache miss)
#37 10.04 npm http fetch GET 200 https://registry.npmjs.org/@webassemblyjs/wasm-opt/-/wasm-opt-1.11.6.tgz 2192ms (cache miss)
#37 10.05 npm http fetch GET 200 https://registry.npmjs.org/@webassemblyjs/helper-buffer/-/helper-buffer-1.11.6.tgz 2194ms (cache miss)
#37 10.05 npm http fetch GET 200 https://registry.npmjs.org/@webassemblyjs/helper-wasm-section/-/helper-wasm-section-1.11.6.tgz 2198ms (cache miss)
#37 10.05 npm http fetch GET 200 https://registry.npmjs.org/@webassemblyjs/wasm-gen/-/wasm-gen-1.11.6.tgz 2193ms (cache miss)
#37 10.06 npm http fetch GET 200 https://registry.npmjs.org/@webassemblyjs/helper-api-error/-/helper-api-error-1.11.6.tgz 2197ms (cache miss)
#37 10.10 npm http fetch GET 200 https://registry.npmjs.org/loader-runner/-/loader-runner-4.3.0.tgz 2159ms (cache miss)
#37 10.10 npm http fetch GET 200 https://registry.npmjs.org/glob-to-regexp/-/glob-to-regexp-0.4.1.tgz 2162ms (cache miss)
#37 10.11 npm http fetch GET 200 https://registry.npmjs.org/browserslist/-/browserslist-4.21.5.tgz 2155ms (cache miss)
#37 10.11 npm http fetch GET 200 https://registry.npmjs.org/chrome-trace-event/-/chrome-trace-event-1.0.3.tgz 2160ms (cache miss)
#37 10.12 npm http fetch GET 200 https://registry.npmjs.org/@webassemblyjs/helper-numbers/-/helper-numbers-1.11.6.tgz 2207ms (cache miss)
#37 10.12 npm http fetch GET 200 https://registry.npmjs.org/watchpack/-/watchpack-2.4.0.tgz 2198ms (cache miss)
#37 10.16 npm http fetch GET 200 https://registry.npmjs.org/@webassemblyjs/wasm-edit/-/wasm-edit-1.11.6.tgz 2200ms (cache miss)
#37 10.17 npm http fetch GET 200 https://registry.npmjs.org/@types/estree/-/estree-1.0.1.tgz 2189ms (cache miss)
#37 10.17 npm http fetch GET 200 https://registry.npmjs.org/@types/eslint-scope/-/eslint-scope-3.7.4.tgz 2191ms (cache miss)
#37 10.18 npm http fetch GET 200 https://registry.npmjs.org/@webassemblyjs/wasm-parser/-/wasm-parser-1.11.6.tgz 2220ms (cache miss)
#37 10.19 npm http fetch GET 200 https://registry.npmjs.org/commander/-/commander-2.20.3.tgz 2412ms (cache miss)
#37 10.21 npm http fetch GET 200 https://registry.npmjs.org/acorn-import-assertions/-/acorn-import-assertions-1.9.0.tgz 2258ms (cache miss)
#37 10.23 npm http fetch GET 200 https://registry.npmjs.org/@jridgewell/resolve-uri/-/resolve-uri-3.1.0.tgz 2438ms (cache miss)
#37 10.27 npm http fetch GET 200 https://registry.npmjs.org/es-module-lexer/-/es-module-lexer-1.2.1.tgz 2322ms (cache miss)
#37 10.39 npm http fetch GET 200 https://registry.npmjs.org/terser-webpack-plugin/-/terser-webpack-plugin-5.3.9.tgz 2460ms (cache miss)
#37 10.46 npm http fetch GET 200 https://registry.npmjs.org/@xtuc/long/-/long-4.2.2.tgz 2604ms (cache miss)
#37 10.47 npm http fetch GET 200 https://registry.npmjs.org/eslint-scope/-/eslint-scope-5.1.1.tgz 2529ms (cache miss)
#37 10.49 npm http fetch GET 200 https://registry.npmjs.org/@jridgewell/source-map/-/source-map-0.3.3.tgz 2714ms (cache miss)
#37 10.54 npm http fetch GET 200 https://registry.npmjs.org/@jridgewell/trace-mapping/-/trace-mapping-0.3.18.tgz 2737ms (cache miss)
#37 10.58 npm http fetch GET 200 https://registry.npmjs.org/tapable/-/tapable-2.2.1.tgz 2649ms (cache miss)
#37 10.60 npm http fetch GET 200 https://registry.npmjs.org/electron-to-chromium/-/electron-to-chromium-1.4.411.tgz 2783ms (cache miss)
#37 10.63 npm http fetch GET 200 https://registry.npmjs.org/@types/eslint/-/eslint-8.40.0.tgz 2715ms (cache miss)
#37 10.70 npm http fetch GET 200 https://registry.npmjs.org/webpack-sources/-/webpack-sources-3.2.3.tgz 2783ms (cache miss)
#37 10.71 npm http fetch GET 200 https://registry.npmjs.org/schema-utils/-/schema-utils-3.1.2.tgz 2780ms (cache miss)
#37 10.75 npm http fetch GET 200 https://registry.npmjs.org/jest-worker/-/jest-worker-27.5.1.tgz 2947ms (cache miss)
#37 10.77 npm http fetch GET 200 https://registry.npmjs.org/ajv-keywords/-/ajv-keywords-3.5.2.tgz 2963ms (cache miss)
#37 10.80 npm http fetch GET 200 https://registry.npmjs.org/@webassemblyjs/ast/-/ast-1.11.6.tgz 2821ms (cache miss)
#37 11.03 npm http fetch GET 200 https://registry.npmjs.org/enhanced-resolve/-/enhanced-resolve-5.14.1.tgz 3079ms (cache miss)
#37 11.38 npm http fetch GET 200 https://registry.npmjs.org/neo-async/-/neo-async-2.6.2.tgz 3448ms (cache miss)
#37 11.57 npm http fetch GET 200 https://registry.npmjs.org/terser/-/terser-5.17.6.tgz 3775ms (cache miss)
#37 13.44 npm http fetch GET 200 https://registry.npmjs.org/caniuse-lite/-/caniuse-lite-1.0.30001489.tgz 5607ms (cache miss)
#37 13.55 npm http fetch GET 200 https://registry.npmjs.org/webpack/-/webpack-5.84.1.tgz 5785ms (cache miss)
#37 13.62 
#37 13.62 added 77 packages in 11s
#37 13.62 
#37 13.62 9 packages are looking for funding
#37 13.62   run `npm fund` for details
#37 13.63 npm info ok 
#37 DONE 14.1s

#38 [35/78] RUN npm --global --loglevel info install angular
#38 2.457 npm info using npm@9.6.4
#38 2.467 npm info using node@v20.1.0
#38 2.893 npm http fetch GET 200 https://registry.npmjs.org/angular 301ms (cache miss)
#38 3.198 npm http fetch GET 200 https://registry.npmjs.org/angular/-/angular-1.8.3.tgz 239ms (cache miss)
#38 3.208 npm WARN deprecated angular@1.8.3: For the actively supported Angular, see https://www.npmjs.com/package/@angular/core. AngularJS support has officially ended. For extended AngularJS support options, see https://goo.gle/angularjs-path-forward.
#38 3.219 
#38 3.219 added 1 package in 877ms
#38 3.224 npm info ok 
#38 DONE 3.4s

#39 [36/78] RUN npm --global --loglevel info install marked
#39 2.328 npm info using npm@9.6.4
#39 2.342 npm info using node@v20.1.0
#39 2.753 npm http fetch GET 200 https://registry.npmjs.org/marked 297ms (cache miss)
#39 2.971 npm http fetch GET 200 https://registry.npmjs.org/marked/-/marked-5.0.3.tgz 148ms (cache miss)
#39 3.014 
#39 3.014 added 1 package in 801ms
#39 3.026 npm info ok 
#39 DONE 3.2s

#40 [37/78] RUN npm --global --loglevel info install graphicsmagick
#40 2.348 npm info using npm@9.6.4
#40 2.358 npm info using node@v20.1.0
#40 3.866 npm http fetch GET 200 https://registry.npmjs.org/graphicsmagick 1390ms (cache miss)
#40 4.104 npm http fetch GET 200 https://registry.npmjs.org/graphicsmagick/-/graphicsmagick-0.0.1.tgz 175ms (cache miss)
#40 4.124 
#40 4.124 added 1 package in 2s
#40 4.129 npm info ok 
#40 DONE 4.3s

#41 [38/78] RUN npm --global --loglevel info install jsdom
#41 2.463 npm info using npm@9.6.4
#41 2.473 npm info using node@v20.1.0
#41 2.932 npm http fetch GET 200 https://registry.npmjs.org/jsdom 341ms (cache miss)
#41 3.347 npm http fetch GET 200 https://registry.npmjs.org/abab 380ms (cache miss)
#41 3.445 npm http fetch GET 200 https://registry.npmjs.org/form-data 464ms (cache hit)
#41 3.456 npm http fetch GET 200 https://registry.npmjs.org/tough-cookie 454ms (cache hit)
#41 3.505 npm http fetch GET 200 https://registry.npmjs.org/xml-name-validator 487ms (cache miss)
#41 3.514 npm http fetch GET 200 https://registry.npmjs.org/is-potential-custom-element-name 525ms (cache miss)
#41 3.543 npm http fetch GET 200 https://registry.npmjs.org/html-encoding-sniffer 561ms (cache miss)
#41 3.550 npm http fetch GET 200 https://registry.npmjs.org/whatwg-encoding 542ms (cache miss)
#41 3.564 npm http fetch GET 200 https://registry.npmjs.org/whatwg-mimetype 556ms (cache miss)
#41 3.574 npm http fetch GET 200 https://registry.npmjs.org/http-proxy-agent 590ms (cache revalidated)
#41 3.583 npm http fetch GET 200 https://registry.npmjs.org/webidl-conversions 578ms (cache revalidated)
#41 3.592 npm http fetch GET 200 https://registry.npmjs.org/ws 579ms (cache revalidated)
#41 3.602 npm http fetch GET 200 https://registry.npmjs.org/whatwg-url 592ms (cache revalidated)
#41 3.613 npm http fetch GET 200 https://registry.npmjs.org/rrweb-cssom 617ms (cache miss)
#41 3.625 npm http fetch GET 200 https://registry.npmjs.org/https-proxy-agent 639ms (cache revalidated)
#41 3.635 npm http fetch GET 200 https://registry.npmjs.org/data-urls 660ms (cache miss)
#41 3.643 npm http fetch GET 200 https://registry.npmjs.org/symbol-tree 643ms (cache miss)
#41 3.714 npm http fetch GET 200 https://registry.npmjs.org/w3c-xmlserializer 711ms (cache miss)
#41 3.767 npm http fetch GET 200 https://registry.npmjs.org/decimal.js 790ms (cache miss)
#41 3.778 npm http fetch GET 200 https://registry.npmjs.org/nwsapi 787ms (cache miss)
#41 3.792 npm http fetch GET 200 https://registry.npmjs.org/cssstyle 822ms (cache miss)
#41 3.801 npm http fetch GET 200 https://registry.npmjs.org/parse5 808ms (cache miss)
#41 3.813 npm http fetch GET 200 https://registry.npmjs.org/saxes 815ms (cache miss)
#41 16.18 npm http fetch GET 200 https://registry.npmjs.org/domexception 13199ms attempt #2 (cache miss)
#41 16.30 npm http fetch GET 200 https://registry.npmjs.org/bufferutil 61ms (cache revalidated)
#41 16.35 npm http fetch GET 200 https://registry.npmjs.org/utf-8-validate 44ms (cache revalidated)
#41 16.65 npm http fetch GET 200 https://registry.npmjs.org/asynckit 173ms (cache hit)
#41 16.66 npm http fetch GET 200 https://registry.npmjs.org/mime-types 178ms (cache hit)
#41 16.67 npm http fetch GET 200 https://registry.npmjs.org/punycode 155ms (cache hit)
#41 16.67 npm http fetch GET 200 https://registry.npmjs.org/combined-stream 196ms (cache hit)
#41 16.68 npm http fetch GET 200 https://registry.npmjs.org/psl 174ms (cache hit)
#41 16.75 npm http fetch GET 200 https://registry.npmjs.org/@tootallnate%2fonce 265ms (cache revalidated)
#41 16.75 npm http fetch GET 200 https://registry.npmjs.org/universalify 241ms (cache revalidated)
#41 16.76 npm http fetch GET 200 https://registry.npmjs.org/agent-base 268ms (cache revalidated)
#41 16.77 npm http fetch GET 200 https://registry.npmjs.org/tr46 251ms (cache revalidated)
#41 16.78 npm http fetch GET 200 https://registry.npmjs.org/debug 284ms (cache revalidated)
#41 16.79 npm http fetch GET 200 https://registry.npmjs.org/iconv-lite 276ms (cache revalidated)
#41 16.83 npm http fetch GET 200 https://registry.npmjs.org/url-parse 313ms (cache miss)
#41 16.84 npm http fetch GET 200 https://registry.npmjs.org/entities 341ms (cache miss)
#41 16.85 npm http fetch GET 200 https://registry.npmjs.org/xmlchars 346ms (cache miss)
#41 16.92 npm http fetch GET 200 https://registry.npmjs.org/mime-db 31ms (cache hit)
#41 16.93 npm http fetch GET 200 https://registry.npmjs.org/delayed-stream 46ms (cache hit)
#41 17.01 npm http fetch GET 200 https://registry.npmjs.org/ms 60ms (cache revalidated)
#41 17.13 npm http fetch GET 200 https://registry.npmjs.org/querystringify 57ms (cache miss)
#41 17.14 npm http fetch GET 200 https://registry.npmjs.org/requires-port 66ms (cache miss)
#41 17.17 npm http fetch GET 200 https://registry.npmjs.org/safer-buffer 8ms (cache hit)
#41 18.62 npm http fetch GET 200 https://registry.npmjs.org/universalify/-/universalify-0.2.0.tgz 1157ms (cache miss)
#41 18.67 npm http fetch GET 200 https://registry.npmjs.org/requires-port/-/requires-port-1.0.0.tgz 1217ms (cache miss)
#41 18.67 npm http fetch GET 200 https://registry.npmjs.org/querystringify/-/querystringify-2.2.0.tgz 1222ms (cache miss)
#41 18.70 npm http fetch GET 200 https://registry.npmjs.org/xml-name-validator/-/xml-name-validator-4.0.0.tgz 1228ms (cache miss)
#41 18.72 npm http fetch GET 200 https://registry.npmjs.org/is-potential-custom-element-name/-/is-potential-custom-element-name-1.0.1.tgz 1197ms (cache miss)
#41 18.74 npm http fetch GET 200 https://registry.npmjs.org/whatwg-encoding/-/whatwg-encoding-2.0.0.tgz 1246ms (cache miss)
#41 18.75 npm http fetch GET 200 https://registry.npmjs.org/@tootallnate/once/-/once-2.0.0.tgz 1283ms (cache miss)
#41 18.77 npm http fetch GET 200 https://registry.npmjs.org/abab/-/abab-2.0.6.tgz 1222ms (cache miss)
#41 18.78 npm http fetch GET 200 https://registry.npmjs.org/html-encoding-sniffer/-/html-encoding-sniffer-3.0.0.tgz 1255ms (cache miss)
#41 18.80 npm http fetch GET 200 https://registry.npmjs.org/http-proxy-agent/-/http-proxy-agent-5.0.0.tgz 1272ms (cache miss)
#41 18.80 npm http fetch GET 200 https://registry.npmjs.org/data-urls/-/data-urls-4.0.0.tgz 1266ms (cache miss)
#41 18.82 npm http fetch GET 200 https://registry.npmjs.org/symbol-tree/-/symbol-tree-3.2.4.tgz 1309ms (cache miss)
#41 18.84 npm http fetch GET 200 https://registry.npmjs.org/w3c-xmlserializer/-/w3c-xmlserializer-4.0.0.tgz 1348ms (cache miss)
#41 18.87 npm http fetch GET 200 https://registry.npmjs.org/domexception/-/domexception-4.0.0.tgz 1335ms (cache miss)
#41 18.93 npm http fetch GET 200 https://registry.npmjs.org/whatwg-mimetype/-/whatwg-mimetype-3.0.0.tgz 1438ms (cache miss)
#41 19.00 npm http fetch GET 200 https://registry.npmjs.org/nwsapi/-/nwsapi-2.2.4.tgz 1478ms (cache miss)
#41 19.03 npm http fetch GET 200 https://registry.npmjs.org/url-parse/-/url-parse-1.5.10.tgz 1575ms (cache miss)
#41 19.04 npm http fetch GET 200 https://registry.npmjs.org/saxes/-/saxes-6.0.0.tgz 1529ms (cache miss)
#41 19.07 npm http fetch GET 200 https://registry.npmjs.org/decimal.js/-/decimal.js-10.4.3.tgz 1532ms (cache miss)
#41 19.19 npm http fetch GET 200 https://registry.npmjs.org/xmlchars/-/xmlchars-2.2.0.tgz 1733ms (cache miss)
#41 19.21 npm http fetch GET 200 https://registry.npmjs.org/whatwg-url/-/whatwg-url-12.0.1.tgz 1719ms (cache miss)
#41 19.22 npm http fetch GET 200 https://registry.npmjs.org/tr46/-/tr46-4.1.1.tgz 1773ms (cache miss)
#41 19.25 npm http fetch GET 200 https://registry.npmjs.org/rrweb-cssom/-/rrweb-cssom-0.6.0.tgz 1734ms (cache miss)
#41 19.28 npm http fetch GET 200 https://registry.npmjs.org/tough-cookie/-/tough-cookie-4.1.2.tgz 1771ms (cache miss)
#41 19.58 npm http fetch GET 200 https://registry.npmjs.org/entities/-/entities-4.5.0.tgz 2112ms (cache miss)
#41 19.63 npm http fetch GET 200 https://registry.npmjs.org/cssstyle/-/cssstyle-3.0.0.tgz 2090ms (cache miss)
#41 19.73 npm http fetch GET 200 https://registry.npmjs.org/parse5/-/parse5-7.1.2.tgz 2215ms (cache miss)
#41 20.48 npm http fetch GET 200 https://registry.npmjs.org/jsdom/-/jsdom-22.1.0.tgz 3034ms (cache miss)
#41 20.51 
#41 20.51 added 44 packages in 18s
#41 20.51 
#41 20.51 2 packages are looking for funding
#41 20.51   run `npm fund` for details
#41 20.51 npm info ok 
#41 DONE 20.8s

#42 [39/78] RUN npm --global --loglevel info install moment
#42 2.427 npm info using npm@9.6.4
#42 2.440 npm info using node@v20.1.0
#42 2.833 npm http fetch GET 200 https://registry.npmjs.org/moment 277ms (cache revalidated)
#42 3.846 
#42 3.846 added 1 package in 2s
#42 3.852 npm info ok 
#42 DONE 4.1s

#43 [40/78] RUN npm --global --loglevel info install chalk
#43 2.447 npm info using npm@9.6.4
#43 2.458 npm info using node@v20.1.0
#43 2.855 npm http fetch GET 200 https://registry.npmjs.org/chalk 280ms (cache revalidated)
#43 3.061 npm http fetch GET 200 https://registry.npmjs.org/chalk/-/chalk-5.2.0.tgz 141ms (cache miss)
#43 3.080 
#43 3.080 added 1 package in 747ms
#43 3.082 
#43 3.083 1 package is looking for funding
#43 3.085   run `npm fund` for details
#43 3.091 npm info ok 
#43 DONE 3.3s

#44 [41/78] RUN npm --global --loglevel info install debug
#44 2.340 npm info using npm@9.6.4
#44 2.348 npm info using node@v20.1.0
#44 2.545 npm http fetch GET 200 https://registry.npmjs.org/debug 52ms (cache hit)
#44 2.584 npm http fetch GET 200 https://registry.npmjs.org/ms 11ms (cache hit)
#44 2.704 
#44 2.704 added 2 packages in 478ms
#44 2.711 npm info ok 
#44 DONE 2.9s

#45 [42/78] RUN npm --global --loglevel info install body-parser
#45 2.435 npm info using npm@9.6.4
#45 2.446 npm info using node@v20.1.0
#45 2.843 npm http fetch GET 200 https://registry.npmjs.org/body-parser 278ms (cache revalidated)
#45 3.063 npm http fetch GET 200 https://registry.npmjs.org/debug 183ms (cache hit)
#45 3.072 npm http fetch GET 200 https://registry.npmjs.org/iconv-lite 186ms (cache hit)
#45 3.082 npm http fetch GET 200 https://registry.npmjs.org/qs 192ms (cache hit)
#45 3.103 npm http fetch GET 200 https://registry.npmjs.org/bytes 230ms (cache revalidated)
#45 3.165 npm http fetch GET 200 https://registry.npmjs.org/unpipe 267ms (cache revalidated)
#45 3.174 npm http fetch GET 200 https://registry.npmjs.org/raw-body 281ms (cache revalidated)
#45 3.181 npm http fetch GET 200 https://registry.npmjs.org/depd 299ms (cache revalidated)
#45 3.189 npm http fetch GET 200 https://registry.npmjs.org/on-finished 301ms (cache revalidated)
#45 3.203 npm http fetch GET 200 https://registry.npmjs.org/destroy 319ms (cache revalidated)
#45 3.216 npm http fetch GET 200 https://registry.npmjs.org/content-type 340ms (cache revalidated)
#45 3.229 npm http fetch GET 200 https://registry.npmjs.org/http-errors 344ms (cache revalidated)
#45 3.240 npm http fetch GET 200 https://registry.npmjs.org/type-is 345ms (cache revalidated)
#45 3.442 npm http fetch GET 200 https://registry.npmjs.org/ms 120ms (cache hit)
#45 3.450 npm http fetch GET 200 https://registry.npmjs.org/safer-buffer 106ms (cache hit)
#45 3.457 npm http fetch GET 200 https://registry.npmjs.org/inherits 124ms (cache hit)
#45 3.463 npm http fetch GET 200 https://registry.npmjs.org/mime-types 96ms (cache hit)
#45 3.500 npm http fetch GET 200 https://registry.npmjs.org/ee-first 154ms (cache revalidated)
#45 3.507 npm http fetch GET 200 https://registry.npmjs.org/setprototypeof 173ms (cache revalidated)
#45 3.513 npm http fetch GET 200 https://registry.npmjs.org/toidentifier 171ms (cache revalidated)
#45 3.521 npm http fetch GET 200 https://registry.npmjs.org/statuses 181ms (cache revalidated)
#45 3.527 npm http fetch GET 200 https://registry.npmjs.org/side-channel 171ms (cache revalidated)
#45 3.537 npm http fetch GET 200 https://registry.npmjs.org/media-typer 173ms (cache revalidated)
#45 3.629 npm http fetch GET 200 https://registry.npmjs.org/call-bind 38ms (cache hit)
#45 3.636 npm http fetch GET 200 https://registry.npmjs.org/get-intrinsic 32ms (cache hit)
#45 3.662 npm http fetch GET 200 https://registry.npmjs.org/object-inspect 55ms (cache revalidated)
#45 3.739 npm http fetch GET 200 https://registry.npmjs.org/function-bind 45ms (cache hit)
#45 3.747 npm http fetch GET 200 https://registry.npmjs.org/has 46ms (cache hit)
#45 3.752 npm http fetch GET 200 https://registry.npmjs.org/has-proto 50ms (cache hit)
#45 3.758 npm http fetch GET 200 https://registry.npmjs.org/has-symbols 50ms (cache hit)
#45 3.888 npm http fetch GET 200 https://registry.npmjs.org/mime-db 84ms (cache hit)
#45 4.656 npm http fetch GET 200 https://registry.npmjs.org/body-parser/-/body-parser-1.20.2.tgz 613ms (cache miss)
#45 4.708 
#45 4.708 added 31 packages in 2s
#45 4.709 
#45 4.711 7 packages are looking for funding
#45 4.712   run `npm fund` for details
#45 4.717 npm info ok 
#45 DONE 4.9s

#46 [43/78] RUN npm --global --loglevel info install angular.js
#46 2.469 npm info using npm@9.6.4
#46 2.480 npm info using node@v20.1.0
#46 3.954 npm http fetch GET 404 https://registry.npmjs.org/angular.js 1356ms (cache skip)
#46 5.128 npm http fetch GET 404 https://registry.npmjs.org/angular.js 1157ms (cache skip)
#46 5.150 npm ERR! code E404
#46 5.161 npm ERR! 404 Not Found - GET https://registry.npmjs.org/angular.js - Not found
#46 5.168 npm ERR! 404 
#46 5.168 npm ERR! 404  'angular.js@*' is not in this registry.
#46 5.168 npm ERR! 404 
#46 5.168 npm ERR! 404 Note that you can also install from a
#46 5.168 npm ERR! 404 tarball, folder, http url, or git url.
#46 5.172 
#46 5.174 npm ERR! A complete log of this run can be found in: /root/.npm/_logs/2023-05-28T06_30_36_496Z-debug-0.log
#46 ERROR: process "/bin/sh -c npm --global --loglevel info install angular.js" did not complete successfully: exit code: 1
------
 > [43/78] RUN npm --global --loglevel info install angular.js:
#46 5.128 npm http fetch GET 404 https://registry.npmjs.org/angular.js 1157ms (cache skip)
#46 5.150 npm ERR! code E404
#46 5.161 npm ERR! 404 Not Found - GET https://registry.npmjs.org/angular.js - Not found
#46 5.168 npm ERR! 404 
#46 5.168 npm ERR! 404  'angular.js@*' is not in this registry.
#46 5.168 npm ERR! 404 
#46 5.168 npm ERR! 404 Note that you can also install from a
#46 5.168 npm ERR! 404 tarball, folder, http url, or git url.
#46 5.172 
#46 5.174 npm ERR! A complete log of this run can be found in: /root/.npm/_logs/2023-05-28T06_30_36_496Z-debug-0.log
------
Dockerfile:46
--------------------
  44 |     RUN npm --global --loglevel info install debug
  45 |     RUN npm --global --loglevel info install body-parser
  46 | >>> RUN npm --global --loglevel info install angular.js
  47 |     RUN npm --global --loglevel info install husky
  48 |     RUN npm --global --loglevel info install bunyan
--------------------
ERROR: failed to solve: process "/bin/sh -c npm --global --loglevel info install angular.js" did not complete successfully: exit code: 1
