#1 [internal] load .dockerignore
#1 transferring context: 2B 0.0s done
#1 DONE 0.0s

#2 [internal] load build definition from Dockerfile
#2 transferring dockerfile: 453B 0.0s done
#2 DONE 0.1s

#3 [internal] load metadata for docker.io/library/node:20.1.0-bullseye
#3 DONE 32.5s

#4 [1/4] FROM docker.io/library/node:20.1.0-bullseye@sha256:0efc3ef3fea2822c9d16da084c40181ed7f74b6f45141100580f9887ccc8e9a1
#4 DONE 0.0s

#5 [3/4] RUN apt-get update
#5 CACHED

#6 [2/4] WORKDIR /app
#6 CACHED

#7 [4/4] RUN apt-get install -y build-essential cmake git openssh-server gdb pkg-config valgrind systemd-coredump
#7 CACHED

#8 exporting to image
#8 exporting layers done
#8 writing image sha256:520fbe4956f762f320ef365b50d55a9ff78780d770ee8cb7f7e76feedb3ca8ef done
#8 naming to docker.io/library/base_os:0.0.1 done
#8 DONE 0.0s
#1 [internal] load .dockerignore
#1 transferring context: 2B 0.0s done
#1 DONE 0.1s

#2 [internal] load build definition from Dockerfile
#2 transferring dockerfile: 3.76kB 0.1s done
#2 DONE 0.2s

#3 [internal] load metadata for docker.io/library/base_os:0.0.1
#3 DONE 0.0s

#4 [ 1/77] FROM docker.io/library/base_os:0.0.1
#4 DONE 0.0s

#5 [25/77] RUN npm --global --loglevel info install puppeteer
#5 CACHED

#6 [36/77] RUN npm --global --loglevel info install marked
#6 CACHED

#7 [28/77] RUN npm --global --loglevel info install bower
#7 CACHED

#8 [39/77] RUN npm --global --loglevel info install moment
#8 CACHED

#9 [73/77] RUN npm --global --loglevel info install vue-router
#9 CACHED

#10 [38/77] RUN npm --global --loglevel info install jsdom
#10 CACHED

#11 [32/77] RUN npm --global --loglevel info install pug
#11 CACHED

#12 [52/77] RUN npm --global --loglevel info install moment
#12 CACHED

#13 [31/77] RUN npm --global --loglevel info install hapi
#13 CACHED

#14 [40/77] RUN npm --global --loglevel info install chalk
#14 CACHED

#15 [17/77] RUN npm --global --loglevel info install pm2
#15 CACHED

#16 [10/77] RUN npm --global --loglevel info install gulp
#16 CACHED

#17 [19/77] RUN npm --global --loglevel info install react
#17 CACHED

#18 [12/77] RUN npm --global --loglevel info install agenda
#18 CACHED

#19 [15/77] RUN npm --global --loglevel info install grunt-cli
#19 CACHED

#20 [55/77] RUN npm --global --loglevel info install mkdirp
#20 CACHED

#21 [69/77] RUN npm --global --loglevel info install fs
#21 CACHED

#22 [48/77] RUN npm --global --loglevel info install helmet
#22 CACHED

#23 [63/77] RUN npm --global --loglevel info install file-loader
#23 CACHED

#24 [54/77] RUN npm --global --loglevel info install tslib
#24 CACHED

#25 [72/77] RUN npm --global --loglevel info install vue
#25 CACHED

#26 [44/77] RUN npm --global --loglevel info install bunyan
#26 CACHED

#27 [45/77] RUN npm --global --loglevel info install debug
#27 CACHED

#28 [60/77] RUN npm --global --loglevel info install rxjs
#28 CACHED

#29 [ 8/77] RUN npm --global --loglevel info install restify
#29 CACHED

#30 [58/77] RUN npm --global --loglevel info install uuid
#30 CACHED

#31 [51/77] RUN npm --global --loglevel info install fs-extra
#31 CACHED

#32 [23/77] RUN npm --global --loglevel info install winston
#32 CACHED

#33 [46/77] RUN npm --global --loglevel info install flat
#33 CACHED

#34 [74/77] RUN npm --global --loglevel info install chokidar
#34 CACHED

#35 [ 4/77] RUN npm --global --loglevel info install lodash
#35 CACHED

#36 [13/77] RUN npm --global --loglevel info install async
#36 CACHED

#37 [20/77] RUN npm --global --loglevel info install redux
#37 CACHED

#38 [61/77] RUN npm --global --loglevel info install redux
#38 CACHED

#39 [ 2/77] RUN npm set progress=true
#39 CACHED

#40 [27/77] RUN npm --global --loglevel info install browserify
#40 CACHED

#41 [14/77] RUN npm --global --loglevel info install axios
#41 CACHED

#42 [64/77] RUN npm --global --loglevel info install handlebars
#42 CACHED

#43 [16/77] RUN npm --global --loglevel info install grunt
#43 CACHED

#44 [50/77] RUN npm --global --loglevel info install react-dom
#44 CACHED

#45 [ 9/77] RUN npm --global --loglevel info install nodemailer
#45 CACHED

#46 [67/77] RUN npm --global --loglevel info install url-loader
#46 CACHED

#47 [53/77] RUN npm --global --loglevel info install vue
#47 CACHED

#48 [65/77] RUN npm --global --loglevel info install eslint-plugin-import
#48 CACHED

#49 [ 5/77] RUN npm --global --loglevel info install eslint
#49 CACHED

#50 [71/77] RUN npm --global --loglevel info install superagent
#50 CACHED

#51 [70/77] RUN npm --global --loglevel info install ejs
#51 CACHED

#52 [35/77] RUN npm --global --loglevel info install angular
#52 CACHED

#53 [34/77] RUN npm --global --loglevel info install webpack
#53 CACHED

#54 [42/77] RUN npm --global --loglevel info install body-parser
#54 CACHED

#55 [47/77] RUN npm --global --loglevel info install json5
#55 CACHED

#56 [56/77] RUN npm --global --loglevel info install glob
#56 CACHED

#57 [30/77] RUN npm --global --loglevel info install uglifyjs2
#57 CACHED

#58 [11/77] RUN npm --global --loglevel info install molecular
#58 CACHED

#59 [66/77] RUN npm --global --loglevel info install eslint-plugin-react
#59 CACHED

#60 [24/77] RUN npm --global --loglevel info install sharp
#60 CACHED

#61 [ 6/77] RUN npm --global --loglevel info install morgan
#61 CACHED

#62 [76/77] RUN npm --global --loglevel info install cookie-parser
#62 CACHED

#63 [ 3/77] RUN npm --global --loglevel info install express
#63 CACHED

#64 [57/77] RUN npm --global --loglevel info install yargs
#64 CACHED

#65 [33/77] RUN npm --global --loglevel info install sqlite
#65 CACHED

#66 [68/77] RUN npm --global --loglevel info install ws
#66 CACHED

#67 [59/77] RUN npm --global --loglevel info install totp
#67 CACHED

#68 [22/77] RUN npm --global --loglevel info install passport
#68 CACHED

#69 [21/77] RUN npm --global --loglevel info install dotenv
#69 CACHED

#70 [26/77] RUN npm --global --loglevel info install request
#70 CACHED

#71 [43/77] RUN npm --global --loglevel info install husky
#71 CACHED

#72 [ 7/77] RUN npm --global --loglevel info install nodemon
#72 CACHED

#73 [41/77] RUN npm --global --loglevel info install debug
#73 CACHED

#74 [37/77] RUN npm --global --loglevel info install graphicsmagick
#74 CACHED

#75 [75/77] RUN npm --global --loglevel info install mime
#75 CACHED

#76 [49/77] RUN npm --global --loglevel info install compression
#76 CACHED

#77 [18/77] RUN npm --global --loglevel info install socket.io
#77 CACHED

#78 [62/77] RUN npm --global --loglevel info install object-assign
#78 CACHED

#79 [29/77] RUN npm --global --loglevel info install underscore
#79 CACHED

#80 [77/77] RUN npm --global --loglevel info install speakeasy
#80 CACHED

#81 exporting to image
#81 exporting layers done
#81 writing image sha256:8ca7b37c4d39af5dd20644943b4acd3124874863a458e535c42e84061ae2f948 done
#81 naming to docker.io/library/base_node_js:0.0.1 0.0s done
#81 DONE 0.0s
#1 [internal] load .dockerignore
#1 transferring context: 2B done
#1 DONE 0.1s

#2 [internal] load build definition from Dockerfile
#2 transferring dockerfile: 272B 0.0s done
#2 DONE 0.1s

#3 [internal] load metadata for docker.io/library/base_node_js:0.0.1
#3 DONE 0.0s

#4 [1/4] FROM docker.io/library/base_node_js:0.0.1
#4 DONE 0.0s

#5 [2/4] RUN apt-get install -y --no-install-recommends     python3     python3-pip
#5 CACHED

#6 [3/4] RUN pip3 install nibabel pydicom matplotlib pillow
#6 CACHED

#7 [4/4] RUN pip3 install med2image
#7 CACHED

#8 exporting to image
#8 exporting layers done
#8 writing image sha256:adb47c7f32591db7c6761c44d0bf6d8f323ac87d6e16357cc988bbd8e83e3184 0.0s done
#8 naming to docker.io/library/base_python:0.0.1 0.0s done
#8 DONE 0.0s
#1 [internal] load .dockerignore
#1 transferring context: 2B done
#1 DONE 0.0s

#2 [internal] load build definition from Dockerfile
#2 transferring dockerfile: 1.29kB 0.1s done
#2 DONE 0.1s

#3 [internal] load metadata for docker.io/library/base_python:0.0.1
#3 DONE 0.0s

#4 [ 1/17] FROM docker.io/library/base_python:0.0.1
#4 DONE 0.0s

#5 [15/17] RUN npm --global --loglevel info install moment
#5 CACHED

#6 [ 7/17] RUN npm --global --loglevel info install totp-generator
#6 CACHED

#7 [ 5/17] RUN npm --global --loglevel info install express
#7 CACHED

#8 [ 3/17] RUN npm --global --loglevel info install sha256
#8 CACHED

#9 [13/17] RUN npm --global --loglevel info install pino
#9 CACHED

#10 [11/17] RUN npm --global --loglevel info install websocket
#10 CACHED

#11 [ 6/17] RUN npm --global --loglevel info install request
#11 CACHED

#12 [12/17] RUN npm --global --loglevel info install pine
#12 CACHED

#13 [ 4/17] RUN npm --global --loglevel info install eslint-config-standard-with-typescript  @typescript-eslint/eslint-plugin@^5.50.0 eslint@^8.0.1 eslint-plugin-import@^2.25.2 eslint-plugin-n@^15.0.0 eslint-plugin-promise@^6.0.0 typescript
#13 CACHED

#14 [ 2/17] RUN npm --global --loglevel info install crypto
#14 CACHED

#15 [ 8/17] RUN npm --global --loglevel info install zombie
#15 CACHED

#16 [14/17] RUN npm --global --loglevel info install pino-pretty
#16 CACHED

#17 [16/17] RUN pip3 install asyncio
#17 CACHED

#18 [10/17] RUN apt-get install -y libnss3 libnspr4 libatk1.0-0 libatk-bridge2.0-0 libcups2 libdrm2 libxkbcommon0 libxcomposite1 libxdamage1 libxfixes3 libxrandr2 libgbm1 libasound2
#18 CACHED

#19 [ 9/17] RUN npm --global --loglevel info install puppeteer
#19 CACHED

#20 [17/17] RUN pip3 install telegram
#20 CACHED

#21 exporting to image
#21 exporting layers done
#21 writing image sha256:92a90fb096f12e3b7427e083e5fb79586269c6d555cb945b5de7cebeeec7ff15 0.0s done
#21 naming to docker.io/library/flat_trade_token_generator:0.0.1 0.0s done
#21 DONE 0.0s
