#1 [internal] load build definition from Dockerfile
#1 transferring dockerfile: 453B done
#1 DONE 0.1s

#2 [internal] load .dockerignore
#2 transferring context: 2B done
#2 DONE 0.1s

#3 [internal] load metadata for docker.io/library/node:20.1.0-bullseye
#3 DONE 1.5s

#4 [1/4] FROM docker.io/library/node:20.1.0-bullseye@sha256:0efc3ef3fea2822c9d16da084c40181ed7f74b6f45141100580f9887ccc8e9a1
#4 DONE 0.0s

#5 [2/4] WORKDIR /app
#5 CACHED

#6 [3/4] RUN apt-get update
#6 CACHED

#7 [4/4] RUN apt-get install -y build-essential cmake git openssh-server gdb pkg-config valgrind systemd-coredump
#7 CACHED

#8 exporting to image
#8 exporting layers done
#8 writing image sha256:520fbe4956f762f320ef365b50d55a9ff78780d770ee8cb7f7e76feedb3ca8ef done
#8 naming to docker.io/library/base_os:0.0.1 done
#8 DONE 0.0s
#1 [internal] load build definition from Dockerfile
#1 transferring dockerfile: 3.76kB 0.0s done
#1 DONE 0.1s

#2 [internal] load .dockerignore
#2 transferring context: 2B done
#2 DONE 0.1s

#3 [internal] load metadata for docker.io/library/base_os:0.0.1
#3 DONE 0.0s

#4 [ 1/77] FROM docker.io/library/base_os:0.0.1
#4 DONE 0.0s

#5 [30/77] RUN npm --global --loglevel info install uglifyjs2
#5 CACHED

#6 [51/77] RUN npm --global --loglevel info install fs-extra
#6 CACHED

#7 [61/77] RUN npm --global --loglevel info install redux
#7 CACHED

#8 [14/77] RUN npm --global --loglevel info install axios
#8 CACHED

#9 [20/77] RUN npm --global --loglevel info install redux
#9 CACHED

#10 [76/77] RUN npm --global --loglevel info install cookie-parser
#10 CACHED

#11 [49/77] RUN npm --global --loglevel info install compression
#11 CACHED

#12 [64/77] RUN npm --global --loglevel info install handlebars
#12 CACHED

#13 [74/77] RUN npm --global --loglevel info install chokidar
#13 CACHED

#14 [ 3/77] RUN npm --global --loglevel info install express
#14 CACHED

#15 [29/77] RUN npm --global --loglevel info install underscore
#15 CACHED

#16 [50/77] RUN npm --global --loglevel info install react-dom
#16 CACHED

#17 [66/77] RUN npm --global --loglevel info install eslint-plugin-react
#17 CACHED

#18 [70/77] RUN npm --global --loglevel info install ejs
#18 CACHED

#19 [10/77] RUN npm --global --loglevel info install gulp
#19 CACHED

#20 [44/77] RUN npm --global --loglevel info install bunyan
#20 CACHED

#21 [17/77] RUN npm --global --loglevel info install pm2
#21 CACHED

#22 [60/77] RUN npm --global --loglevel info install rxjs
#22 CACHED

#23 [36/77] RUN npm --global --loglevel info install marked
#23 CACHED

#24 [ 5/77] RUN npm --global --loglevel info install eslint
#24 CACHED

#25 [63/77] RUN npm --global --loglevel info install file-loader
#25 CACHED

#26 [69/77] RUN npm --global --loglevel info install fs
#26 CACHED

#27 [ 4/77] RUN npm --global --loglevel info install lodash
#27 CACHED

#28 [22/77] RUN npm --global --loglevel info install passport
#28 CACHED

#29 [52/77] RUN npm --global --loglevel info install moment
#29 CACHED

#30 [59/77] RUN npm --global --loglevel info install totp
#30 CACHED

#31 [39/77] RUN npm --global --loglevel info install moment
#31 CACHED

#32 [ 6/77] RUN npm --global --loglevel info install morgan
#32 CACHED

#33 [31/77] RUN npm --global --loglevel info install hapi
#33 CACHED

#34 [40/77] RUN npm --global --loglevel info install chalk
#34 CACHED

#35 [15/77] RUN npm --global --loglevel info install grunt-cli
#35 CACHED

#36 [13/77] RUN npm --global --loglevel info install async
#36 CACHED

#37 [62/77] RUN npm --global --loglevel info install object-assign
#37 CACHED

#38 [35/77] RUN npm --global --loglevel info install angular
#38 CACHED

#39 [ 2/77] RUN npm set progress=true
#39 CACHED

#40 [48/77] RUN npm --global --loglevel info install helmet
#40 CACHED

#41 [58/77] RUN npm --global --loglevel info install uuid
#41 CACHED

#42 [57/77] RUN npm --global --loglevel info install yargs
#42 CACHED

#43 [38/77] RUN npm --global --loglevel info install jsdom
#43 CACHED

#44 [75/77] RUN npm --global --loglevel info install mime
#44 CACHED

#45 [43/77] RUN npm --global --loglevel info install husky
#45 CACHED

#46 [ 9/77] RUN npm --global --loglevel info install nodemailer
#46 CACHED

#47 [ 8/77] RUN npm --global --loglevel info install restify
#47 CACHED

#48 [33/77] RUN npm --global --loglevel info install sqlite
#48 CACHED

#49 [42/77] RUN npm --global --loglevel info install body-parser
#49 CACHED

#50 [55/77] RUN npm --global --loglevel info install mkdirp
#50 CACHED

#51 [27/77] RUN npm --global --loglevel info install browserify
#51 CACHED

#52 [56/77] RUN npm --global --loglevel info install glob
#52 CACHED

#53 [68/77] RUN npm --global --loglevel info install ws
#53 CACHED

#54 [71/77] RUN npm --global --loglevel info install superagent
#54 CACHED

#55 [19/77] RUN npm --global --loglevel info install react
#55 CACHED

#56 [11/77] RUN npm --global --loglevel info install molecular
#56 CACHED

#57 [46/77] RUN npm --global --loglevel info install flat
#57 CACHED

#58 [45/77] RUN npm --global --loglevel info install debug
#58 CACHED

#59 [18/77] RUN npm --global --loglevel info install socket.io
#59 CACHED

#60 [12/77] RUN npm --global --loglevel info install agenda
#60 CACHED

#61 [67/77] RUN npm --global --loglevel info install url-loader
#61 CACHED

#62 [34/77] RUN npm --global --loglevel info install webpack
#62 CACHED

#63 [26/77] RUN npm --global --loglevel info install request
#63 CACHED

#64 [54/77] RUN npm --global --loglevel info install tslib
#64 CACHED

#65 [ 7/77] RUN npm --global --loglevel info install nodemon
#65 CACHED

#66 [28/77] RUN npm --global --loglevel info install bower
#66 CACHED

#67 [53/77] RUN npm --global --loglevel info install vue
#67 CACHED

#68 [41/77] RUN npm --global --loglevel info install debug
#68 CACHED

#69 [47/77] RUN npm --global --loglevel info install json5
#69 CACHED

#70 [24/77] RUN npm --global --loglevel info install sharp
#70 CACHED

#71 [65/77] RUN npm --global --loglevel info install eslint-plugin-import
#71 CACHED

#72 [32/77] RUN npm --global --loglevel info install pug
#72 CACHED

#73 [16/77] RUN npm --global --loglevel info install grunt
#73 CACHED

#74 [72/77] RUN npm --global --loglevel info install vue
#74 CACHED

#75 [37/77] RUN npm --global --loglevel info install graphicsmagick
#75 CACHED

#76 [73/77] RUN npm --global --loglevel info install vue-router
#76 CACHED

#77 [25/77] RUN npm --global --loglevel info install puppeteer
#77 CACHED

#78 [23/77] RUN npm --global --loglevel info install winston
#78 CACHED

#79 [21/77] RUN npm --global --loglevel info install dotenv
#79 CACHED

#80 [77/77] RUN npm --global --loglevel info install speakeasy
#80 CACHED

#81 exporting to image
#81 exporting layers done
#81 writing image sha256:a6c4fcf35037e96300b0184839c1a510510133acac2092b5dc24318c22cee6ad 0.0s done
#81 naming to docker.io/library/base_node_js:0.0.1 done
#81 DONE 0.0s
#1 [internal] load .dockerignore
#1 transferring context: 2B done
#1 DONE 0.0s

#2 [internal] load build definition from Dockerfile
#2 transferring dockerfile: 84B 0.0s done
#2 DONE 0.1s
Dockerfile:2
--------------------
   1 |     
   2 | >>> FROM base_node_js:${base_node_js_latest_tag}
   3 |     
   4 |     
--------------------
ERROR: failed to solve: failed to parse stage name "base_node_js:": invalid reference format
