#1 [internal] load .dockerignore
#1 transferring context: 2B done
#1 DONE 0.0s

#2 [internal] load build definition from Dockerfile
#2 transferring dockerfile: 1.05kB 0.0s done
#2 DONE 0.1s

#3 [internal] load metadata for docker.io/library/base_python:0.0.1
#3 DONE 0.0s

#4 [ 1/12] FROM docker.io/library/base_python:0.0.1
#4 DONE 0.0s

#5 [ 8/12] RUN npm --global --loglevel info install zombie
#5 CACHED

#6 [ 7/12] RUN npm --global --loglevel info install totp-generator
#6 CACHED

#7 [ 4/12] RUN npm --global --loglevel info install eslint-config-standard-with-typescript  @typescript-eslint/eslint-plugin@^5.50.0 eslint@^8.0.1 eslint-plugin-import@^2.25.2 eslint-plugin-n@^15.0.0 eslint-plugin-promise@^6.0.0 typescript
#7 CACHED

#8 [10/12] RUN apt-get install -y libnss3 libnspr4 libatk1.0-0 libatk-bridge2.0-0 libcups2 libdrm2 libxkbcommon0 libxcomposite1 libxdamage1 libxfixes3 libxrandr2 libgbm1 libasound2
#8 CACHED

#9 [ 2/12] RUN npm --global --loglevel info install crypto
#9 CACHED

#10 [ 5/12] RUN npm --global --loglevel info install express
#10 CACHED

#11 [ 6/12] RUN npm --global --loglevel info install request
#11 CACHED

#12 [ 3/12] RUN npm --global --loglevel info install sha256
#12 CACHED

#13 [ 9/12] RUN npm --global --loglevel info install puppeteer
#13 CACHED

#14 [11/12] RUN npm --global --loglevel info install websocket
#14 CACHED

#15 [12/12] RUN npm --global --loglevel info install pine
#15 CACHED

#16 exporting to image
#16 exporting layers done
#16 writing image sha256:33076166a2b2490682b0d22459e27f2bebfc2a2541e5a2e6c4caca1be5cdd15e done
#16 naming to docker.io/library/flat_trade_token_generator:0.0.1
#16 naming to docker.io/library/flat_trade_token_generator:0.0.1 done
#16 DONE 0.0s
