#1 [internal] load .dockerignore
#1 transferring context: 2B done
#1 DONE 0.0s

#2 [internal] load build definition from Dockerfile
#2 transferring dockerfile: 453B 0.1s done
#2 DONE 0.1s

#3 [internal] load metadata for docker.io/library/node:20.1.0-bullseye
#3 DONE 0.8s

#4 [1/4] FROM docker.io/library/node:20.1.0-bullseye@sha256:0efc3ef3fea2822c9d16da084c40181ed7f74b6f45141100580f9887ccc8e9a1
#4 DONE 0.0s

#5 [2/4] WORKDIR /app
#5 CACHED

#6 [3/4] RUN apt-get update
#6 CACHED

#7 [4/4] RUN apt-get install -y build-essential cmake git openssh-server gdb pkg-config valgrind systemd-coredump
#7 CACHED

#8 exporting to image
#8 exporting layers done
#8 writing image sha256:520fbe4956f762f320ef365b50d55a9ff78780d770ee8cb7f7e76feedb3ca8ef done
#8 naming to docker.io/library/base_os:0.0.1 done
#8 DONE 0.0s
#1 [internal] load build definition from Dockerfile
#1 transferring dockerfile: 232B 0.0s done
#1 DONE 0.0s

#2 [internal] load .dockerignore
#2 transferring context: 2B done
#2 DONE 0.1s

#3 [internal] load metadata for docker.io/library/base_os:0.0.1
#3 DONE 0.0s

#4 [1/5] FROM docker.io/library/base_os:0.0.1
#4 DONE 0.0s

#5 [3/5] RUN npm --global --loglevel info install express
#5 CACHED

#6 [4/5] RUN npm --global --loglevel info install lodash
#6 CACHED

#7 [2/5] RUN npm set progress=true
#7 CACHED

#8 [5/5] RUN npm --global --loglevel info install eslint
#8 CACHED

#9 exporting to image
#9 exporting layers done
#9 writing image sha256:930aa782e0a5276c4d913497658204582eb3d6952038b12968b9954bf1d67fb7 0.0s done
#9 naming to docker.io/library/base_node_js:0.0.1 0.0s done
#9 DONE 0.0s
