#1 [internal] load build definition from Dockerfile
#1 transferring dockerfile: 453B done
#1 DONE 0.1s

#2 [internal] load .dockerignore
#2 transferring context: 2B done
#2 DONE 0.1s

#3 [internal] load metadata for docker.io/library/node:20.1.0-bullseye
#3 DONE 6.6s

#4 [1/4] FROM docker.io/library/node:20.1.0-bullseye@sha256:0efc3ef3fea2822c9d16da084c40181ed7f74b6f45141100580f9887ccc8e9a1
#4 DONE 0.0s

#5 [2/4] WORKDIR /app
#5 CACHED

#6 [3/4] RUN apt-get update
#6 CACHED

#7 [4/4] RUN apt-get install -y build-essential cmake git openssh-server gdb pkg-config valgrind systemd-coredump
#7 CACHED

#8 exporting to image
#8 exporting layers done
#8 writing image sha256:520fbe4956f762f320ef365b50d55a9ff78780d770ee8cb7f7e76feedb3ca8ef done
#8 naming to docker.io/library/base_os:0.0.1 0.0s done
#8 DONE 0.0s
#1 [internal] load build definition from Dockerfile
#1 transferring dockerfile: 3.76kB 0.0s done
#1 DONE 0.1s

#2 [internal] load .dockerignore
#2 transferring context: 2B done
#2 DONE 0.1s

#3 [internal] load metadata for docker.io/library/base_os:0.0.1
#3 DONE 0.0s

#4 [ 1/77] FROM docker.io/library/base_os:0.0.1
#4 DONE 0.0s

#5 [22/77] RUN npm --global --loglevel info install passport
#5 CACHED

#6 [45/77] RUN npm --global --loglevel info install debug
#6 CACHED

#7 [51/77] RUN npm --global --loglevel info install fs-extra
#7 CACHED

#8 [16/77] RUN npm --global --loglevel info install grunt
#8 CACHED

#9 [73/77] RUN npm --global --loglevel info install vue-router
#9 CACHED

#10 [ 6/77] RUN npm --global --loglevel info install morgan
#10 CACHED

#11 [65/77] RUN npm --global --loglevel info install eslint-plugin-import
#11 CACHED

#12 [35/77] RUN npm --global --loglevel info install angular
#12 CACHED

#13 [66/77] RUN npm --global --loglevel info install eslint-plugin-react
#13 CACHED

#14 [17/77] RUN npm --global --loglevel info install pm2
#14 CACHED

#15 [23/77] RUN npm --global --loglevel info install winston
#15 CACHED

#16 [40/77] RUN npm --global --loglevel info install chalk
#16 CACHED

#17 [18/77] RUN npm --global --loglevel info install socket.io
#17 CACHED

#18 [25/77] RUN npm --global --loglevel info install puppeteer
#18 CACHED

#19 [49/77] RUN npm --global --loglevel info install compression
#19 CACHED

#20 [ 5/77] RUN npm --global --loglevel info install eslint
#20 CACHED

#21 [71/77] RUN npm --global --loglevel info install superagent
#21 CACHED

#22 [30/77] RUN npm --global --loglevel info install uglifyjs2
#22 CACHED

#23 [47/77] RUN npm --global --loglevel info install json5
#23 CACHED

#24 [68/77] RUN npm --global --loglevel info install ws
#24 CACHED

#25 [24/77] RUN npm --global --loglevel info install sharp
#25 CACHED

#26 [55/77] RUN npm --global --loglevel info install mkdirp
#26 CACHED

#27 [56/77] RUN npm --global --loglevel info install glob
#27 CACHED

#28 [50/77] RUN npm --global --loglevel info install react-dom
#28 CACHED

#29 [58/77] RUN npm --global --loglevel info install uuid
#29 CACHED

#30 [64/77] RUN npm --global --loglevel info install handlebars
#30 CACHED

#31 [20/77] RUN npm --global --loglevel info install redux
#31 CACHED

#32 [19/77] RUN npm --global --loglevel info install react
#32 CACHED

#33 [74/77] RUN npm --global --loglevel info install chokidar
#33 CACHED

#34 [ 8/77] RUN npm --global --loglevel info install restify
#34 CACHED

#35 [70/77] RUN npm --global --loglevel info install ejs
#35 CACHED

#36 [10/77] RUN npm --global --loglevel info install gulp
#36 CACHED

#37 [32/77] RUN npm --global --loglevel info install pug
#37 CACHED

#38 [60/77] RUN npm --global --loglevel info install rxjs
#38 CACHED

#39 [41/77] RUN npm --global --loglevel info install debug
#39 CACHED

#40 [42/77] RUN npm --global --loglevel info install body-parser
#40 CACHED

#41 [38/77] RUN npm --global --loglevel info install jsdom
#41 CACHED

#42 [ 7/77] RUN npm --global --loglevel info install nodemon
#42 CACHED

#43 [36/77] RUN npm --global --loglevel info install marked
#43 CACHED

#44 [76/77] RUN npm --global --loglevel info install cookie-parser
#44 CACHED

#45 [33/77] RUN npm --global --loglevel info install sqlite
#45 CACHED

#46 [ 9/77] RUN npm --global --loglevel info install nodemailer
#46 CACHED

#47 [12/77] RUN npm --global --loglevel info install agenda
#47 CACHED

#48 [28/77] RUN npm --global --loglevel info install bower
#48 CACHED

#49 [15/77] RUN npm --global --loglevel info install grunt-cli
#49 CACHED

#50 [26/77] RUN npm --global --loglevel info install request
#50 CACHED

#51 [46/77] RUN npm --global --loglevel info install flat
#51 CACHED

#52 [69/77] RUN npm --global --loglevel info install fs
#52 CACHED

#53 [39/77] RUN npm --global --loglevel info install moment
#53 CACHED

#54 [52/77] RUN npm --global --loglevel info install moment
#54 CACHED

#55 [ 3/77] RUN npm --global --loglevel info install express
#55 CACHED

#56 [11/77] RUN npm --global --loglevel info install molecular
#56 CACHED

#57 [31/77] RUN npm --global --loglevel info install hapi
#57 CACHED

#58 [27/77] RUN npm --global --loglevel info install browserify
#58 CACHED

#59 [59/77] RUN npm --global --loglevel info install totp
#59 CACHED

#60 [34/77] RUN npm --global --loglevel info install webpack
#60 CACHED

#61 [54/77] RUN npm --global --loglevel info install tslib
#61 CACHED

#62 [53/77] RUN npm --global --loglevel info install vue
#62 CACHED

#63 [57/77] RUN npm --global --loglevel info install yargs
#63 CACHED

#64 [75/77] RUN npm --global --loglevel info install mime
#64 CACHED

#65 [14/77] RUN npm --global --loglevel info install axios
#65 CACHED

#66 [62/77] RUN npm --global --loglevel info install object-assign
#66 CACHED

#67 [37/77] RUN npm --global --loglevel info install graphicsmagick
#67 CACHED

#68 [43/77] RUN npm --global --loglevel info install husky
#68 CACHED

#69 [29/77] RUN npm --global --loglevel info install underscore
#69 CACHED

#70 [61/77] RUN npm --global --loglevel info install redux
#70 CACHED

#71 [67/77] RUN npm --global --loglevel info install url-loader
#71 CACHED

#72 [44/77] RUN npm --global --loglevel info install bunyan
#72 CACHED

#73 [ 4/77] RUN npm --global --loglevel info install lodash
#73 CACHED

#74 [72/77] RUN npm --global --loglevel info install vue
#74 CACHED

#75 [ 2/77] RUN npm set progress=true
#75 CACHED

#76 [21/77] RUN npm --global --loglevel info install dotenv
#76 CACHED

#77 [13/77] RUN npm --global --loglevel info install async
#77 CACHED

#78 [48/77] RUN npm --global --loglevel info install helmet
#78 CACHED

#79 [63/77] RUN npm --global --loglevel info install file-loader
#79 CACHED

#80 [77/77] RUN npm --global --loglevel info install speakeasy
#80 CACHED

#81 exporting to image
#81 exporting layers done
#81 writing image sha256:8ca7b37c4d39af5dd20644943b4acd3124874863a458e535c42e84061ae2f948 done
#81 naming to docker.io/library/base_node_js:0.0.1 done
#81 DONE 0.0s
#1 [internal] load .dockerignore
#1 transferring context: 2B done
#1 DONE 0.0s

#2 [internal] load build definition from Dockerfile
#2 transferring dockerfile: 193B 0.0s done
#2 DONE 0.1s

#3 [internal] load metadata for docker.io/library/base_node_js:0.0.1
#3 DONE 0.0s

#4 [1/3] FROM docker.io/library/base_node_js:0.0.1
#4 CACHED

#5 [2/3] RUN pip3 install nibabel pydicom matplotlib pillow
#5 1.412 /bin/sh: 1: pip3: not found
#5 ERROR: process "/bin/sh -c pip3 install nibabel pydicom matplotlib pillow" did not complete successfully: exit code: 127
------
 > [2/3] RUN pip3 install nibabel pydicom matplotlib pillow:
#5 1.412 /bin/sh: 1: pip3: not found
------
Dockerfile:5
--------------------
   3 |     
   4 |     
   5 | >>> RUN pip3 install nibabel pydicom matplotlib pillow
   6 |     RUN pip3 install med2image
   7 |     
--------------------
ERROR: failed to solve: process "/bin/sh -c pip3 install nibabel pydicom matplotlib pillow" did not complete successfully: exit code: 127
